<?xml version="1.0" encoding="UTF-8"?>
<testsuite xmlns:xsi="http://www.w3.org/2001/XMLSchema-instance" xsi:noNamespaceSchemaLocation="https://maven.apache.org/surefire/maven-surefire-plugin/xsd/surefire-test-report-3.0.xsd" version="3.0" name="TestSuite" time="77" tests="2" errors="0" skipped="0" failures="1">
  <properties>
    <property name="sun.desktop" value="windows"/>
    <property name="awt.toolkit" value="sun.awt.windows.WToolkit"/>
    <property name="java.specification.version" value="11"/>
    <property name="webdriver.chrome.driver" value="C:\Users\MY PC\.cache\selenium\chromedriver\win32\112.0.5615.49\chromedriver.exe"/>
    <property name="sun.cpu.isalist" value="amd64"/>
    <property name="sun.jnu.encoding" value="Cp1252"/>
    <property name="sun.awt.enableExtraMouseButtons" value="true"/>
    <property name="java.class.path" value="E:\IntelljWorkspaces\target\test-classes;E:\IntelljWorkspaces\target\classes;C:\Users\MY PC\.m2\repository\org\seleniumhq\selenium\selenium-java\3.141.59\selenium-java-3.141.59.jar;C:\Users\MY PC\.m2\repository\org\seleniumhq\selenium\selenium-api\3.141.59\selenium-api-3.141.59.jar;C:\Users\MY PC\.m2\repository\org\seleniumhq\selenium\selenium-chrome-driver\3.141.59\selenium-chrome-driver-3.141.59.jar;C:\Users\MY PC\.m2\repository\org\seleniumhq\selenium\selenium-edge-driver\3.141.59\selenium-edge-driver-3.141.59.jar;C:\Users\MY PC\.m2\repository\org\seleniumhq\selenium\selenium-firefox-driver\3.141.59\selenium-firefox-driver-3.141.59.jar;C:\Users\MY PC\.m2\repository\org\seleniumhq\selenium\selenium-ie-driver\3.141.59\selenium-ie-driver-3.141.59.jar;C:\Users\MY PC\.m2\repository\org\seleniumhq\selenium\selenium-opera-driver\3.141.59\selenium-opera-driver-3.141.59.jar;C:\Users\MY PC\.m2\repository\org\seleniumhq\selenium\selenium-remote-driver\3.141.59\selenium-remote-driver-3.141.59.jar;C:\Users\MY PC\.m2\repository\org\seleniumhq\selenium\selenium-safari-driver\3.141.59\selenium-safari-driver-3.141.59.jar;C:\Users\MY PC\.m2\repository\org\seleniumhq\selenium\selenium-support\3.141.59\selenium-support-3.141.59.jar;C:\Users\MY PC\.m2\repository\net\bytebuddy\byte-buddy\1.8.15\byte-buddy-1.8.15.jar;C:\Users\MY PC\.m2\repository\org\apache\commons\commons-exec\1.3\commons-exec-1.3.jar;C:\Users\MY PC\.m2\repository\com\google\guava\guava\25.0-jre\guava-25.0-jre.jar;C:\Users\MY PC\.m2\repository\com\google\code\findbugs\jsr305\1.3.9\jsr305-1.3.9.jar;C:\Users\MY PC\.m2\repository\org\checkerframework\checker-compat-qual\2.0.0\checker-compat-qual-2.0.0.jar;C:\Users\MY PC\.m2\repository\com\google\errorprone\error_prone_annotations\2.1.3\error_prone_annotations-2.1.3.jar;C:\Users\MY PC\.m2\repository\com\google\j2objc\j2objc-annotations\1.1\j2objc-annotations-1.1.jar;C:\Users\MY PC\.m2\repository\org\codehaus\mojo\animal-sniffer-annotations\1.14\animal-sniffer-annotations-1.14.jar;C:\Users\MY PC\.m2\repository\com\squareup\okhttp3\okhttp\3.11.0\okhttp-3.11.0.jar;C:\Users\MY PC\.m2\repository\com\squareup\okio\okio\1.14.0\okio-1.14.0.jar;C:\Users\MY PC\.m2\repository\org\testng\testng\7.4.0\testng-7.4.0.jar;C:\Users\MY PC\.m2\repository\com\beust\jcommander\1.78\jcommander-1.78.jar;C:\Users\MY PC\.m2\repository\org\webjars\jquery\3.5.1\jquery-3.5.1.jar;C:\Users\MY PC\.m2\repository\org\aspectj\aspectjweaver\1.9.7\aspectjweaver-1.9.7.jar;C:\Users\MY PC\.m2\repository\org\json\json\20210307\json-20210307.jar;C:\Users\MY PC\.m2\repository\io\github\bonigarcia\webdrivermanager\4.3.1\webdrivermanager-4.3.1.jar;C:\Users\MY PC\.m2\repository\commons-io\commons-io\2.8.0\commons-io-2.8.0.jar;C:\Users\MY PC\.m2\repository\com\google\code\gson\gson\2.8.6\gson-2.8.6.jar;C:\Users\MY PC\.m2\repository\org\apache\commons\commons-lang3\3.11\commons-lang3-3.11.jar;C:\Users\MY PC\.m2\repository\org\apache\httpcomponents\client5\httpclient5\5.0.3\httpclient5-5.0.3.jar;C:\Users\MY PC\.m2\repository\org\apache\httpcomponents\core5\httpcore5\5.0.2\httpcore5-5.0.2.jar;C:\Users\MY PC\.m2\repository\org\apache\httpcomponents\core5\httpcore5-h2\5.0.2\httpcore5-h2-5.0.2.jar;C:\Users\MY PC\.m2\repository\org\rauschig\jarchivelib\1.1.0\jarchivelib-1.1.0.jar;C:\Users\MY PC\.m2\repository\org\jsoup\jsoup\1.13.1\jsoup-1.13.1.jar;C:\Users\MY PC\.m2\repository\io\qameta\allure\allure-testng\2.13.9\allure-testng-2.13.9.jar;C:\Users\MY PC\.m2\repository\io\qameta\allure\allure-java-commons\2.13.9\allure-java-commons-2.13.9.jar;C:\Users\MY PC\.m2\repository\io\qameta\allure\allure-model\2.13.9\allure-model-2.13.9.jar;C:\Users\MY PC\.m2\repository\com\fasterxml\jackson\core\jackson-databind\2.12.2\jackson-databind-2.12.2.jar;C:\Users\MY PC\.m2\repository\com\fasterxml\jackson\core\jackson-annotations\2.12.2\jackson-annotations-2.12.2.jar;C:\Users\MY PC\.m2\repository\com\fasterxml\jackson\core\jackson-core\2.12.2\jackson-core-2.12.2.jar;C:\Users\MY PC\.m2\repository\org\apache\tika\tika-core\1.25\tika-core-1.25.jar;C:\Users\MY PC\.m2\repository\org\jooq\joor-java-8\0.9.13\joor-java-8-0.9.13.jar;C:\Users\MY PC\.m2\repository\io\qameta\allure\allure-test-filter\2.13.9\allure-test-filter-2.13.9.jar;C:\Users\MY PC\.m2\repository\com\aventstack\extentreports\5.0.8\extentreports-5.0.8.jar;C:\Users\MY PC\.m2\repository\io\reactivex\rxjava3\rxjava\3.0.4\rxjava-3.0.4.jar;C:\Users\MY PC\.m2\repository\org\reactivestreams\reactive-streams\1.0.3\reactive-streams-1.0.3.jar;C:\Users\MY PC\.m2\repository\org\freemarker\freemarker\2.3.30\freemarker-2.3.30.jar;C:\Users\MY PC\.m2\repository\org\projectlombok\lombok\1.18.12\lombok-1.18.12.jar;C:\Users\MY PC\.m2\repository\org\apache\poi\poi-ooxml\5.0.0\poi-ooxml-5.0.0.jar;C:\Users\MY PC\.m2\repository\org\apache\poi\poi-ooxml-lite\5.0.0\poi-ooxml-lite-5.0.0.jar;C:\Users\MY PC\.m2\repository\org\apache\xmlbeans\xmlbeans\4.0.0\xmlbeans-4.0.0.jar;C:\Users\MY PC\.m2\repository\org\apache\commons\commons-compress\1.20\commons-compress-1.20.jar;C:\Users\MY PC\.m2\repository\com\github\virtuald\curvesapi\1.06\curvesapi-1.06.jar;C:\Users\MY PC\.m2\repository\org\bouncycastle\bcpkix-jdk15on\1.68\bcpkix-jdk15on-1.68.jar;C:\Users\MY PC\.m2\repository\org\bouncycastle\bcprov-jdk15on\1.68\bcprov-jdk15on-1.68.jar;C:\Users\MY PC\.m2\repository\org\apache\santuario\xmlsec\2.2.1\xmlsec-2.2.1.jar;C:\Users\MY PC\.m2\repository\com\fasterxml\woodstox\woodstox-core\5.2.1\woodstox-core-5.2.1.jar;C:\Users\MY PC\.m2\repository\org\codehaus\woodstox\stax2-api\4.2\stax2-api-4.2.jar;C:\Users\MY PC\.m2\repository\jakarta\xml\bind\jakarta.xml.bind-api\2.3.2\jakarta.xml.bind-api-2.3.2.jar;C:\Users\MY PC\.m2\repository\jakarta\activation\jakarta.activation-api\1.2.1\jakarta.activation-api-1.2.1.jar;C:\Users\MY PC\.m2\repository\org\apache\xmlgraphics\batik-all\1.13\batik-all-1.13.jar;C:\Users\MY PC\.m2\repository\org\apache\xmlgraphics\batik-anim\1.13\batik-anim-1.13.jar;C:\Users\MY PC\.m2\repository\org\apache\xmlgraphics\batik-shared-resources\1.13\batik-shared-resources-1.13.jar;C:\Users\MY PC\.m2\repository\xml-apis\xml-apis-ext\1.3.04\xml-apis-ext-1.3.04.jar;C:\Users\MY PC\.m2\repository\org\apache\xmlgraphics\batik-awt-util\1.13\batik-awt-util-1.13.jar;C:\Users\MY PC\.m2\repository\org\apache\xmlgraphics\xmlgraphics-commons\2.4\xmlgraphics-commons-2.4.jar;C:\Users\MY PC\.m2\repository\org\apache\xmlgraphics\batik-bridge\1.13\batik-bridge-1.13.jar;C:\Users\MY PC\.m2\repository\org\apache\xmlgraphics\batik-codec\1.13\batik-codec-1.13.jar;C:\Users\MY PC\.m2\repository\org\apache\xmlgraphics\batik-constants\1.13\batik-constants-1.13.jar;C:\Users\MY PC\.m2\repository\org\apache\xmlgraphics\batik-css\1.13\batik-css-1.13.jar;C:\Users\MY PC\.m2\repository\org\apache\xmlgraphics\batik-dom\1.13\batik-dom-1.13.jar;C:\Users\MY PC\.m2\repository\xalan\xalan\2.7.2\xalan-2.7.2.jar;C:\Users\MY PC\.m2\repository\xalan\serializer\2.7.2\serializer-2.7.2.jar;C:\Users\MY PC\.m2\repository\xml-apis\xml-apis\1.4.01\xml-apis-1.4.01.jar;C:\Users\MY PC\.m2\repository\org\apache\xmlgraphics\batik-ext\1.13\batik-ext-1.13.jar;C:\Users\MY PC\.m2\repository\org\apache\xmlgraphics\batik-extension\1.13\batik-extension-1.13.jar;C:\Users\MY PC\.m2\repository\org\apache\xmlgraphics\batik-gui-util\1.13\batik-gui-util-1.13.jar;C:\Users\MY PC\.m2\repository\org\apache\xmlgraphics\batik-gvt\1.13\batik-gvt-1.13.jar;C:\Users\MY PC\.m2\repository\org\apache\xmlgraphics\batik-i18n\1.13\batik-i18n-1.13.jar;C:\Users\MY PC\.m2\repository\org\apache\xmlgraphics\batik-parser\1.13\batik-parser-1.13.jar;C:\Users\MY PC\.m2\repository\org\apache\xmlgraphics\batik-rasterizer-ext\1.13\batik-rasterizer-ext-1.13.jar;C:\Users\MY PC\.m2\repository\org\apache\xmlgraphics\batik-rasterizer\1.13\batik-rasterizer-1.13.jar;C:\Users\MY PC\.m2\repository\org\apache\xmlgraphics\batik-script\1.13\batik-script-1.13.jar;C:\Users\MY PC\.m2\repository\org\apache\xmlgraphics\batik-slideshow\1.13\batik-slideshow-1.13.jar;C:\Users\MY PC\.m2\repository\org\apache\xmlgraphics\batik-squiggle-ext\1.13\batik-squiggle-ext-1.13.jar;C:\Users\MY PC\.m2\repository\org\apache\xmlgraphics\batik-squiggle\1.13\batik-squiggle-1.13.jar;C:\Users\MY PC\.m2\repository\org\apache\xmlgraphics\batik-svg-dom\1.13\batik-svg-dom-1.13.jar;C:\Users\MY PC\.m2\repository\org\apache\xmlgraphics\batik-svgbrowser\1.13\batik-svgbrowser-1.13.jar;C:\Users\MY PC\.m2\repository\org\apache\xmlgraphics\batik-svggen\1.13\batik-svggen-1.13.jar;C:\Users\MY PC\.m2\repository\org\apache\xmlgraphics\batik-svgpp\1.13\batik-svgpp-1.13.jar;C:\Users\MY PC\.m2\repository\org\apache\xmlgraphics\batik-svgrasterizer\1.13\batik-svgrasterizer-1.13.jar;C:\Users\MY PC\.m2\repository\org\apache\xmlgraphics\batik-swing\1.13\batik-swing-1.13.jar;C:\Users\MY PC\.m2\repository\org\apache\xmlgraphics\batik-transcoder\1.13\batik-transcoder-1.13.jar;C:\Users\MY PC\.m2\repository\org\apache\xmlgraphics\batik-util\1.13\batik-util-1.13.jar;C:\Users\MY PC\.m2\repository\org\apache\xmlgraphics\batik-ttf2svg\1.13\batik-ttf2svg-1.13.jar;C:\Users\MY PC\.m2\repository\org\apache\xmlgraphics\batik-xml\1.13\batik-xml-1.13.jar;C:\Users\MY PC\.m2\repository\de\rototor\pdfbox\graphics2d\0.30\graphics2d-0.30.jar;C:\Users\MY PC\.m2\repository\org\apache\pdfbox\pdfbox\2.0.22\pdfbox-2.0.22.jar;C:\Users\MY PC\.m2\repository\org\apache\pdfbox\fontbox\2.0.22\fontbox-2.0.22.jar;C:\Users\MY PC\.m2\repository\org\apache\poi\poi\5.0.0\poi-5.0.0.jar;C:\Users\MY PC\.m2\repository\org\slf4j\jcl-over-slf4j\1.7.30\jcl-over-slf4j-1.7.30.jar;C:\Users\MY PC\.m2\repository\commons-codec\commons-codec\1.15\commons-codec-1.15.jar;C:\Users\MY PC\.m2\repository\org\apache\commons\commons-collections4\4.4\commons-collections4-4.4.jar;C:\Users\MY PC\.m2\repository\org\apache\commons\commons-math3\3.6.1\commons-math3-3.6.1.jar;C:\Users\MY PC\.m2\repository\com\zaxxer\SparseBitSet\1.2\SparseBitSet-1.2.jar;C:\Users\MY PC\.m2\repository\org\assertj\assertj-core\3.24.2\assertj-core-3.24.2.jar;C:\Users\MY PC\.m2\repository\ru\yandex\qatools\ashot\ashot\1.5.4\ashot-1.5.4.jar;C:\Users\MY PC\.m2\repository\org\hamcrest\hamcrest-core\1.3\hamcrest-core-1.3.jar;C:\Users\MY PC\.m2\repository\mysql\mysql-connector-java\8.0.23\mysql-connector-java-8.0.23.jar;C:\Users\MY PC\.m2\repository\com\google\protobuf\protobuf-java\3.11.4\protobuf-java-3.11.4.jar;C:\Users\MY PC\.m2\repository\com\googlecode\json-simple\json-simple\1.1.1\json-simple-1.1.1.jar;C:\Users\MY PC\.m2\repository\junit\junit\4.10\junit-4.10.jar;C:\Users\MY PC\.m2\repository\org\slf4j\slf4j-api\1.7.32\slf4j-api-1.7.32.jar;C:\Users\MY PC\.m2\repository\log4j\log4j\1.2.17\log4j-1.2.17.jar;C:\Users\MY PC\.m2\repository\org\jetbrains\annotations\21.0.1\annotations-21.0.1.jar;"/>
    <property name="java.vm.vendor" value="Oracle Corporation"/>
    <property name="sun.arch.data.model" value="64"/>
    <property name="user.variant" value=""/>
    <property name="java.vendor.url" value="https://openjdk.java.net/"/>
    <property name="user.timezone" value="Asia/Calcutta"/>
    <property name="java.vm.specification.version" value="11"/>
    <property name="os.name" value="Windows 10"/>
    <property name="sun.java.launcher" value="SUN_STANDARD"/>
    <property name="user.country" value="IN"/>
    <property name="sun.boot.library.path" value="C:\Program Files\Java\jdk-11.0.17\bin"/>
    <property name="sun.java.command" value="C:\Users\MY PC\AppData\Local\Temp\surefire14486739560630805498\surefirebooter-20230416001147421_3.jar C:\Users\MY PC\AppData\Local\Temp\surefire14486739560630805498 2023-04-16T00-11-46_927-jvmRun1 surefire-20230416001147421_1tmp surefire_0-20230416001147421_2tmp"/>
    <property name="jdk.debug" value="release"/>
    <property name="surefire.test.class.path" value="E:\IntelljWorkspaces\target\test-classes;E:\IntelljWorkspaces\target\classes;C:\Users\MY PC\.m2\repository\org\seleniumhq\selenium\selenium-java\3.141.59\selenium-java-3.141.59.jar;C:\Users\MY PC\.m2\repository\org\seleniumhq\selenium\selenium-api\3.141.59\selenium-api-3.141.59.jar;C:\Users\MY PC\.m2\repository\org\seleniumhq\selenium\selenium-chrome-driver\3.141.59\selenium-chrome-driver-3.141.59.jar;C:\Users\MY PC\.m2\repository\org\seleniumhq\selenium\selenium-edge-driver\3.141.59\selenium-edge-driver-3.141.59.jar;C:\Users\MY PC\.m2\repository\org\seleniumhq\selenium\selenium-firefox-driver\3.141.59\selenium-firefox-driver-3.141.59.jar;C:\Users\MY PC\.m2\repository\org\seleniumhq\selenium\selenium-ie-driver\3.141.59\selenium-ie-driver-3.141.59.jar;C:\Users\MY PC\.m2\repository\org\seleniumhq\selenium\selenium-opera-driver\3.141.59\selenium-opera-driver-3.141.59.jar;C:\Users\MY PC\.m2\repository\org\seleniumhq\selenium\selenium-remote-driver\3.141.59\selenium-remote-driver-3.141.59.jar;C:\Users\MY PC\.m2\repository\org\seleniumhq\selenium\selenium-safari-driver\3.141.59\selenium-safari-driver-3.141.59.jar;C:\Users\MY PC\.m2\repository\org\seleniumhq\selenium\selenium-support\3.141.59\selenium-support-3.141.59.jar;C:\Users\MY PC\.m2\repository\net\bytebuddy\byte-buddy\1.8.15\byte-buddy-1.8.15.jar;C:\Users\MY PC\.m2\repository\org\apache\commons\commons-exec\1.3\commons-exec-1.3.jar;C:\Users\MY PC\.m2\repository\com\google\guava\guava\25.0-jre\guava-25.0-jre.jar;C:\Users\MY PC\.m2\repository\com\google\code\findbugs\jsr305\1.3.9\jsr305-1.3.9.jar;C:\Users\MY PC\.m2\repository\org\checkerframework\checker-compat-qual\2.0.0\checker-compat-qual-2.0.0.jar;C:\Users\MY PC\.m2\repository\com\google\errorprone\error_prone_annotations\2.1.3\error_prone_annotations-2.1.3.jar;C:\Users\MY PC\.m2\repository\com\google\j2objc\j2objc-annotations\1.1\j2objc-annotations-1.1.jar;C:\Users\MY PC\.m2\repository\org\codehaus\mojo\animal-sniffer-annotations\1.14\animal-sniffer-annotations-1.14.jar;C:\Users\MY PC\.m2\repository\com\squareup\okhttp3\okhttp\3.11.0\okhttp-3.11.0.jar;C:\Users\MY PC\.m2\repository\com\squareup\okio\okio\1.14.0\okio-1.14.0.jar;C:\Users\MY PC\.m2\repository\org\testng\testng\7.4.0\testng-7.4.0.jar;C:\Users\MY PC\.m2\repository\com\beust\jcommander\1.78\jcommander-1.78.jar;C:\Users\MY PC\.m2\repository\org\webjars\jquery\3.5.1\jquery-3.5.1.jar;C:\Users\MY PC\.m2\repository\org\aspectj\aspectjweaver\1.9.7\aspectjweaver-1.9.7.jar;C:\Users\MY PC\.m2\repository\org\json\json\20210307\json-20210307.jar;C:\Users\MY PC\.m2\repository\io\github\bonigarcia\webdrivermanager\4.3.1\webdrivermanager-4.3.1.jar;C:\Users\MY PC\.m2\repository\commons-io\commons-io\2.8.0\commons-io-2.8.0.jar;C:\Users\MY PC\.m2\repository\com\google\code\gson\gson\2.8.6\gson-2.8.6.jar;C:\Users\MY PC\.m2\repository\org\apache\commons\commons-lang3\3.11\commons-lang3-3.11.jar;C:\Users\MY PC\.m2\repository\org\apache\httpcomponents\client5\httpclient5\5.0.3\httpclient5-5.0.3.jar;C:\Users\MY PC\.m2\repository\org\apache\httpcomponents\core5\httpcore5\5.0.2\httpcore5-5.0.2.jar;C:\Users\MY PC\.m2\repository\org\apache\httpcomponents\core5\httpcore5-h2\5.0.2\httpcore5-h2-5.0.2.jar;C:\Users\MY PC\.m2\repository\org\rauschig\jarchivelib\1.1.0\jarchivelib-1.1.0.jar;C:\Users\MY PC\.m2\repository\org\jsoup\jsoup\1.13.1\jsoup-1.13.1.jar;C:\Users\MY PC\.m2\repository\io\qameta\allure\allure-testng\2.13.9\allure-testng-2.13.9.jar;C:\Users\MY PC\.m2\repository\io\qameta\allure\allure-java-commons\2.13.9\allure-java-commons-2.13.9.jar;C:\Users\MY PC\.m2\repository\io\qameta\allure\allure-model\2.13.9\allure-model-2.13.9.jar;C:\Users\MY PC\.m2\repository\com\fasterxml\jackson\core\jackson-databind\2.12.2\jackson-databind-2.12.2.jar;C:\Users\MY PC\.m2\repository\com\fasterxml\jackson\core\jackson-annotations\2.12.2\jackson-annotations-2.12.2.jar;C:\Users\MY PC\.m2\repository\com\fasterxml\jackson\core\jackson-core\2.12.2\jackson-core-2.12.2.jar;C:\Users\MY PC\.m2\repository\org\apache\tika\tika-core\1.25\tika-core-1.25.jar;C:\Users\MY PC\.m2\repository\org\jooq\joor-java-8\0.9.13\joor-java-8-0.9.13.jar;C:\Users\MY PC\.m2\repository\io\qameta\allure\allure-test-filter\2.13.9\allure-test-filter-2.13.9.jar;C:\Users\MY PC\.m2\repository\com\aventstack\extentreports\5.0.8\extentreports-5.0.8.jar;C:\Users\MY PC\.m2\repository\io\reactivex\rxjava3\rxjava\3.0.4\rxjava-3.0.4.jar;C:\Users\MY PC\.m2\repository\org\reactivestreams\reactive-streams\1.0.3\reactive-streams-1.0.3.jar;C:\Users\MY PC\.m2\repository\org\freemarker\freemarker\2.3.30\freemarker-2.3.30.jar;C:\Users\MY PC\.m2\repository\org\projectlombok\lombok\1.18.12\lombok-1.18.12.jar;C:\Users\MY PC\.m2\repository\org\apache\poi\poi-ooxml\5.0.0\poi-ooxml-5.0.0.jar;C:\Users\MY PC\.m2\repository\org\apache\poi\poi-ooxml-lite\5.0.0\poi-ooxml-lite-5.0.0.jar;C:\Users\MY PC\.m2\repository\org\apache\xmlbeans\xmlbeans\4.0.0\xmlbeans-4.0.0.jar;C:\Users\MY PC\.m2\repository\org\apache\commons\commons-compress\1.20\commons-compress-1.20.jar;C:\Users\MY PC\.m2\repository\com\github\virtuald\curvesapi\1.06\curvesapi-1.06.jar;C:\Users\MY PC\.m2\repository\org\bouncycastle\bcpkix-jdk15on\1.68\bcpkix-jdk15on-1.68.jar;C:\Users\MY PC\.m2\repository\org\bouncycastle\bcprov-jdk15on\1.68\bcprov-jdk15on-1.68.jar;C:\Users\MY PC\.m2\repository\org\apache\santuario\xmlsec\2.2.1\xmlsec-2.2.1.jar;C:\Users\MY PC\.m2\repository\com\fasterxml\woodstox\woodstox-core\5.2.1\woodstox-core-5.2.1.jar;C:\Users\MY PC\.m2\repository\org\codehaus\woodstox\stax2-api\4.2\stax2-api-4.2.jar;C:\Users\MY PC\.m2\repository\jakarta\xml\bind\jakarta.xml.bind-api\2.3.2\jakarta.xml.bind-api-2.3.2.jar;C:\Users\MY PC\.m2\repository\jakarta\activation\jakarta.activation-api\1.2.1\jakarta.activation-api-1.2.1.jar;C:\Users\MY PC\.m2\repository\org\apache\xmlgraphics\batik-all\1.13\batik-all-1.13.jar;C:\Users\MY PC\.m2\repository\org\apache\xmlgraphics\batik-anim\1.13\batik-anim-1.13.jar;C:\Users\MY PC\.m2\repository\org\apache\xmlgraphics\batik-shared-resources\1.13\batik-shared-resources-1.13.jar;C:\Users\MY PC\.m2\repository\xml-apis\xml-apis-ext\1.3.04\xml-apis-ext-1.3.04.jar;C:\Users\MY PC\.m2\repository\org\apache\xmlgraphics\batik-awt-util\1.13\batik-awt-util-1.13.jar;C:\Users\MY PC\.m2\repository\org\apache\xmlgraphics\xmlgraphics-commons\2.4\xmlgraphics-commons-2.4.jar;C:\Users\MY PC\.m2\repository\org\apache\xmlgraphics\batik-bridge\1.13\batik-bridge-1.13.jar;C:\Users\MY PC\.m2\repository\org\apache\xmlgraphics\batik-codec\1.13\batik-codec-1.13.jar;C:\Users\MY PC\.m2\repository\org\apache\xmlgraphics\batik-constants\1.13\batik-constants-1.13.jar;C:\Users\MY PC\.m2\repository\org\apache\xmlgraphics\batik-css\1.13\batik-css-1.13.jar;C:\Users\MY PC\.m2\repository\org\apache\xmlgraphics\batik-dom\1.13\batik-dom-1.13.jar;C:\Users\MY PC\.m2\repository\xalan\xalan\2.7.2\xalan-2.7.2.jar;C:\Users\MY PC\.m2\repository\xalan\serializer\2.7.2\serializer-2.7.2.jar;C:\Users\MY PC\.m2\repository\xml-apis\xml-apis\1.4.01\xml-apis-1.4.01.jar;C:\Users\MY PC\.m2\repository\org\apache\xmlgraphics\batik-ext\1.13\batik-ext-1.13.jar;C:\Users\MY PC\.m2\repository\org\apache\xmlgraphics\batik-extension\1.13\batik-extension-1.13.jar;C:\Users\MY PC\.m2\repository\org\apache\xmlgraphics\batik-gui-util\1.13\batik-gui-util-1.13.jar;C:\Users\MY PC\.m2\repository\org\apache\xmlgraphics\batik-gvt\1.13\batik-gvt-1.13.jar;C:\Users\MY PC\.m2\repository\org\apache\xmlgraphics\batik-i18n\1.13\batik-i18n-1.13.jar;C:\Users\MY PC\.m2\repository\org\apache\xmlgraphics\batik-parser\1.13\batik-parser-1.13.jar;C:\Users\MY PC\.m2\repository\org\apache\xmlgraphics\batik-rasterizer-ext\1.13\batik-rasterizer-ext-1.13.jar;C:\Users\MY PC\.m2\repository\org\apache\xmlgraphics\batik-rasterizer\1.13\batik-rasterizer-1.13.jar;C:\Users\MY PC\.m2\repository\org\apache\xmlgraphics\batik-script\1.13\batik-script-1.13.jar;C:\Users\MY PC\.m2\repository\org\apache\xmlgraphics\batik-slideshow\1.13\batik-slideshow-1.13.jar;C:\Users\MY PC\.m2\repository\org\apache\xmlgraphics\batik-squiggle-ext\1.13\batik-squiggle-ext-1.13.jar;C:\Users\MY PC\.m2\repository\org\apache\xmlgraphics\batik-squiggle\1.13\batik-squiggle-1.13.jar;C:\Users\MY PC\.m2\repository\org\apache\xmlgraphics\batik-svg-dom\1.13\batik-svg-dom-1.13.jar;C:\Users\MY PC\.m2\repository\org\apache\xmlgraphics\batik-svgbrowser\1.13\batik-svgbrowser-1.13.jar;C:\Users\MY PC\.m2\repository\org\apache\xmlgraphics\batik-svggen\1.13\batik-svggen-1.13.jar;C:\Users\MY PC\.m2\repository\org\apache\xmlgraphics\batik-svgpp\1.13\batik-svgpp-1.13.jar;C:\Users\MY PC\.m2\repository\org\apache\xmlgraphics\batik-svgrasterizer\1.13\batik-svgrasterizer-1.13.jar;C:\Users\MY PC\.m2\repository\org\apache\xmlgraphics\batik-swing\1.13\batik-swing-1.13.jar;C:\Users\MY PC\.m2\repository\org\apache\xmlgraphics\batik-transcoder\1.13\batik-transcoder-1.13.jar;C:\Users\MY PC\.m2\repository\org\apache\xmlgraphics\batik-util\1.13\batik-util-1.13.jar;C:\Users\MY PC\.m2\repository\org\apache\xmlgraphics\batik-ttf2svg\1.13\batik-ttf2svg-1.13.jar;C:\Users\MY PC\.m2\repository\org\apache\xmlgraphics\batik-xml\1.13\batik-xml-1.13.jar;C:\Users\MY PC\.m2\repository\de\rototor\pdfbox\graphics2d\0.30\graphics2d-0.30.jar;C:\Users\MY PC\.m2\repository\org\apache\pdfbox\pdfbox\2.0.22\pdfbox-2.0.22.jar;C:\Users\MY PC\.m2\repository\org\apache\pdfbox\fontbox\2.0.22\fontbox-2.0.22.jar;C:\Users\MY PC\.m2\repository\org\apache\poi\poi\5.0.0\poi-5.0.0.jar;C:\Users\MY PC\.m2\repository\org\slf4j\jcl-over-slf4j\1.7.30\jcl-over-slf4j-1.7.30.jar;C:\Users\MY PC\.m2\repository\commons-codec\commons-codec\1.15\commons-codec-1.15.jar;C:\Users\MY PC\.m2\repository\org\apache\commons\commons-collections4\4.4\commons-collections4-4.4.jar;C:\Users\MY PC\.m2\repository\org\apache\commons\commons-math3\3.6.1\commons-math3-3.6.1.jar;C:\Users\MY PC\.m2\repository\com\zaxxer\SparseBitSet\1.2\SparseBitSet-1.2.jar;C:\Users\MY PC\.m2\repository\org\assertj\assertj-core\3.24.2\assertj-core-3.24.2.jar;C:\Users\MY PC\.m2\repository\ru\yandex\qatools\ashot\ashot\1.5.4\ashot-1.5.4.jar;C:\Users\MY PC\.m2\repository\org\hamcrest\hamcrest-core\1.3\hamcrest-core-1.3.jar;C:\Users\MY PC\.m2\repository\mysql\mysql-connector-java\8.0.23\mysql-connector-java-8.0.23.jar;C:\Users\MY PC\.m2\repository\com\google\protobuf\protobuf-java\3.11.4\protobuf-java-3.11.4.jar;C:\Users\MY PC\.m2\repository\com\googlecode\json-simple\json-simple\1.1.1\json-simple-1.1.1.jar;C:\Users\MY PC\.m2\repository\junit\junit\4.10\junit-4.10.jar;C:\Users\MY PC\.m2\repository\org\slf4j\slf4j-api\1.7.32\slf4j-api-1.7.32.jar;C:\Users\MY PC\.m2\repository\log4j\log4j\1.2.17\log4j-1.2.17.jar;C:\Users\MY PC\.m2\repository\org\jetbrains\annotations\21.0.1\annotations-21.0.1.jar;"/>
    <property name="sun.cpu.endian" value="little"/>
    <property name="user.home" value="C:\Users\MY PC"/>
    <property name="user.language" value="en"/>
    <property name="java.specification.vendor" value="Oracle Corporation"/>
    <property name="java.version.date" value="2022-10-18"/>
    <property name="java.home" value="C:\Program Files\Java\jdk-11.0.17"/>
    <property name="file.separator" value="\"/>
    <property name="basedir" value="E:\IntelljWorkspaces"/>
    <property name="java.vm.compressedOopsMode" value="32-bit"/>
    <property name="line.separator" value="&#10;"/>
    <property name="java.specification.name" value="Java Platform API Specification"/>
    <property name="java.vm.specification.vendor" value="Oracle Corporation"/>
    <property name="java.awt.graphicsenv" value="sun.awt.Win32GraphicsEnvironment"/>
    <property name="surefire.real.class.path" value="C:\Users\MY PC\AppData\Local\Temp\surefire14486739560630805498\surefirebooter-20230416001147421_3.jar"/>
    <property name="user.script" value=""/>
    <property name="sun.management.compiler" value="HotSpot 64-Bit Tiered Compilers"/>
    <property name="java.runtime.version" value="11.0.17+10-LTS-269"/>
    <property name="user.name" value="MY PC"/>
    <property name="path.separator" value=";"/>
    <property name="os.version" value="10.0"/>
    <property name="java.runtime.name" value="Java(TM) SE Runtime Environment"/>
    <property name="file.encoding" value="Cp1252"/>
    <property name="java.vm.name" value="Java HotSpot(TM) 64-Bit Server VM"/>
    <property name="java.vendor.version" value="18.9"/>
    <property name="localRepository" value="C:\Users\MY PC\.m2\repository"/>
    <property name="java.vendor.url.bug" value="https://bugreport.java.com/bugreport/"/>
    <property name="java.io.tmpdir" value="C:\Users\MYPC~1\AppData\Local\Temp\"/>
    <property name="java.version" value="11.0.17"/>
    <property name="user.dir" value="E:\IntelljWorkspaces"/>
    <property name="os.arch" value="amd64"/>
    <property name="java.vm.specification.name" value="Java Virtual Machine Specification"/>
    <property name="java.awt.printerjob" value="sun.awt.windows.WPrinterJob"/>
    <property name="sun.os.patch.level" value=""/>
    <property name="java.library.path" value="C:\Program Files\Java\jdk-11.0.17\bin;C:\Windows\Sun\Java\bin;C:\Windows\system32;C:\Windows;C:\Users\MY PC\.jenkins\tools\hudson.tasks.Maven_MavenInstallation\MavenHome/bin;C:\Program Files\Java\jdk-11.0.17/bin;C:\Program Files\Java\jdk-11.0.17/bin;C:\Program Files (x86)\Common Files\Oracle\Java\javapath;C:\Program Files\Common Files\Oracle\Java\javapath;C:\Windows\system32;C:\Windows;C:\Windows\System32\Wbem;C:\Windows\System32\WindowsPowerShell\v1.0\;C:\Windows\System32\OpenSSH\;C:\Program Files\nodejs\;C:\allure-commandline-2.13.6\allure-2.13.6\bin;C:\apache-maven-3.6.3-bin\apache-maven-3.6.3\bin;C:\Program Files\Git\cmd;E:\Denovo_Portal_Api\.allure\allure-2.13.9\bin;C:\Program Files\Microsoft\Web Platform Installer\;C:\Program Files\dotnet\;C:\Users\MY PC\AppData\Local\Android\Sdk;C:\Users\MY PC\AppData\Local\Android\Sdk\build-tools\33.0.1;C:\Users\MY PC\AppData\Local\Android\Sdk\platform-tools;C:\Users\MY PC\AppData\Local\Android\Sdk\platforms\android-33-ext4;C:\Program Files\Docker\Docker\resources\bin;C:\Program Files\Java\jdk-11.0.17\bin;C:\Users\MY PC\AppData\Local\Microsoft\WindowsApps;C:\Users\MY PC\AppData\Roaming\npm;C:\IntelliJ IDEA Community Edition 2020.3.3\bin;;C:\Users\MY PC\AppData\Local\Programs\Microsoft VS Code\bin;."/>
    <property name="java.vendor" value="Oracle Corporation"/>
    <property name="java.vm.info" value="mixed mode"/>
    <property name="java.vm.version" value="11.0.17+10-LTS-269"/>
    <property name="sun.io.unicode.encoding" value="UnicodeLittle"/>
    <property name="java.class.version" value="55.0"/>
  </properties>
  <testcase name="customFeeTxWithQPaySendLink_MerchantPrimaryLogin[{CardNumber=5146 3150 0000 0055, country=India, Action=QuickPay, Email=@cloud-mail.top, Description=Description, Tax=No, DisplayLabel=CustomFee, CustomFee TPN=364222214920 , TPN=364222214920 , Phone=, ValueAdd=Disable, MerchantPrimaryPwd=Denovo@2021, MerchantPrimaryUser=warren@cloud-mail.top, typePercentageOrDollar=%, DiscloseFee=Yes, Expected FeeAmt=0.10, Capped At=4.99, ISOPrimaryEmail=bhaskarmurthy215@gmail.com, Fee=Enable, Amount=2.00, Expiration=12/24, Transaction Type=Sale, Disclaimer=Disclaimer, Expected TotalAmt=2.10, Payment Type=Sendlink, Expire=OneWeek, References=references12, Fee Type=CustomFee, Expected BaseAmt=2.01, Tip=No, Percentage Of Tx Amount=100, ISOPrimaryPwd=Denovo@2021, Browser=Chrome}](1)" classname="com.denovo.testscripts.CustomFeeTxWithQPaySendLink_MerchantPrimaryLogin" time="30.107">
    <failure message="Expected condition failed: waiting for visibility of element located by By.xpath: //label[text()=&apos;Fee&apos;]//following::p-selectbutton[1]//span[text()=&apos;Enable&apos;]//parent::div (tried for 15 second(s) with 500 milliseconds interval)" type="org.openqa.selenium.TimeoutException"><![CDATA[org.openqa.selenium.TimeoutException: Expected condition failed: waiting for visibility of element located by By.xpath: //label[text()='Fee']//following::p-selectbutton[1]//span[text()='Enable']//parent::div (tried for 15 second(s) with 500 milliseconds interval)
	at org.openqa.selenium.support.ui.WebDriverWait.timeoutException(WebDriverWait.java:95)
	at org.openqa.selenium.support.ui.FluentWait.until(FluentWait.java:272)
	at com.denovo.factories.ExplicitWaitFactory.performExplicityWait(ExplicitWaitFactory.java:25)
	at com.denovo.Util.StringUtil.isBtnDisable(StringUtil.java:226)
	at com.denovo.Pages.QPayWithSendLinkOnCustomFeePage.verifyFeeEnable(QPayWithSendLinkOnCustomFeePage.java:431)
	at com.denovo.Pages.QPayWithSendLinkOnCustomFeePage.fillQPayWithSendLinkCustomFeeParamInfo(QPayWithSendLinkOnCustomFeePage.java:348)
	at com.denovo.Pages.QPayWithSendLinkOnCustomFeePage.verifyQPayWithSendLinkOnCustomFeeParamInfo(QPayWithSendLinkOnCustomFeePage.java:788)
	at com.denovo.testscripts.CustomFeeTxWithQPaySendLink_MerchantPrimaryLogin.customFeeTxWithQPaySendLink_MerchantPrimaryLogin(CustomFeeTxWithQPaySendLink_MerchantPrimaryLogin.java:31)
	at java.base/jdk.internal.reflect.NativeMethodAccessorImpl.invoke0(Native Method)
	at java.base/jdk.internal.reflect.NativeMethodAccessorImpl.invoke(NativeMethodAccessorImpl.java:62)
	at java.base/jdk.internal.reflect.DelegatingMethodAccessorImpl.invoke(DelegatingMethodAccessorImpl.java:43)
	at java.base/java.lang.reflect.Method.invoke(Method.java:566)
	at org.testng.internal.MethodInvocationHelper.invokeMethod(MethodInvocationHelper.java:133)
	at org.testng.internal.TestInvoker.invokeMethod(TestInvoker.java:598)
	at org.testng.internal.TestInvoker.invokeTestMethod(TestInvoker.java:173)
	at org.testng.internal.MethodRunner.runInSequence(MethodRunner.java:46)
	at org.testng.internal.TestInvoker$MethodInvocationAgent.invoke(TestInvoker.java:824)
	at org.testng.internal.TestInvoker.invokeTestMethods(TestInvoker.java:146)
	at org.testng.internal.TestMethodWorker.invokeTestMethods(TestMethodWorker.java:146)
	at org.testng.internal.TestMethodWorker.run(TestMethodWorker.java:128)
	at java.base/java.util.concurrent.ThreadPoolExecutor.runWorker(ThreadPoolExecutor.java:1128)
	at java.base/java.util.concurrent.ThreadPoolExecutor$Worker.run(ThreadPoolExecutor.java:628)
	at java.base/java.lang.Thread.run(Thread.java:834)
Caused by: org.openqa.selenium.NoSuchWindowException: no such window: target window already closed
from unknown error: web view not found
  (Session info: chrome=112.0.5615.87)
Build info: version: '3.141.59', revision: 'e82be7d358', time: '2018-11-14T08:17:03'
System info: host: 'DESKTOP-2K98EE4', ip: '192.168.0.167', os.name: 'Windows 10', os.arch: 'amd64', os.version: '10.0', java.version: '11.0.17'
Driver info: org.openqa.selenium.chrome.ChromeDriver
Capabilities {acceptInsecureCerts: false, browserName: chrome, browserVersion: 112.0.5615.87, chrome: {chromedriverVersion: 112.0.5615.49 (bd2a7bcb881c..., userDataDir: C:\Users\MYPC~1\AppData\Loc...}, goog:chromeOptions: {debuggerAddress: localhost:55766}, javascriptEnabled: true, networkConnectionEnabled: false, pageLoadStrategy: normal, platform: WINDOWS, platformName: WINDOWS, proxy: Proxy(), setWindowRect: true, strictFileInteractability: false, timeouts: {implicit: 0, pageLoad: 300000, script: 30000}, unhandledPromptBehavior: dismiss and notify, webauthn:extension:credBlob: true, webauthn:extension:largeBlob: true, webauthn:extension:minPinLength: true, webauthn:extension:prf: true, webauthn:virtualAuthenticators: true}
Session ID: 759acb38e4907b1b0953b62e20fb8466
*** Element info: {Using=xpath, value=//label[text()='Fee']//following::p-selectbutton[1]//span[text()='Enable']//parent::div}
	at jdk.internal.reflect.GeneratedConstructorAccessor26.newInstance(Unknown Source)
	at java.base/jdk.internal.reflect.DelegatingConstructorAccessorImpl.newInstance(DelegatingConstructorAccessorImpl.java:45)
	at java.base/java.lang.reflect.Constructor.newInstance(Constructor.java:490)
	at org.openqa.selenium.remote.http.W3CHttpResponseCodec.createException(W3CHttpResponseCodec.java:187)
	at org.openqa.selenium.remote.http.W3CHttpResponseCodec.decode(W3CHttpResponseCodec.java:122)
	at org.openqa.selenium.remote.http.W3CHttpResponseCodec.decode(W3CHttpResponseCodec.java:49)
	at org.openqa.selenium.remote.HttpCommandExecutor.execute(HttpCommandExecutor.java:158)
	at org.openqa.selenium.remote.service.DriverCommandExecutor.execute(DriverCommandExecutor.java:83)
	at org.openqa.selenium.remote.RemoteWebDriver.execute(RemoteWebDriver.java:552)
	at org.openqa.selenium.remote.RemoteWebDriver.findElement(RemoteWebDriver.java:323)
	at org.openqa.selenium.remote.RemoteWebDriver.findElementByXPath(RemoteWebDriver.java:428)
	at org.openqa.selenium.By$ByXPath.findElement(By.java:353)
	at org.openqa.selenium.remote.RemoteWebDriver.findElement(RemoteWebDriver.java:315)
	at org.openqa.selenium.support.ui.ExpectedConditions$7.apply(ExpectedConditions.java:205)
	at org.openqa.selenium.support.ui.ExpectedConditions$7.apply(ExpectedConditions.java:201)
	at org.openqa.selenium.support.ui.FluentWait.until(FluentWait.java:249)
	... 21 more
]]></failure>
    <system-out><![CDATA[[{TestName=MerchantCreation_IsoLogin_PrimaryUser_WithFeeProfile, TestDescription=To Check Whether, Execute=No, Count=1}, {TestName=merchantCreation_IsoLogin_PrimaryUser_WithoutFeeProfile, TestDescription=To Check Whether, Execute=No, Count=1}, {TestName=merchantCreation_IsoLogin_AddonUser_WithFeeProfile, TestDescription=To Check Whether, Execute=No, Count=1}, {TestName=merchantCreation_IsoLogin_AddonUser_WithoutFeeProfile, TestDescription=To Check Whether, Execute=No, Count=1}, {TestName=merchantCreation_AgentLogin_PrimaryUser_WithFee, TestDescription=To Check Whether, Execute=No, Count=1}, {TestName=merchantCreation_AgentLogin_PrimaryUser_WithoutFee, TestDescription=To Check Whether, Execute=No, Count=1}, {TestName=MerchantCreation_AgentLogin_AddonUser_WithFeeProfile, TestDescription=To Check Whether, Execute=No, Count=1}, {TestName=MerchantCreation_AgentLogin_AddonUser_WithoutFeeProfile, TestDescription=To Check Whether, Execute=No, Count=1}, {TestName=storeTpnCreation_IsoLogin_PrimaryUser, TestDescription=To Check Whether, Execute=No, Count=1}, {TestName=storeTpnCreation_IsoLogin_AddonUser, TestDescription=To Check Whether, Execute=No, Count=1}, {TestName=storeTpnCreation_AgentLogin_PrimaryUser, TestDescription=To Check Whether, Execute=No, Count=1}, {TestName=storeTpnCreation_AgentLogin_AddonUser, TestDescription=To Check Whether, Execute=No, Count=1}, {TestName=tpnCreation_IsoLogin_PrimaryUser, TestDescription=To Check Whether, Execute=No, Count=1}, {TestName=tpnCreation_IsoLogin_AddonUser, TestDescription=To Check Whether, Execute=No, Count=1}, {TestName=tpnCreation_AgentLogin_PrimaryUser, TestDescription=To Check Whether, Execute=No, Count=1}, {TestName=tpnCreation_AgentLogin_AddonUser, TestDescription=To Check Whether, Execute=No, Count=1}, {TestName=customFeeTxWithQPayNow_MerchantPrimaryLogin, TestDescription=To Check Whether, Execute=No, Count=1}, {TestName=surchargeFeeTxWithQPayNow_MerchantPrimaryLogin, TestDescription=To Check Whether, Execute=No, Count=1}, {TestName=customFeeTxWithQPaySendLink_MerchantPrimaryLogin, TestDescription=To Check Whether, Execute=yes, Count=1}, {TestName=systemLoginDashboard, TestDescription=To Check Whether, Execute=No, Count=1}, {TestName=TransactionPageLoadingTest, TestDescription=To Check Whether, Execute=yes, Count=1}]
[[MethodInstance method=MerchantCreation_IsoLogin_PrimaryUser_WithFeeProfile.merchantCreation_IsoLogin_PrimaryUser_WithFeeProfile(java.util.Map)[pri:1, instance:com.denovo.testscripts.MerchantCreation_IsoLogin_PrimaryUser_WithFeeProfile@8a2a6a] instance=com.denovo.testscripts.MerchantCreation_IsoLogin_PrimaryUser_WithFeeProfile@8a2a6a], [MethodInstance method=MerchantCreation_IsoLogin_PrimaryUser_WithoutFeeProfile.merchantCreation_IsoLogin_PrimaryUser_WithoutFeeProfile(java.util.Map)[pri:1, instance:com.denovo.testscripts.MerchantCreation_IsoLogin_PrimaryUser_WithoutFeeProfile@5412bfea] instance=com.denovo.testscripts.MerchantCreation_IsoLogin_PrimaryUser_WithoutFeeProfile@5412bfea], [MethodInstance method=MerchantCreation_IsoLogin_AddonUser_WithFeeProfile.merchantCreation_IsoLogin_AddonUser_WithFeeProfile(java.util.Map)[pri:1, instance:com.denovo.testscripts.MerchantCreation_IsoLogin_AddonUser_WithFeeProfile@44a6a68e] instance=com.denovo.testscripts.MerchantCreation_IsoLogin_AddonUser_WithFeeProfile@44a6a68e], [MethodInstance method=MerchantCreation_IsoLogin_AddonUser_WithoutFeeProfile.merchantCreation_IsoLogin_AddonUser_WithoutFeeProfile(java.util.Map)[pri:1, instance:com.denovo.testscripts.MerchantCreation_IsoLogin_AddonUser_WithoutFeeProfile@4743a322] instance=com.denovo.testscripts.MerchantCreation_IsoLogin_AddonUser_WithoutFeeProfile@4743a322], [MethodInstance method=MerchantCreation_AgentLogin_PrimaryUser_WithFee.merchantCreation_AgentLogin_PrimaryUser_WithFee(java.util.Map)[pri:1, instance:com.denovo.testscripts.MerchantCreation_AgentLogin_PrimaryUser_WithFee@79316f3a] instance=com.denovo.testscripts.MerchantCreation_AgentLogin_PrimaryUser_WithFee@79316f3a], [MethodInstance method=MerchantCreation_AgentLogin_PrimaryUser_WithoutFee.merchantCreation_AgentLogin_PrimaryUser_WithoutFee(java.util.Map)[pri:1, instance:com.denovo.testscripts.MerchantCreation_AgentLogin_PrimaryUser_WithoutFee@381d7219] instance=com.denovo.testscripts.MerchantCreation_AgentLogin_PrimaryUser_WithoutFee@381d7219], [MethodInstance method=MerchantCreation_AgentLogin_AddonUser_WithFeeProfile.merchantCreation_AgentLogin_AddonUser_WithFeeProfile(java.util.Map)[pri:1, instance:com.denovo.testscripts.MerchantCreation_AgentLogin_AddonUser_WithFeeProfile@49fe3142] instance=com.denovo.testscripts.MerchantCreation_AgentLogin_AddonUser_WithFeeProfile@49fe3142], [MethodInstance method=MerchantCreation_AgentLogin_AddonUser_WithoutFeeProfile.merchantCreation_AgentLogin_AddonUser_WithoutFeeProfile(java.util.Map)[pri:1, instance:com.denovo.testscripts.MerchantCreation_AgentLogin_AddonUser_WithoutFeeProfile@329a1f8d] instance=com.denovo.testscripts.MerchantCreation_AgentLogin_AddonUser_WithoutFeeProfile@329a1f8d], [MethodInstance method=StoreTpnCreation_IsoLogin_PrimaryUser.storeTpnCreation_IsoLogin_PrimaryUser(java.util.Map)[pri:1, instance:com.denovo.testscripts.StoreTpnCreation_IsoLogin_PrimaryUser@4d62f4c6] instance=com.denovo.testscripts.StoreTpnCreation_IsoLogin_PrimaryUser@4d62f4c6], [MethodInstance method=StoreTpnCreation_IsoLogin_AddonUser.storeTpnCreation_IsoLogin_AddonUser(java.util.Map)[pri:1, instance:com.denovo.testscripts.StoreTpnCreation_IsoLogin_AddonUser@7569ea63] instance=com.denovo.testscripts.StoreTpnCreation_IsoLogin_AddonUser@7569ea63], [MethodInstance method=StoreTpnCreation_AgentLogin_PrimaryUser.storeTpnCreation_AgentLogin_PrimaryUser(java.util.Map)[pri:1, instance:com.denovo.testscripts.StoreTpnCreation_AgentLogin_PrimaryUser@ebd06a9] instance=com.denovo.testscripts.StoreTpnCreation_AgentLogin_PrimaryUser@ebd06a9], [MethodInstance method=StoreTpnCreation_AgentLogin_AddonUser.storeTpnCreation_AgentLogin_AddonUser(java.util.Map)[pri:1, instance:com.denovo.testscripts.StoreTpnCreation_AgentLogin_AddonUser@16c587de] instance=com.denovo.testscripts.StoreTpnCreation_AgentLogin_AddonUser@16c587de], [MethodInstance method=TpnCreation_IsoLogin_PrimaryUser.tpnCreation_IsoLogin_PrimaryUser(java.util.Map)[pri:1, instance:com.denovo.testscripts.TpnCreation_IsoLogin_PrimaryUser@2af4129d] instance=com.denovo.testscripts.TpnCreation_IsoLogin_PrimaryUser@2af4129d], [MethodInstance method=TpnCreation_IsoLogin_AddonUser.tpnCreation_IsoLogin_AddonUser(java.util.Map)[pri:1, instance:com.denovo.testscripts.TpnCreation_IsoLogin_AddonUser@3a175162] instance=com.denovo.testscripts.TpnCreation_IsoLogin_AddonUser@3a175162], [MethodInstance method=TpnCreation_AgentLogin_PrimaryUser.tpnCreation_AgentLogin_PrimaryUser(java.util.Map)[pri:1, instance:com.denovo.testscripts.TpnCreation_AgentLogin_PrimaryUser@1640190a] instance=com.denovo.testscripts.TpnCreation_AgentLogin_PrimaryUser@1640190a], [MethodInstance method=TpnCreation_AgentLogin_AddonUser.tpnCreation_AgentLogin_AddonUser(java.util.Map)[pri:1, instance:com.denovo.testscripts.TpnCreation_AgentLogin_AddonUser@2a2843ec] instance=com.denovo.testscripts.TpnCreation_AgentLogin_AddonUser@2a2843ec], [MethodInstance method=CustomFeeTxWithQPayNow_MerchantPrimaryLogin.customFeeTxWithQPayNow_MerchantPrimaryLogin(java.util.Map)[pri:1, instance:com.denovo.testscripts.CustomFeeTxWithQPayNow_MerchantPrimaryLogin@53f4c1e6] instance=com.denovo.testscripts.CustomFeeTxWithQPayNow_MerchantPrimaryLogin@53f4c1e6], [MethodInstance method=SurchargeFeeTxWithQPayNow_MerchantPrimaryLogin.surchargeFeeTxWithQPayNow_MerchantPrimaryLogin(java.util.Map)[pri:1, instance:com.denovo.testscripts.SurchargeFeeTxWithQPayNow_MerchantPrimaryLogin@46a488c2] instance=com.denovo.testscripts.SurchargeFeeTxWithQPayNow_MerchantPrimaryLogin@46a488c2], [MethodInstance method=CustomFeeTxWithQPaySendLink_MerchantPrimaryLogin.customFeeTxWithQPaySendLink_MerchantPrimaryLogin(java.util.Map)[pri:1, instance:com.denovo.testscripts.CustomFeeTxWithQPaySendLink_MerchantPrimaryLogin@1e95b653] instance=com.denovo.testscripts.CustomFeeTxWithQPaySendLink_MerchantPrimaryLogin@1e95b653], [MethodInstance method=SystemLoginDashboardTest.systemLoginDashboard(java.util.Map)[pri:0, instance:com.denovo.testscripts.SystemLoginDashboardTest@31120021] instance=com.denovo.testscripts.SystemLoginDashboardTest@31120021], [MethodInstance method=SystemLoginTransactionTest.TransactionPageLoadingTest(java.util.Map)[pri:0, instance:com.denovo.testscripts.SystemLoginTransactionTest@4baed682] instance=com.denovo.testscripts.SystemLoginTransactionTest@4baed682]]
merchantCreation_IsoLogin_PrimaryUser_WithFeeProfile
MerchantCreation_IsoLogin_PrimaryUser_WithFeeProfile
merchantCreation_IsoLogin_PrimaryUser_WithFeeProfile
merchantCreation_IsoLogin_PrimaryUser_WithoutFeeProfile
merchantCreation_IsoLogin_PrimaryUser_WithFeeProfile
merchantCreation_IsoLogin_AddonUser_WithFeeProfile
merchantCreation_IsoLogin_PrimaryUser_WithFeeProfile
merchantCreation_IsoLogin_AddonUser_WithoutFeeProfile
merchantCreation_IsoLogin_PrimaryUser_WithFeeProfile
merchantCreation_AgentLogin_PrimaryUser_WithFee
merchantCreation_IsoLogin_PrimaryUser_WithFeeProfile
merchantCreation_AgentLogin_PrimaryUser_WithoutFee
merchantCreation_IsoLogin_PrimaryUser_WithFeeProfile
MerchantCreation_AgentLogin_AddonUser_WithFeeProfile
merchantCreation_IsoLogin_PrimaryUser_WithFeeProfile
MerchantCreation_AgentLogin_AddonUser_WithoutFeeProfile
merchantCreation_IsoLogin_PrimaryUser_WithFeeProfile
storeTpnCreation_IsoLogin_PrimaryUser
merchantCreation_IsoLogin_PrimaryUser_WithFeeProfile
storeTpnCreation_IsoLogin_AddonUser
merchantCreation_IsoLogin_PrimaryUser_WithFeeProfile
storeTpnCreation_AgentLogin_PrimaryUser
merchantCreation_IsoLogin_PrimaryUser_WithFeeProfile
storeTpnCreation_AgentLogin_AddonUser
merchantCreation_IsoLogin_PrimaryUser_WithFeeProfile
tpnCreation_IsoLogin_PrimaryUser
merchantCreation_IsoLogin_PrimaryUser_WithFeeProfile
tpnCreation_IsoLogin_AddonUser
merchantCreation_IsoLogin_PrimaryUser_WithFeeProfile
tpnCreation_AgentLogin_PrimaryUser
merchantCreation_IsoLogin_PrimaryUser_WithFeeProfile
tpnCreation_AgentLogin_AddonUser
merchantCreation_IsoLogin_PrimaryUser_WithFeeProfile
customFeeTxWithQPayNow_MerchantPrimaryLogin
merchantCreation_IsoLogin_PrimaryUser_WithFeeProfile
surchargeFeeTxWithQPayNow_MerchantPrimaryLogin
merchantCreation_IsoLogin_PrimaryUser_WithFeeProfile
customFeeTxWithQPaySendLink_MerchantPrimaryLogin
merchantCreation_IsoLogin_PrimaryUser_WithFeeProfile
systemLoginDashboard
merchantCreation_IsoLogin_PrimaryUser_WithFeeProfile
TransactionPageLoadingTest
merchantCreation_IsoLogin_PrimaryUser_WithoutFeeProfile
MerchantCreation_IsoLogin_PrimaryUser_WithFeeProfile
merchantCreation_IsoLogin_PrimaryUser_WithoutFeeProfile
merchantCreation_IsoLogin_PrimaryUser_WithoutFeeProfile
merchantCreation_IsoLogin_PrimaryUser_WithoutFeeProfile
merchantCreation_IsoLogin_AddonUser_WithFeeProfile
merchantCreation_IsoLogin_PrimaryUser_WithoutFeeProfile
merchantCreation_IsoLogin_AddonUser_WithoutFeeProfile
merchantCreation_IsoLogin_PrimaryUser_WithoutFeeProfile
merchantCreation_AgentLogin_PrimaryUser_WithFee
merchantCreation_IsoLogin_PrimaryUser_WithoutFeeProfile
merchantCreation_AgentLogin_PrimaryUser_WithoutFee
merchantCreation_IsoLogin_PrimaryUser_WithoutFeeProfile
MerchantCreation_AgentLogin_AddonUser_WithFeeProfile
merchantCreation_IsoLogin_PrimaryUser_WithoutFeeProfile
MerchantCreation_AgentLogin_AddonUser_WithoutFeeProfile
merchantCreation_IsoLogin_PrimaryUser_WithoutFeeProfile
storeTpnCreation_IsoLogin_PrimaryUser
merchantCreation_IsoLogin_PrimaryUser_WithoutFeeProfile
storeTpnCreation_IsoLogin_AddonUser
merchantCreation_IsoLogin_PrimaryUser_WithoutFeeProfile
storeTpnCreation_AgentLogin_PrimaryUser
merchantCreation_IsoLogin_PrimaryUser_WithoutFeeProfile
storeTpnCreation_AgentLogin_AddonUser
merchantCreation_IsoLogin_PrimaryUser_WithoutFeeProfile
tpnCreation_IsoLogin_PrimaryUser
merchantCreation_IsoLogin_PrimaryUser_WithoutFeeProfile
tpnCreation_IsoLogin_AddonUser
merchantCreation_IsoLogin_PrimaryUser_WithoutFeeProfile
tpnCreation_AgentLogin_PrimaryUser
merchantCreation_IsoLogin_PrimaryUser_WithoutFeeProfile
tpnCreation_AgentLogin_AddonUser
merchantCreation_IsoLogin_PrimaryUser_WithoutFeeProfile
customFeeTxWithQPayNow_MerchantPrimaryLogin
merchantCreation_IsoLogin_PrimaryUser_WithoutFeeProfile
surchargeFeeTxWithQPayNow_MerchantPrimaryLogin
merchantCreation_IsoLogin_PrimaryUser_WithoutFeeProfile
customFeeTxWithQPaySendLink_MerchantPrimaryLogin
merchantCreation_IsoLogin_PrimaryUser_WithoutFeeProfile
systemLoginDashboard
merchantCreation_IsoLogin_PrimaryUser_WithoutFeeProfile
TransactionPageLoadingTest
merchantCreation_IsoLogin_AddonUser_WithFeeProfile
MerchantCreation_IsoLogin_PrimaryUser_WithFeeProfile
merchantCreation_IsoLogin_AddonUser_WithFeeProfile
merchantCreation_IsoLogin_PrimaryUser_WithoutFeeProfile
merchantCreation_IsoLogin_AddonUser_WithFeeProfile
merchantCreation_IsoLogin_AddonUser_WithFeeProfile
merchantCreation_IsoLogin_AddonUser_WithFeeProfile
merchantCreation_IsoLogin_AddonUser_WithoutFeeProfile
merchantCreation_IsoLogin_AddonUser_WithFeeProfile
merchantCreation_AgentLogin_PrimaryUser_WithFee
merchantCreation_IsoLogin_AddonUser_WithFeeProfile
merchantCreation_AgentLogin_PrimaryUser_WithoutFee
merchantCreation_IsoLogin_AddonUser_WithFeeProfile
MerchantCreation_AgentLogin_AddonUser_WithFeeProfile
merchantCreation_IsoLogin_AddonUser_WithFeeProfile
MerchantCreation_AgentLogin_AddonUser_WithoutFeeProfile
merchantCreation_IsoLogin_AddonUser_WithFeeProfile
storeTpnCreation_IsoLogin_PrimaryUser
merchantCreation_IsoLogin_AddonUser_WithFeeProfile
storeTpnCreation_IsoLogin_AddonUser
merchantCreation_IsoLogin_AddonUser_WithFeeProfile
storeTpnCreation_AgentLogin_PrimaryUser
merchantCreation_IsoLogin_AddonUser_WithFeeProfile
storeTpnCreation_AgentLogin_AddonUser
merchantCreation_IsoLogin_AddonUser_WithFeeProfile
tpnCreation_IsoLogin_PrimaryUser
merchantCreation_IsoLogin_AddonUser_WithFeeProfile
tpnCreation_IsoLogin_AddonUser
merchantCreation_IsoLogin_AddonUser_WithFeeProfile
tpnCreation_AgentLogin_PrimaryUser
merchantCreation_IsoLogin_AddonUser_WithFeeProfile
tpnCreation_AgentLogin_AddonUser
merchantCreation_IsoLogin_AddonUser_WithFeeProfile
customFeeTxWithQPayNow_MerchantPrimaryLogin
merchantCreation_IsoLogin_AddonUser_WithFeeProfile
surchargeFeeTxWithQPayNow_MerchantPrimaryLogin
merchantCreation_IsoLogin_AddonUser_WithFeeProfile
customFeeTxWithQPaySendLink_MerchantPrimaryLogin
merchantCreation_IsoLogin_AddonUser_WithFeeProfile
systemLoginDashboard
merchantCreation_IsoLogin_AddonUser_WithFeeProfile
TransactionPageLoadingTest
merchantCreation_IsoLogin_AddonUser_WithoutFeeProfile
MerchantCreation_IsoLogin_PrimaryUser_WithFeeProfile
merchantCreation_IsoLogin_AddonUser_WithoutFeeProfile
merchantCreation_IsoLogin_PrimaryUser_WithoutFeeProfile
merchantCreation_IsoLogin_AddonUser_WithoutFeeProfile
merchantCreation_IsoLogin_AddonUser_WithFeeProfile
merchantCreation_IsoLogin_AddonUser_WithoutFeeProfile
merchantCreation_IsoLogin_AddonUser_WithoutFeeProfile
merchantCreation_IsoLogin_AddonUser_WithoutFeeProfile
merchantCreation_AgentLogin_PrimaryUser_WithFee
merchantCreation_IsoLogin_AddonUser_WithoutFeeProfile
merchantCreation_AgentLogin_PrimaryUser_WithoutFee
merchantCreation_IsoLogin_AddonUser_WithoutFeeProfile
MerchantCreation_AgentLogin_AddonUser_WithFeeProfile
merchantCreation_IsoLogin_AddonUser_WithoutFeeProfile
MerchantCreation_AgentLogin_AddonUser_WithoutFeeProfile
merchantCreation_IsoLogin_AddonUser_WithoutFeeProfile
storeTpnCreation_IsoLogin_PrimaryUser
merchantCreation_IsoLogin_AddonUser_WithoutFeeProfile
storeTpnCreation_IsoLogin_AddonUser
merchantCreation_IsoLogin_AddonUser_WithoutFeeProfile
storeTpnCreation_AgentLogin_PrimaryUser
merchantCreation_IsoLogin_AddonUser_WithoutFeeProfile
storeTpnCreation_AgentLogin_AddonUser
merchantCreation_IsoLogin_AddonUser_WithoutFeeProfile
tpnCreation_IsoLogin_PrimaryUser
merchantCreation_IsoLogin_AddonUser_WithoutFeeProfile
tpnCreation_IsoLogin_AddonUser
merchantCreation_IsoLogin_AddonUser_WithoutFeeProfile
tpnCreation_AgentLogin_PrimaryUser
merchantCreation_IsoLogin_AddonUser_WithoutFeeProfile
tpnCreation_AgentLogin_AddonUser
merchantCreation_IsoLogin_AddonUser_WithoutFeeProfile
customFeeTxWithQPayNow_MerchantPrimaryLogin
merchantCreation_IsoLogin_AddonUser_WithoutFeeProfile
surchargeFeeTxWithQPayNow_MerchantPrimaryLogin
merchantCreation_IsoLogin_AddonUser_WithoutFeeProfile
customFeeTxWithQPaySendLink_MerchantPrimaryLogin
merchantCreation_IsoLogin_AddonUser_WithoutFeeProfile
systemLoginDashboard
merchantCreation_IsoLogin_AddonUser_WithoutFeeProfile
TransactionPageLoadingTest
merchantCreation_AgentLogin_PrimaryUser_WithFee
MerchantCreation_IsoLogin_PrimaryUser_WithFeeProfile
merchantCreation_AgentLogin_PrimaryUser_WithFee
merchantCreation_IsoLogin_PrimaryUser_WithoutFeeProfile
merchantCreation_AgentLogin_PrimaryUser_WithFee
merchantCreation_IsoLogin_AddonUser_WithFeeProfile
merchantCreation_AgentLogin_PrimaryUser_WithFee
merchantCreation_IsoLogin_AddonUser_WithoutFeeProfile
merchantCreation_AgentLogin_PrimaryUser_WithFee
merchantCreation_AgentLogin_PrimaryUser_WithFee
merchantCreation_AgentLogin_PrimaryUser_WithFee
merchantCreation_AgentLogin_PrimaryUser_WithoutFee
merchantCreation_AgentLogin_PrimaryUser_WithFee
MerchantCreation_AgentLogin_AddonUser_WithFeeProfile
merchantCreation_AgentLogin_PrimaryUser_WithFee
MerchantCreation_AgentLogin_AddonUser_WithoutFeeProfile
merchantCreation_AgentLogin_PrimaryUser_WithFee
storeTpnCreation_IsoLogin_PrimaryUser
merchantCreation_AgentLogin_PrimaryUser_WithFee
storeTpnCreation_IsoLogin_AddonUser
merchantCreation_AgentLogin_PrimaryUser_WithFee
storeTpnCreation_AgentLogin_PrimaryUser
merchantCreation_AgentLogin_PrimaryUser_WithFee
storeTpnCreation_AgentLogin_AddonUser
merchantCreation_AgentLogin_PrimaryUser_WithFee
tpnCreation_IsoLogin_PrimaryUser
merchantCreation_AgentLogin_PrimaryUser_WithFee
tpnCreation_IsoLogin_AddonUser
merchantCreation_AgentLogin_PrimaryUser_WithFee
tpnCreation_AgentLogin_PrimaryUser
merchantCreation_AgentLogin_PrimaryUser_WithFee
tpnCreation_AgentLogin_AddonUser
merchantCreation_AgentLogin_PrimaryUser_WithFee
customFeeTxWithQPayNow_MerchantPrimaryLogin
merchantCreation_AgentLogin_PrimaryUser_WithFee
surchargeFeeTxWithQPayNow_MerchantPrimaryLogin
merchantCreation_AgentLogin_PrimaryUser_WithFee
customFeeTxWithQPaySendLink_MerchantPrimaryLogin
merchantCreation_AgentLogin_PrimaryUser_WithFee
systemLoginDashboard
merchantCreation_AgentLogin_PrimaryUser_WithFee
TransactionPageLoadingTest
merchantCreation_AgentLogin_PrimaryUser_WithoutFee
MerchantCreation_IsoLogin_PrimaryUser_WithFeeProfile
merchantCreation_AgentLogin_PrimaryUser_WithoutFee
merchantCreation_IsoLogin_PrimaryUser_WithoutFeeProfile
merchantCreation_AgentLogin_PrimaryUser_WithoutFee
merchantCreation_IsoLogin_AddonUser_WithFeeProfile
merchantCreation_AgentLogin_PrimaryUser_WithoutFee
merchantCreation_IsoLogin_AddonUser_WithoutFeeProfile
merchantCreation_AgentLogin_PrimaryUser_WithoutFee
merchantCreation_AgentLogin_PrimaryUser_WithFee
merchantCreation_AgentLogin_PrimaryUser_WithoutFee
merchantCreation_AgentLogin_PrimaryUser_WithoutFee
merchantCreation_AgentLogin_PrimaryUser_WithoutFee
MerchantCreation_AgentLogin_AddonUser_WithFeeProfile
merchantCreation_AgentLogin_PrimaryUser_WithoutFee
MerchantCreation_AgentLogin_AddonUser_WithoutFeeProfile
merchantCreation_AgentLogin_PrimaryUser_WithoutFee
storeTpnCreation_IsoLogin_PrimaryUser
merchantCreation_AgentLogin_PrimaryUser_WithoutFee
storeTpnCreation_IsoLogin_AddonUser
merchantCreation_AgentLogin_PrimaryUser_WithoutFee
storeTpnCreation_AgentLogin_PrimaryUser
merchantCreation_AgentLogin_PrimaryUser_WithoutFee
storeTpnCreation_AgentLogin_AddonUser
merchantCreation_AgentLogin_PrimaryUser_WithoutFee
tpnCreation_IsoLogin_PrimaryUser
merchantCreation_AgentLogin_PrimaryUser_WithoutFee
tpnCreation_IsoLogin_AddonUser
merchantCreation_AgentLogin_PrimaryUser_WithoutFee
tpnCreation_AgentLogin_PrimaryUser
merchantCreation_AgentLogin_PrimaryUser_WithoutFee
tpnCreation_AgentLogin_AddonUser
merchantCreation_AgentLogin_PrimaryUser_WithoutFee
customFeeTxWithQPayNow_MerchantPrimaryLogin
merchantCreation_AgentLogin_PrimaryUser_WithoutFee
surchargeFeeTxWithQPayNow_MerchantPrimaryLogin
merchantCreation_AgentLogin_PrimaryUser_WithoutFee
customFeeTxWithQPaySendLink_MerchantPrimaryLogin
merchantCreation_AgentLogin_PrimaryUser_WithoutFee
systemLoginDashboard
merchantCreation_AgentLogin_PrimaryUser_WithoutFee
TransactionPageLoadingTest
merchantCreation_AgentLogin_AddonUser_WithFeeProfile
MerchantCreation_IsoLogin_PrimaryUser_WithFeeProfile
merchantCreation_AgentLogin_AddonUser_WithFeeProfile
merchantCreation_IsoLogin_PrimaryUser_WithoutFeeProfile
merchantCreation_AgentLogin_AddonUser_WithFeeProfile
merchantCreation_IsoLogin_AddonUser_WithFeeProfile
merchantCreation_AgentLogin_AddonUser_WithFeeProfile
merchantCreation_IsoLogin_AddonUser_WithoutFeeProfile
merchantCreation_AgentLogin_AddonUser_WithFeeProfile
merchantCreation_AgentLogin_PrimaryUser_WithFee
merchantCreation_AgentLogin_AddonUser_WithFeeProfile
merchantCreation_AgentLogin_PrimaryUser_WithoutFee
merchantCreation_AgentLogin_AddonUser_WithFeeProfile
MerchantCreation_AgentLogin_AddonUser_WithFeeProfile
merchantCreation_AgentLogin_AddonUser_WithFeeProfile
MerchantCreation_AgentLogin_AddonUser_WithoutFeeProfile
merchantCreation_AgentLogin_AddonUser_WithFeeProfile
storeTpnCreation_IsoLogin_PrimaryUser
merchantCreation_AgentLogin_AddonUser_WithFeeProfile
storeTpnCreation_IsoLogin_AddonUser
merchantCreation_AgentLogin_AddonUser_WithFeeProfile
storeTpnCreation_AgentLogin_PrimaryUser
merchantCreation_AgentLogin_AddonUser_WithFeeProfile
storeTpnCreation_AgentLogin_AddonUser
merchantCreation_AgentLogin_AddonUser_WithFeeProfile
tpnCreation_IsoLogin_PrimaryUser
merchantCreation_AgentLogin_AddonUser_WithFeeProfile
tpnCreation_IsoLogin_AddonUser
merchantCreation_AgentLogin_AddonUser_WithFeeProfile
tpnCreation_AgentLogin_PrimaryUser
merchantCreation_AgentLogin_AddonUser_WithFeeProfile
tpnCreation_AgentLogin_AddonUser
merchantCreation_AgentLogin_AddonUser_WithFeeProfile
customFeeTxWithQPayNow_MerchantPrimaryLogin
merchantCreation_AgentLogin_AddonUser_WithFeeProfile
surchargeFeeTxWithQPayNow_MerchantPrimaryLogin
merchantCreation_AgentLogin_AddonUser_WithFeeProfile
customFeeTxWithQPaySendLink_MerchantPrimaryLogin
merchantCreation_AgentLogin_AddonUser_WithFeeProfile
systemLoginDashboard
merchantCreation_AgentLogin_AddonUser_WithFeeProfile
TransactionPageLoadingTest
merchantCreation_AgentLogin_AddonUser_WithoutFeeProfile
MerchantCreation_IsoLogin_PrimaryUser_WithFeeProfile
merchantCreation_AgentLogin_AddonUser_WithoutFeeProfile
merchantCreation_IsoLogin_PrimaryUser_WithoutFeeProfile
merchantCreation_AgentLogin_AddonUser_WithoutFeeProfile
merchantCreation_IsoLogin_AddonUser_WithFeeProfile
merchantCreation_AgentLogin_AddonUser_WithoutFeeProfile
merchantCreation_IsoLogin_AddonUser_WithoutFeeProfile
merchantCreation_AgentLogin_AddonUser_WithoutFeeProfile
merchantCreation_AgentLogin_PrimaryUser_WithFee
merchantCreation_AgentLogin_AddonUser_WithoutFeeProfile
merchantCreation_AgentLogin_PrimaryUser_WithoutFee
merchantCreation_AgentLogin_AddonUser_WithoutFeeProfile
MerchantCreation_AgentLogin_AddonUser_WithFeeProfile
merchantCreation_AgentLogin_AddonUser_WithoutFeeProfile
MerchantCreation_AgentLogin_AddonUser_WithoutFeeProfile
merchantCreation_AgentLogin_AddonUser_WithoutFeeProfile
storeTpnCreation_IsoLogin_PrimaryUser
merchantCreation_AgentLogin_AddonUser_WithoutFeeProfile
storeTpnCreation_IsoLogin_AddonUser
merchantCreation_AgentLogin_AddonUser_WithoutFeeProfile
storeTpnCreation_AgentLogin_PrimaryUser
merchantCreation_AgentLogin_AddonUser_WithoutFeeProfile
storeTpnCreation_AgentLogin_AddonUser
merchantCreation_AgentLogin_AddonUser_WithoutFeeProfile
tpnCreation_IsoLogin_PrimaryUser
merchantCreation_AgentLogin_AddonUser_WithoutFeeProfile
tpnCreation_IsoLogin_AddonUser
merchantCreation_AgentLogin_AddonUser_WithoutFeeProfile
tpnCreation_AgentLogin_PrimaryUser
merchantCreation_AgentLogin_AddonUser_WithoutFeeProfile
tpnCreation_AgentLogin_AddonUser
merchantCreation_AgentLogin_AddonUser_WithoutFeeProfile
customFeeTxWithQPayNow_MerchantPrimaryLogin
merchantCreation_AgentLogin_AddonUser_WithoutFeeProfile
surchargeFeeTxWithQPayNow_MerchantPrimaryLogin
merchantCreation_AgentLogin_AddonUser_WithoutFeeProfile
customFeeTxWithQPaySendLink_MerchantPrimaryLogin
merchantCreation_AgentLogin_AddonUser_WithoutFeeProfile
systemLoginDashboard
merchantCreation_AgentLogin_AddonUser_WithoutFeeProfile
TransactionPageLoadingTest
storeTpnCreation_IsoLogin_PrimaryUser
MerchantCreation_IsoLogin_PrimaryUser_WithFeeProfile
storeTpnCreation_IsoLogin_PrimaryUser
merchantCreation_IsoLogin_PrimaryUser_WithoutFeeProfile
storeTpnCreation_IsoLogin_PrimaryUser
merchantCreation_IsoLogin_AddonUser_WithFeeProfile
storeTpnCreation_IsoLogin_PrimaryUser
merchantCreation_IsoLogin_AddonUser_WithoutFeeProfile
storeTpnCreation_IsoLogin_PrimaryUser
merchantCreation_AgentLogin_PrimaryUser_WithFee
storeTpnCreation_IsoLogin_PrimaryUser
merchantCreation_AgentLogin_PrimaryUser_WithoutFee
storeTpnCreation_IsoLogin_PrimaryUser
MerchantCreation_AgentLogin_AddonUser_WithFeeProfile
storeTpnCreation_IsoLogin_PrimaryUser
MerchantCreation_AgentLogin_AddonUser_WithoutFeeProfile
storeTpnCreation_IsoLogin_PrimaryUser
storeTpnCreation_IsoLogin_PrimaryUser
storeTpnCreation_IsoLogin_PrimaryUser
storeTpnCreation_IsoLogin_AddonUser
storeTpnCreation_IsoLogin_PrimaryUser
storeTpnCreation_AgentLogin_PrimaryUser
storeTpnCreation_IsoLogin_PrimaryUser
storeTpnCreation_AgentLogin_AddonUser
storeTpnCreation_IsoLogin_PrimaryUser
tpnCreation_IsoLogin_PrimaryUser
storeTpnCreation_IsoLogin_PrimaryUser
tpnCreation_IsoLogin_AddonUser
storeTpnCreation_IsoLogin_PrimaryUser
tpnCreation_AgentLogin_PrimaryUser
storeTpnCreation_IsoLogin_PrimaryUser
tpnCreation_AgentLogin_AddonUser
storeTpnCreation_IsoLogin_PrimaryUser
customFeeTxWithQPayNow_MerchantPrimaryLogin
storeTpnCreation_IsoLogin_PrimaryUser
surchargeFeeTxWithQPayNow_MerchantPrimaryLogin
storeTpnCreation_IsoLogin_PrimaryUser
customFeeTxWithQPaySendLink_MerchantPrimaryLogin
storeTpnCreation_IsoLogin_PrimaryUser
systemLoginDashboard
storeTpnCreation_IsoLogin_PrimaryUser
TransactionPageLoadingTest
storeTpnCreation_IsoLogin_AddonUser
MerchantCreation_IsoLogin_PrimaryUser_WithFeeProfile
storeTpnCreation_IsoLogin_AddonUser
merchantCreation_IsoLogin_PrimaryUser_WithoutFeeProfile
storeTpnCreation_IsoLogin_AddonUser
merchantCreation_IsoLogin_AddonUser_WithFeeProfile
storeTpnCreation_IsoLogin_AddonUser
merchantCreation_IsoLogin_AddonUser_WithoutFeeProfile
storeTpnCreation_IsoLogin_AddonUser
merchantCreation_AgentLogin_PrimaryUser_WithFee
storeTpnCreation_IsoLogin_AddonUser
merchantCreation_AgentLogin_PrimaryUser_WithoutFee
storeTpnCreation_IsoLogin_AddonUser
MerchantCreation_AgentLogin_AddonUser_WithFeeProfile
storeTpnCreation_IsoLogin_AddonUser
MerchantCreation_AgentLogin_AddonUser_WithoutFeeProfile
storeTpnCreation_IsoLogin_AddonUser
storeTpnCreation_IsoLogin_PrimaryUser
storeTpnCreation_IsoLogin_AddonUser
storeTpnCreation_IsoLogin_AddonUser
storeTpnCreation_IsoLogin_AddonUser
storeTpnCreation_AgentLogin_PrimaryUser
storeTpnCreation_IsoLogin_AddonUser
storeTpnCreation_AgentLogin_AddonUser
storeTpnCreation_IsoLogin_AddonUser
tpnCreation_IsoLogin_PrimaryUser
storeTpnCreation_IsoLogin_AddonUser
tpnCreation_IsoLogin_AddonUser
storeTpnCreation_IsoLogin_AddonUser
tpnCreation_AgentLogin_PrimaryUser
storeTpnCreation_IsoLogin_AddonUser
tpnCreation_AgentLogin_AddonUser
storeTpnCreation_IsoLogin_AddonUser
customFeeTxWithQPayNow_MerchantPrimaryLogin
storeTpnCreation_IsoLogin_AddonUser
surchargeFeeTxWithQPayNow_MerchantPrimaryLogin
storeTpnCreation_IsoLogin_AddonUser
customFeeTxWithQPaySendLink_MerchantPrimaryLogin
storeTpnCreation_IsoLogin_AddonUser
systemLoginDashboard
storeTpnCreation_IsoLogin_AddonUser
TransactionPageLoadingTest
storeTpnCreation_AgentLogin_PrimaryUser
MerchantCreation_IsoLogin_PrimaryUser_WithFeeProfile
storeTpnCreation_AgentLogin_PrimaryUser
merchantCreation_IsoLogin_PrimaryUser_WithoutFeeProfile
storeTpnCreation_AgentLogin_PrimaryUser
merchantCreation_IsoLogin_AddonUser_WithFeeProfile
storeTpnCreation_AgentLogin_PrimaryUser
merchantCreation_IsoLogin_AddonUser_WithoutFeeProfile
storeTpnCreation_AgentLogin_PrimaryUser
merchantCreation_AgentLogin_PrimaryUser_WithFee
storeTpnCreation_AgentLogin_PrimaryUser
merchantCreation_AgentLogin_PrimaryUser_WithoutFee
storeTpnCreation_AgentLogin_PrimaryUser
MerchantCreation_AgentLogin_AddonUser_WithFeeProfile
storeTpnCreation_AgentLogin_PrimaryUser
MerchantCreation_AgentLogin_AddonUser_WithoutFeeProfile
storeTpnCreation_AgentLogin_PrimaryUser
storeTpnCreation_IsoLogin_PrimaryUser
storeTpnCreation_AgentLogin_PrimaryUser
storeTpnCreation_IsoLogin_AddonUser
storeTpnCreation_AgentLogin_PrimaryUser
storeTpnCreation_AgentLogin_PrimaryUser
storeTpnCreation_AgentLogin_PrimaryUser
storeTpnCreation_AgentLogin_AddonUser
storeTpnCreation_AgentLogin_PrimaryUser
tpnCreation_IsoLogin_PrimaryUser
storeTpnCreation_AgentLogin_PrimaryUser
tpnCreation_IsoLogin_AddonUser
storeTpnCreation_AgentLogin_PrimaryUser
tpnCreation_AgentLogin_PrimaryUser
storeTpnCreation_AgentLogin_PrimaryUser
tpnCreation_AgentLogin_AddonUser
storeTpnCreation_AgentLogin_PrimaryUser
customFeeTxWithQPayNow_MerchantPrimaryLogin
storeTpnCreation_AgentLogin_PrimaryUser
surchargeFeeTxWithQPayNow_MerchantPrimaryLogin
storeTpnCreation_AgentLogin_PrimaryUser
customFeeTxWithQPaySendLink_MerchantPrimaryLogin
storeTpnCreation_AgentLogin_PrimaryUser
systemLoginDashboard
storeTpnCreation_AgentLogin_PrimaryUser
TransactionPageLoadingTest
storeTpnCreation_AgentLogin_AddonUser
MerchantCreation_IsoLogin_PrimaryUser_WithFeeProfile
storeTpnCreation_AgentLogin_AddonUser
merchantCreation_IsoLogin_PrimaryUser_WithoutFeeProfile
storeTpnCreation_AgentLogin_AddonUser
merchantCreation_IsoLogin_AddonUser_WithFeeProfile
storeTpnCreation_AgentLogin_AddonUser
merchantCreation_IsoLogin_AddonUser_WithoutFeeProfile
storeTpnCreation_AgentLogin_AddonUser
merchantCreation_AgentLogin_PrimaryUser_WithFee
storeTpnCreation_AgentLogin_AddonUser
merchantCreation_AgentLogin_PrimaryUser_WithoutFee
storeTpnCreation_AgentLogin_AddonUser
MerchantCreation_AgentLogin_AddonUser_WithFeeProfile
storeTpnCreation_AgentLogin_AddonUser
MerchantCreation_AgentLogin_AddonUser_WithoutFeeProfile
storeTpnCreation_AgentLogin_AddonUser
storeTpnCreation_IsoLogin_PrimaryUser
storeTpnCreation_AgentLogin_AddonUser
storeTpnCreation_IsoLogin_AddonUser
storeTpnCreation_AgentLogin_AddonUser
storeTpnCreation_AgentLogin_PrimaryUser
storeTpnCreation_AgentLogin_AddonUser
storeTpnCreation_AgentLogin_AddonUser
storeTpnCreation_AgentLogin_AddonUser
tpnCreation_IsoLogin_PrimaryUser
storeTpnCreation_AgentLogin_AddonUser
tpnCreation_IsoLogin_AddonUser
storeTpnCreation_AgentLogin_AddonUser
tpnCreation_AgentLogin_PrimaryUser
storeTpnCreation_AgentLogin_AddonUser
tpnCreation_AgentLogin_AddonUser
storeTpnCreation_AgentLogin_AddonUser
customFeeTxWithQPayNow_MerchantPrimaryLogin
storeTpnCreation_AgentLogin_AddonUser
surchargeFeeTxWithQPayNow_MerchantPrimaryLogin
storeTpnCreation_AgentLogin_AddonUser
customFeeTxWithQPaySendLink_MerchantPrimaryLogin
storeTpnCreation_AgentLogin_AddonUser
systemLoginDashboard
storeTpnCreation_AgentLogin_AddonUser
TransactionPageLoadingTest
tpnCreation_IsoLogin_PrimaryUser
MerchantCreation_IsoLogin_PrimaryUser_WithFeeProfile
tpnCreation_IsoLogin_PrimaryUser
merchantCreation_IsoLogin_PrimaryUser_WithoutFeeProfile
tpnCreation_IsoLogin_PrimaryUser
merchantCreation_IsoLogin_AddonUser_WithFeeProfile
tpnCreation_IsoLogin_PrimaryUser
merchantCreation_IsoLogin_AddonUser_WithoutFeeProfile
tpnCreation_IsoLogin_PrimaryUser
merchantCreation_AgentLogin_PrimaryUser_WithFee
tpnCreation_IsoLogin_PrimaryUser
merchantCreation_AgentLogin_PrimaryUser_WithoutFee
tpnCreation_IsoLogin_PrimaryUser
MerchantCreation_AgentLogin_AddonUser_WithFeeProfile
tpnCreation_IsoLogin_PrimaryUser
MerchantCreation_AgentLogin_AddonUser_WithoutFeeProfile
tpnCreation_IsoLogin_PrimaryUser
storeTpnCreation_IsoLogin_PrimaryUser
tpnCreation_IsoLogin_PrimaryUser
storeTpnCreation_IsoLogin_AddonUser
tpnCreation_IsoLogin_PrimaryUser
storeTpnCreation_AgentLogin_PrimaryUser
tpnCreation_IsoLogin_PrimaryUser
storeTpnCreation_AgentLogin_AddonUser
tpnCreation_IsoLogin_PrimaryUser
tpnCreation_IsoLogin_PrimaryUser
tpnCreation_IsoLogin_PrimaryUser
tpnCreation_IsoLogin_AddonUser
tpnCreation_IsoLogin_PrimaryUser
tpnCreation_AgentLogin_PrimaryUser
tpnCreation_IsoLogin_PrimaryUser
tpnCreation_AgentLogin_AddonUser
tpnCreation_IsoLogin_PrimaryUser
customFeeTxWithQPayNow_MerchantPrimaryLogin
tpnCreation_IsoLogin_PrimaryUser
surchargeFeeTxWithQPayNow_MerchantPrimaryLogin
tpnCreation_IsoLogin_PrimaryUser
customFeeTxWithQPaySendLink_MerchantPrimaryLogin
tpnCreation_IsoLogin_PrimaryUser
systemLoginDashboard
tpnCreation_IsoLogin_PrimaryUser
TransactionPageLoadingTest
tpnCreation_IsoLogin_AddonUser
MerchantCreation_IsoLogin_PrimaryUser_WithFeeProfile
tpnCreation_IsoLogin_AddonUser
merchantCreation_IsoLogin_PrimaryUser_WithoutFeeProfile
tpnCreation_IsoLogin_AddonUser
merchantCreation_IsoLogin_AddonUser_WithFeeProfile
tpnCreation_IsoLogin_AddonUser
merchantCreation_IsoLogin_AddonUser_WithoutFeeProfile
tpnCreation_IsoLogin_AddonUser
merchantCreation_AgentLogin_PrimaryUser_WithFee
tpnCreation_IsoLogin_AddonUser
merchantCreation_AgentLogin_PrimaryUser_WithoutFee
tpnCreation_IsoLogin_AddonUser
MerchantCreation_AgentLogin_AddonUser_WithFeeProfile
tpnCreation_IsoLogin_AddonUser
MerchantCreation_AgentLogin_AddonUser_WithoutFeeProfile
tpnCreation_IsoLogin_AddonUser
storeTpnCreation_IsoLogin_PrimaryUser
tpnCreation_IsoLogin_AddonUser
storeTpnCreation_IsoLogin_AddonUser
tpnCreation_IsoLogin_AddonUser
storeTpnCreation_AgentLogin_PrimaryUser
tpnCreation_IsoLogin_AddonUser
storeTpnCreation_AgentLogin_AddonUser
tpnCreation_IsoLogin_AddonUser
tpnCreation_IsoLogin_PrimaryUser
tpnCreation_IsoLogin_AddonUser
tpnCreation_IsoLogin_AddonUser
tpnCreation_IsoLogin_AddonUser
tpnCreation_AgentLogin_PrimaryUser
tpnCreation_IsoLogin_AddonUser
tpnCreation_AgentLogin_AddonUser
tpnCreation_IsoLogin_AddonUser
customFeeTxWithQPayNow_MerchantPrimaryLogin
tpnCreation_IsoLogin_AddonUser
surchargeFeeTxWithQPayNow_MerchantPrimaryLogin
tpnCreation_IsoLogin_AddonUser
customFeeTxWithQPaySendLink_MerchantPrimaryLogin
tpnCreation_IsoLogin_AddonUser
systemLoginDashboard
tpnCreation_IsoLogin_AddonUser
TransactionPageLoadingTest
tpnCreation_AgentLogin_PrimaryUser
MerchantCreation_IsoLogin_PrimaryUser_WithFeeProfile
tpnCreation_AgentLogin_PrimaryUser
merchantCreation_IsoLogin_PrimaryUser_WithoutFeeProfile
tpnCreation_AgentLogin_PrimaryUser
merchantCreation_IsoLogin_AddonUser_WithFeeProfile
tpnCreation_AgentLogin_PrimaryUser
merchantCreation_IsoLogin_AddonUser_WithoutFeeProfile
tpnCreation_AgentLogin_PrimaryUser
merchantCreation_AgentLogin_PrimaryUser_WithFee
tpnCreation_AgentLogin_PrimaryUser
merchantCreation_AgentLogin_PrimaryUser_WithoutFee
tpnCreation_AgentLogin_PrimaryUser
MerchantCreation_AgentLogin_AddonUser_WithFeeProfile
tpnCreation_AgentLogin_PrimaryUser
MerchantCreation_AgentLogin_AddonUser_WithoutFeeProfile
tpnCreation_AgentLogin_PrimaryUser
storeTpnCreation_IsoLogin_PrimaryUser
tpnCreation_AgentLogin_PrimaryUser
storeTpnCreation_IsoLogin_AddonUser
tpnCreation_AgentLogin_PrimaryUser
storeTpnCreation_AgentLogin_PrimaryUser
tpnCreation_AgentLogin_PrimaryUser
storeTpnCreation_AgentLogin_AddonUser
tpnCreation_AgentLogin_PrimaryUser
tpnCreation_IsoLogin_PrimaryUser
tpnCreation_AgentLogin_PrimaryUser
tpnCreation_IsoLogin_AddonUser
tpnCreation_AgentLogin_PrimaryUser
tpnCreation_AgentLogin_PrimaryUser
tpnCreation_AgentLogin_PrimaryUser
tpnCreation_AgentLogin_AddonUser
tpnCreation_AgentLogin_PrimaryUser
customFeeTxWithQPayNow_MerchantPrimaryLogin
tpnCreation_AgentLogin_PrimaryUser
surchargeFeeTxWithQPayNow_MerchantPrimaryLogin
tpnCreation_AgentLogin_PrimaryUser
customFeeTxWithQPaySendLink_MerchantPrimaryLogin
tpnCreation_AgentLogin_PrimaryUser
systemLoginDashboard
tpnCreation_AgentLogin_PrimaryUser
TransactionPageLoadingTest
tpnCreation_AgentLogin_AddonUser
MerchantCreation_IsoLogin_PrimaryUser_WithFeeProfile
tpnCreation_AgentLogin_AddonUser
merchantCreation_IsoLogin_PrimaryUser_WithoutFeeProfile
tpnCreation_AgentLogin_AddonUser
merchantCreation_IsoLogin_AddonUser_WithFeeProfile
tpnCreation_AgentLogin_AddonUser
merchantCreation_IsoLogin_AddonUser_WithoutFeeProfile
tpnCreation_AgentLogin_AddonUser
merchantCreation_AgentLogin_PrimaryUser_WithFee
tpnCreation_AgentLogin_AddonUser
merchantCreation_AgentLogin_PrimaryUser_WithoutFee
tpnCreation_AgentLogin_AddonUser
MerchantCreation_AgentLogin_AddonUser_WithFeeProfile
tpnCreation_AgentLogin_AddonUser
MerchantCreation_AgentLogin_AddonUser_WithoutFeeProfile
tpnCreation_AgentLogin_AddonUser
storeTpnCreation_IsoLogin_PrimaryUser
tpnCreation_AgentLogin_AddonUser
storeTpnCreation_IsoLogin_AddonUser
tpnCreation_AgentLogin_AddonUser
storeTpnCreation_AgentLogin_PrimaryUser
tpnCreation_AgentLogin_AddonUser
storeTpnCreation_AgentLogin_AddonUser
tpnCreation_AgentLogin_AddonUser
tpnCreation_IsoLogin_PrimaryUser
tpnCreation_AgentLogin_AddonUser
tpnCreation_IsoLogin_AddonUser
tpnCreation_AgentLogin_AddonUser
tpnCreation_AgentLogin_PrimaryUser
tpnCreation_AgentLogin_AddonUser
tpnCreation_AgentLogin_AddonUser
tpnCreation_AgentLogin_AddonUser
customFeeTxWithQPayNow_MerchantPrimaryLogin
tpnCreation_AgentLogin_AddonUser
surchargeFeeTxWithQPayNow_MerchantPrimaryLogin
tpnCreation_AgentLogin_AddonUser
customFeeTxWithQPaySendLink_MerchantPrimaryLogin
tpnCreation_AgentLogin_AddonUser
systemLoginDashboard
tpnCreation_AgentLogin_AddonUser
TransactionPageLoadingTest
customFeeTxWithQPayNow_MerchantPrimaryLogin
MerchantCreation_IsoLogin_PrimaryUser_WithFeeProfile
customFeeTxWithQPayNow_MerchantPrimaryLogin
merchantCreation_IsoLogin_PrimaryUser_WithoutFeeProfile
customFeeTxWithQPayNow_MerchantPrimaryLogin
merchantCreation_IsoLogin_AddonUser_WithFeeProfile
customFeeTxWithQPayNow_MerchantPrimaryLogin
merchantCreation_IsoLogin_AddonUser_WithoutFeeProfile
customFeeTxWithQPayNow_MerchantPrimaryLogin
merchantCreation_AgentLogin_PrimaryUser_WithFee
customFeeTxWithQPayNow_MerchantPrimaryLogin
merchantCreation_AgentLogin_PrimaryUser_WithoutFee
customFeeTxWithQPayNow_MerchantPrimaryLogin
MerchantCreation_AgentLogin_AddonUser_WithFeeProfile
customFeeTxWithQPayNow_MerchantPrimaryLogin
MerchantCreation_AgentLogin_AddonUser_WithoutFeeProfile
customFeeTxWithQPayNow_MerchantPrimaryLogin
storeTpnCreation_IsoLogin_PrimaryUser
customFeeTxWithQPayNow_MerchantPrimaryLogin
storeTpnCreation_IsoLogin_AddonUser
customFeeTxWithQPayNow_MerchantPrimaryLogin
storeTpnCreation_AgentLogin_PrimaryUser
customFeeTxWithQPayNow_MerchantPrimaryLogin
storeTpnCreation_AgentLogin_AddonUser
customFeeTxWithQPayNow_MerchantPrimaryLogin
tpnCreation_IsoLogin_PrimaryUser
customFeeTxWithQPayNow_MerchantPrimaryLogin
tpnCreation_IsoLogin_AddonUser
customFeeTxWithQPayNow_MerchantPrimaryLogin
tpnCreation_AgentLogin_PrimaryUser
customFeeTxWithQPayNow_MerchantPrimaryLogin
tpnCreation_AgentLogin_AddonUser
customFeeTxWithQPayNow_MerchantPrimaryLogin
customFeeTxWithQPayNow_MerchantPrimaryLogin
customFeeTxWithQPayNow_MerchantPrimaryLogin
surchargeFeeTxWithQPayNow_MerchantPrimaryLogin
customFeeTxWithQPayNow_MerchantPrimaryLogin
customFeeTxWithQPaySendLink_MerchantPrimaryLogin
customFeeTxWithQPayNow_MerchantPrimaryLogin
systemLoginDashboard
customFeeTxWithQPayNow_MerchantPrimaryLogin
TransactionPageLoadingTest
surchargeFeeTxWithQPayNow_MerchantPrimaryLogin
MerchantCreation_IsoLogin_PrimaryUser_WithFeeProfile
surchargeFeeTxWithQPayNow_MerchantPrimaryLogin
merchantCreation_IsoLogin_PrimaryUser_WithoutFeeProfile
surchargeFeeTxWithQPayNow_MerchantPrimaryLogin
merchantCreation_IsoLogin_AddonUser_WithFeeProfile
surchargeFeeTxWithQPayNow_MerchantPrimaryLogin
merchantCreation_IsoLogin_AddonUser_WithoutFeeProfile
surchargeFeeTxWithQPayNow_MerchantPrimaryLogin
merchantCreation_AgentLogin_PrimaryUser_WithFee
surchargeFeeTxWithQPayNow_MerchantPrimaryLogin
merchantCreation_AgentLogin_PrimaryUser_WithoutFee
surchargeFeeTxWithQPayNow_MerchantPrimaryLogin
MerchantCreation_AgentLogin_AddonUser_WithFeeProfile
surchargeFeeTxWithQPayNow_MerchantPrimaryLogin
MerchantCreation_AgentLogin_AddonUser_WithoutFeeProfile
surchargeFeeTxWithQPayNow_MerchantPrimaryLogin
storeTpnCreation_IsoLogin_PrimaryUser
surchargeFeeTxWithQPayNow_MerchantPrimaryLogin
storeTpnCreation_IsoLogin_AddonUser
surchargeFeeTxWithQPayNow_MerchantPrimaryLogin
storeTpnCreation_AgentLogin_PrimaryUser
surchargeFeeTxWithQPayNow_MerchantPrimaryLogin
storeTpnCreation_AgentLogin_AddonUser
surchargeFeeTxWithQPayNow_MerchantPrimaryLogin
tpnCreation_IsoLogin_PrimaryUser
surchargeFeeTxWithQPayNow_MerchantPrimaryLogin
tpnCreation_IsoLogin_AddonUser
surchargeFeeTxWithQPayNow_MerchantPrimaryLogin
tpnCreation_AgentLogin_PrimaryUser
surchargeFeeTxWithQPayNow_MerchantPrimaryLogin
tpnCreation_AgentLogin_AddonUser
surchargeFeeTxWithQPayNow_MerchantPrimaryLogin
customFeeTxWithQPayNow_MerchantPrimaryLogin
surchargeFeeTxWithQPayNow_MerchantPrimaryLogin
surchargeFeeTxWithQPayNow_MerchantPrimaryLogin
surchargeFeeTxWithQPayNow_MerchantPrimaryLogin
customFeeTxWithQPaySendLink_MerchantPrimaryLogin
surchargeFeeTxWithQPayNow_MerchantPrimaryLogin
systemLoginDashboard
surchargeFeeTxWithQPayNow_MerchantPrimaryLogin
TransactionPageLoadingTest
customFeeTxWithQPaySendLink_MerchantPrimaryLogin
MerchantCreation_IsoLogin_PrimaryUser_WithFeeProfile
customFeeTxWithQPaySendLink_MerchantPrimaryLogin
merchantCreation_IsoLogin_PrimaryUser_WithoutFeeProfile
customFeeTxWithQPaySendLink_MerchantPrimaryLogin
merchantCreation_IsoLogin_AddonUser_WithFeeProfile
customFeeTxWithQPaySendLink_MerchantPrimaryLogin
merchantCreation_IsoLogin_AddonUser_WithoutFeeProfile
customFeeTxWithQPaySendLink_MerchantPrimaryLogin
merchantCreation_AgentLogin_PrimaryUser_WithFee
customFeeTxWithQPaySendLink_MerchantPrimaryLogin
merchantCreation_AgentLogin_PrimaryUser_WithoutFee
customFeeTxWithQPaySendLink_MerchantPrimaryLogin
MerchantCreation_AgentLogin_AddonUser_WithFeeProfile
customFeeTxWithQPaySendLink_MerchantPrimaryLogin
MerchantCreation_AgentLogin_AddonUser_WithoutFeeProfile
customFeeTxWithQPaySendLink_MerchantPrimaryLogin
storeTpnCreation_IsoLogin_PrimaryUser
customFeeTxWithQPaySendLink_MerchantPrimaryLogin
storeTpnCreation_IsoLogin_AddonUser
customFeeTxWithQPaySendLink_MerchantPrimaryLogin
storeTpnCreation_AgentLogin_PrimaryUser
customFeeTxWithQPaySendLink_MerchantPrimaryLogin
storeTpnCreation_AgentLogin_AddonUser
customFeeTxWithQPaySendLink_MerchantPrimaryLogin
tpnCreation_IsoLogin_PrimaryUser
customFeeTxWithQPaySendLink_MerchantPrimaryLogin
tpnCreation_IsoLogin_AddonUser
customFeeTxWithQPaySendLink_MerchantPrimaryLogin
tpnCreation_AgentLogin_PrimaryUser
customFeeTxWithQPaySendLink_MerchantPrimaryLogin
tpnCreation_AgentLogin_AddonUser
customFeeTxWithQPaySendLink_MerchantPrimaryLogin
customFeeTxWithQPayNow_MerchantPrimaryLogin
customFeeTxWithQPaySendLink_MerchantPrimaryLogin
surchargeFeeTxWithQPayNow_MerchantPrimaryLogin
customFeeTxWithQPaySendLink_MerchantPrimaryLogin
customFeeTxWithQPaySendLink_MerchantPrimaryLogin
customFeeTxWithQPaySendLink_MerchantPrimaryLogin
systemLoginDashboard
customFeeTxWithQPaySendLink_MerchantPrimaryLogin
TransactionPageLoadingTest
systemLoginDashboard
MerchantCreation_IsoLogin_PrimaryUser_WithFeeProfile
systemLoginDashboard
merchantCreation_IsoLogin_PrimaryUser_WithoutFeeProfile
systemLoginDashboard
merchantCreation_IsoLogin_AddonUser_WithFeeProfile
systemLoginDashboard
merchantCreation_IsoLogin_AddonUser_WithoutFeeProfile
systemLoginDashboard
merchantCreation_AgentLogin_PrimaryUser_WithFee
systemLoginDashboard
merchantCreation_AgentLogin_PrimaryUser_WithoutFee
systemLoginDashboard
MerchantCreation_AgentLogin_AddonUser_WithFeeProfile
systemLoginDashboard
MerchantCreation_AgentLogin_AddonUser_WithoutFeeProfile
systemLoginDashboard
storeTpnCreation_IsoLogin_PrimaryUser
systemLoginDashboard
storeTpnCreation_IsoLogin_AddonUser
systemLoginDashboard
storeTpnCreation_AgentLogin_PrimaryUser
systemLoginDashboard
storeTpnCreation_AgentLogin_AddonUser
systemLoginDashboard
tpnCreation_IsoLogin_PrimaryUser
systemLoginDashboard
tpnCreation_IsoLogin_AddonUser
systemLoginDashboard
tpnCreation_AgentLogin_PrimaryUser
systemLoginDashboard
tpnCreation_AgentLogin_AddonUser
systemLoginDashboard
customFeeTxWithQPayNow_MerchantPrimaryLogin
systemLoginDashboard
surchargeFeeTxWithQPayNow_MerchantPrimaryLogin
systemLoginDashboard
customFeeTxWithQPaySendLink_MerchantPrimaryLogin
systemLoginDashboard
systemLoginDashboard
systemLoginDashboard
TransactionPageLoadingTest
TransactionPageLoadingTest
MerchantCreation_IsoLogin_PrimaryUser_WithFeeProfile
TransactionPageLoadingTest
merchantCreation_IsoLogin_PrimaryUser_WithoutFeeProfile
TransactionPageLoadingTest
merchantCreation_IsoLogin_AddonUser_WithFeeProfile
TransactionPageLoadingTest
merchantCreation_IsoLogin_AddonUser_WithoutFeeProfile
TransactionPageLoadingTest
merchantCreation_AgentLogin_PrimaryUser_WithFee
TransactionPageLoadingTest
merchantCreation_AgentLogin_PrimaryUser_WithoutFee
TransactionPageLoadingTest
MerchantCreation_AgentLogin_AddonUser_WithFeeProfile
TransactionPageLoadingTest
MerchantCreation_AgentLogin_AddonUser_WithoutFeeProfile
TransactionPageLoadingTest
storeTpnCreation_IsoLogin_PrimaryUser
TransactionPageLoadingTest
storeTpnCreation_IsoLogin_AddonUser
TransactionPageLoadingTest
storeTpnCreation_AgentLogin_PrimaryUser
TransactionPageLoadingTest
storeTpnCreation_AgentLogin_AddonUser
TransactionPageLoadingTest
tpnCreation_IsoLogin_PrimaryUser
TransactionPageLoadingTest
tpnCreation_IsoLogin_AddonUser
TransactionPageLoadingTest
tpnCreation_AgentLogin_PrimaryUser
TransactionPageLoadingTest
tpnCreation_AgentLogin_AddonUser
TransactionPageLoadingTest
customFeeTxWithQPayNow_MerchantPrimaryLogin
TransactionPageLoadingTest
surchargeFeeTxWithQPayNow_MerchantPrimaryLogin
TransactionPageLoadingTest
customFeeTxWithQPaySendLink_MerchantPrimaryLogin
TransactionPageLoadingTest
systemLoginDashboard
TransactionPageLoadingTest
TransactionPageLoadingTest
{CardNumber=5146 3150 0000 0055, country=India, Action=QuickPay, Email=@cloud-mail.top, Description=Description, Tax=No, DisplayLabel=CustomFee, CustomFee TPN=364222214920 , TPN=364222214920 , Phone=, ValueAdd=Disable, MerchantPrimaryPwd=Denovo@2021, MerchantPrimaryUser=warren@cloud-mail.top, typePercentageOrDollar=%, DiscloseFee=Yes, Expected FeeAmt=0.10, Capped At=4.99, ISOPrimaryEmail=bhaskarmurthy215@gmail.com, Fee=Enable, Amount=2.00, Expiration=12/24, Transaction Type=Sale, Disclaimer=Disclaimer, Expected TotalAmt=2.10, Payment Type=Sendlink, Expire=OneWeek, References=references12, Fee Type=CustomFee, Expected BaseAmt=2.01, Tip=No, Percentage Of Tx Amount=100, ISOPrimaryPwd=Denovo@2021, Browser=Chrome}
//label[text()='Tip']//following::p-selectbutton[1]//span[text()='No']//parent::div
true
Already Tip disable
Already Tax disable
]]></system-out>
    <system-err><![CDATA[SLF4J: Failed to load class "org.slf4j.impl.StaticLoggerBinder".
SLF4J: Defaulting to no-operation (NOP) logger implementation
SLF4J: See http://www.slf4j.org/codes.html#StaticLoggerBinder for further details.
Starting ChromeDriver 112.0.5615.49 (bd2a7bcb881c11e8cfe3078709382934e3916914-refs/branch-heads/5615@{#936}) on port 40157
Only local connections are allowed.
Please see https://chromedriver.chromium.org/security-considerations for suggestions on keeping ChromeDriver safe.
ChromeDriver was started successfully.
Apr 16, 2023 12:11:58 AM org.openqa.selenium.remote.ProtocolHandshake createSession
INFO: Detected dialect: W3C
org.openqa.selenium.NoSuchWindowException: no such window: target window already closed
from unknown error: web view not found
  (Session info: chrome=112.0.5615.87)
Build info: version: '3.141.59', revision: 'e82be7d358', time: '2018-11-14T08:17:03'
System info: host: 'DESKTOP-2K98EE4', ip: '192.168.0.167', os.name: 'Windows 10', os.arch: 'amd64', os.version: '10.0', java.version: '11.0.17'
Driver info: org.openqa.selenium.chrome.ChromeDriver
Capabilities {acceptInsecureCerts: false, browserName: chrome, browserVersion: 112.0.5615.87, chrome: {chromedriverVersion: 112.0.5615.49 (bd2a7bcb881c..., userDataDir: C:\Users\MYPC~1\AppData\Loc...}, goog:chromeOptions: {debuggerAddress: localhost:55766}, javascriptEnabled: true, networkConnectionEnabled: false, pageLoadStrategy: normal, platform: WINDOWS, platformName: WINDOWS, proxy: Proxy(), setWindowRect: true, strictFileInteractability: false, timeouts: {implicit: 0, pageLoad: 300000, script: 30000}, unhandledPromptBehavior: dismiss and notify, webauthn:extension:credBlob: true, webauthn:extension:largeBlob: true, webauthn:extension:minPinLength: true, webauthn:extension:prf: true, webauthn:virtualAuthenticators: true}
Session ID: 759acb38e4907b1b0953b62e20fb8466
	at jdk.internal.reflect.GeneratedConstructorAccessor26.newInstance(Unknown Source)
	at java.base/jdk.internal.reflect.DelegatingConstructorAccessorImpl.newInstance(DelegatingConstructorAccessorImpl.java:45)
	at java.base/java.lang.reflect.Constructor.newInstance(Constructor.java:490)
	at org.openqa.selenium.remote.http.W3CHttpResponseCodec.createException(W3CHttpResponseCodec.java:187)
	at org.openqa.selenium.remote.http.W3CHttpResponseCodec.decode(W3CHttpResponseCodec.java:122)
	at org.openqa.selenium.remote.http.W3CHttpResponseCodec.decode(W3CHttpResponseCodec.java:49)
	at org.openqa.selenium.remote.HttpCommandExecutor.execute(HttpCommandExecutor.java:158)
	at org.openqa.selenium.remote.service.DriverCommandExecutor.execute(DriverCommandExecutor.java:83)
	at org.openqa.selenium.remote.RemoteWebDriver.execute(RemoteWebDriver.java:552)
	at org.openqa.selenium.remote.RemoteWebDriver.execute(RemoteWebDriver.java:609)
	at org.openqa.selenium.remote.RemoteWebDriver.getScreenshotAs(RemoteWebDriver.java:295)
	at com.denovo.Util.ScreenshotUtils.getBase64Image(ScreenshotUtils.java:14)
	at com.denovo.Reports.ExtentLogger.fail(ExtentLogger.java:43)
	at com.denovo.Listeners.ListenerClass.onTestFailure(ListenerClass.java:39)
	at org.testng.internal.TestListenerHelper.runTestListeners(TestListenerHelper.java:96)
	at org.testng.internal.TestInvoker.runTestResultListener(TestInvoker.java:219)
	at org.testng.internal.TestInvoker.invokeMethod(TestInvoker.java:656)
	at org.testng.internal.TestInvoker.invokeTestMethod(TestInvoker.java:173)
	at org.testng.internal.MethodRunner.runInSequence(MethodRunner.java:46)
	at org.testng.internal.TestInvoker$MethodInvocationAgent.invoke(TestInvoker.java:824)
	at org.testng.internal.TestInvoker.invokeTestMethods(TestInvoker.java:146)
	at org.testng.internal.TestMethodWorker.invokeTestMethods(TestMethodWorker.java:146)
	at org.testng.internal.TestMethodWorker.run(TestMethodWorker.java:128)
	at java.base/java.util.concurrent.ThreadPoolExecutor.runWorker(ThreadPoolExecutor.java:1128)
	at java.base/java.util.concurrent.ThreadPoolExecutor$Worker.run(ThreadPoolExecutor.java:628)
	at java.base/java.lang.Thread.run(Thread.java:834)
]]></system-err>
  </testcase>
  <testcase name="TransactionPageLoadingTest[{SystemPrimaryPWD=Denovo@2021, SystemPrimaryEmail=bmurthy@denovosystem.com, Browser=Chrome}](1)" classname="com.denovo.testscripts.SystemLoginTransactionTest" time="16.401">
    <system-out><![CDATA[{SystemPrimaryPWD=Denovo@2021, SystemPrimaryEmail=bmurthy@denovosystem.com, Browser=Chrome}
]]></system-out>
    <system-err><![CDATA[Starting ChromeDriver 112.0.5615.49 (bd2a7bcb881c11e8cfe3078709382934e3916914-refs/branch-heads/5615@{#936}) on port 47696
Only local connections are allowed.
Please see https://chromedriver.chromium.org/security-considerations for suggestions on keeping ChromeDriver safe.
ChromeDriver was started successfully.
Apr 16, 2023 12:12:38 AM org.openqa.selenium.remote.ProtocolHandshake createSession
INFO: Detected dialect: W3C
]]></system-err>
  </testcase>
</testsuite>