<?xml version="1.0" encoding="UTF-8"?>
<testsuite xmlns:xsi="http://www.w3.org/2001/XMLSchema-instance" xsi:noNamespaceSchemaLocation="https://maven.apache.org/surefire/maven-surefire-plugin/xsd/surefire-test-report-3.0.xsd" version="3.0" name="TestSuite" time="33.689" tests="1" errors="0" skipped="0" failures="0">
  <properties>
    <property name="java.specification.version" value="15"/>
    <property name="webdriver.chrome.driver" value="C:\Users\MY PC\.cache\selenium\chromedriver\win32\112.0.5615.49\chromedriver.exe"/>
    <property name="sun.cpu.isalist" value="amd64"/>
    <property name="sun.jnu.encoding" value="Cp1252"/>
    <property name="sun.awt.enableExtraMouseButtons" value="true"/>
    <property name="java.class.path" value="E:\IntelljWorkspaces\target\test-classes;E:\IntelljWorkspaces\target\classes;C:\Users\MY PC\.m2\repository\org\seleniumhq\selenium\selenium-java\3.141.59\selenium-java-3.141.59.jar;C:\Users\MY PC\.m2\repository\org\seleniumhq\selenium\selenium-api\3.141.59\selenium-api-3.141.59.jar;C:\Users\MY PC\.m2\repository\org\seleniumhq\selenium\selenium-chrome-driver\3.141.59\selenium-chrome-driver-3.141.59.jar;C:\Users\MY PC\.m2\repository\org\seleniumhq\selenium\selenium-edge-driver\3.141.59\selenium-edge-driver-3.141.59.jar;C:\Users\MY PC\.m2\repository\org\seleniumhq\selenium\selenium-firefox-driver\3.141.59\selenium-firefox-driver-3.141.59.jar;C:\Users\MY PC\.m2\repository\org\seleniumhq\selenium\selenium-ie-driver\3.141.59\selenium-ie-driver-3.141.59.jar;C:\Users\MY PC\.m2\repository\org\seleniumhq\selenium\selenium-opera-driver\3.141.59\selenium-opera-driver-3.141.59.jar;C:\Users\MY PC\.m2\repository\org\seleniumhq\selenium\selenium-remote-driver\3.141.59\selenium-remote-driver-3.141.59.jar;C:\Users\MY PC\.m2\repository\org\seleniumhq\selenium\selenium-safari-driver\3.141.59\selenium-safari-driver-3.141.59.jar;C:\Users\MY PC\.m2\repository\org\seleniumhq\selenium\selenium-support\3.141.59\selenium-support-3.141.59.jar;C:\Users\MY PC\.m2\repository\net\bytebuddy\byte-buddy\1.8.15\byte-buddy-1.8.15.jar;C:\Users\MY PC\.m2\repository\org\apache\commons\commons-exec\1.3\commons-exec-1.3.jar;C:\Users\MY PC\.m2\repository\com\google\guava\guava\25.0-jre\guava-25.0-jre.jar;C:\Users\MY PC\.m2\repository\com\google\code\findbugs\jsr305\1.3.9\jsr305-1.3.9.jar;C:\Users\MY PC\.m2\repository\org\checkerframework\checker-compat-qual\2.0.0\checker-compat-qual-2.0.0.jar;C:\Users\MY PC\.m2\repository\com\google\errorprone\error_prone_annotations\2.1.3\error_prone_annotations-2.1.3.jar;C:\Users\MY PC\.m2\repository\com\google\j2objc\j2objc-annotations\1.1\j2objc-annotations-1.1.jar;C:\Users\MY PC\.m2\repository\org\codehaus\mojo\animal-sniffer-annotations\1.14\animal-sniffer-annotations-1.14.jar;C:\Users\MY PC\.m2\repository\com\squareup\okhttp3\okhttp\3.11.0\okhttp-3.11.0.jar;C:\Users\MY PC\.m2\repository\com\squareup\okio\okio\1.14.0\okio-1.14.0.jar;C:\Users\MY PC\.m2\repository\org\testng\testng\7.4.0\testng-7.4.0.jar;C:\Users\MY PC\.m2\repository\com\beust\jcommander\1.78\jcommander-1.78.jar;C:\Users\MY PC\.m2\repository\org\webjars\jquery\3.5.1\jquery-3.5.1.jar;C:\Users\MY PC\.m2\repository\org\aspectj\aspectjweaver\1.9.7\aspectjweaver-1.9.7.jar;C:\Users\MY PC\.m2\repository\org\json\json\20210307\json-20210307.jar;C:\Users\MY PC\.m2\repository\io\github\bonigarcia\webdrivermanager\4.3.1\webdrivermanager-4.3.1.jar;C:\Users\MY PC\.m2\repository\commons-io\commons-io\2.8.0\commons-io-2.8.0.jar;C:\Users\MY PC\.m2\repository\com\google\code\gson\gson\2.8.6\gson-2.8.6.jar;C:\Users\MY PC\.m2\repository\org\apache\commons\commons-lang3\3.11\commons-lang3-3.11.jar;C:\Users\MY PC\.m2\repository\org\apache\httpcomponents\client5\httpclient5\5.0.3\httpclient5-5.0.3.jar;C:\Users\MY PC\.m2\repository\org\apache\httpcomponents\core5\httpcore5\5.0.2\httpcore5-5.0.2.jar;C:\Users\MY PC\.m2\repository\org\apache\httpcomponents\core5\httpcore5-h2\5.0.2\httpcore5-h2-5.0.2.jar;C:\Users\MY PC\.m2\repository\org\rauschig\jarchivelib\1.1.0\jarchivelib-1.1.0.jar;C:\Users\MY PC\.m2\repository\org\jsoup\jsoup\1.13.1\jsoup-1.13.1.jar;C:\Users\MY PC\.m2\repository\com\aventstack\extentreports\5.0.8\extentreports-5.0.8.jar;C:\Users\MY PC\.m2\repository\io\reactivex\rxjava3\rxjava\3.0.4\rxjava-3.0.4.jar;C:\Users\MY PC\.m2\repository\org\reactivestreams\reactive-streams\1.0.3\reactive-streams-1.0.3.jar;C:\Users\MY PC\.m2\repository\org\freemarker\freemarker\2.3.30\freemarker-2.3.30.jar;C:\Users\MY PC\.m2\repository\org\projectlombok\lombok\1.18.12\lombok-1.18.12.jar;C:\Users\MY PC\.m2\repository\org\apache\poi\poi-ooxml\5.0.0\poi-ooxml-5.0.0.jar;C:\Users\MY PC\.m2\repository\org\apache\poi\poi-ooxml-lite\5.0.0\poi-ooxml-lite-5.0.0.jar;C:\Users\MY PC\.m2\repository\org\apache\xmlbeans\xmlbeans\4.0.0\xmlbeans-4.0.0.jar;C:\Users\MY PC\.m2\repository\org\apache\commons\commons-compress\1.20\commons-compress-1.20.jar;C:\Users\MY PC\.m2\repository\com\github\virtuald\curvesapi\1.06\curvesapi-1.06.jar;C:\Users\MY PC\.m2\repository\org\bouncycastle\bcpkix-jdk15on\1.68\bcpkix-jdk15on-1.68.jar;C:\Users\MY PC\.m2\repository\org\bouncycastle\bcprov-jdk15on\1.68\bcprov-jdk15on-1.68.jar;C:\Users\MY PC\.m2\repository\org\apache\santuario\xmlsec\2.2.1\xmlsec-2.2.1.jar;C:\Users\MY PC\.m2\repository\com\fasterxml\woodstox\woodstox-core\5.2.1\woodstox-core-5.2.1.jar;C:\Users\MY PC\.m2\repository\org\codehaus\woodstox\stax2-api\4.2\stax2-api-4.2.jar;C:\Users\MY PC\.m2\repository\jakarta\xml\bind\jakarta.xml.bind-api\2.3.2\jakarta.xml.bind-api-2.3.2.jar;C:\Users\MY PC\.m2\repository\jakarta\activation\jakarta.activation-api\1.2.1\jakarta.activation-api-1.2.1.jar;C:\Users\MY PC\.m2\repository\org\apache\xmlgraphics\batik-all\1.13\batik-all-1.13.jar;C:\Users\MY PC\.m2\repository\org\apache\xmlgraphics\batik-anim\1.13\batik-anim-1.13.jar;C:\Users\MY PC\.m2\repository\org\apache\xmlgraphics\batik-shared-resources\1.13\batik-shared-resources-1.13.jar;C:\Users\MY PC\.m2\repository\xml-apis\xml-apis-ext\1.3.04\xml-apis-ext-1.3.04.jar;C:\Users\MY PC\.m2\repository\org\apache\xmlgraphics\batik-awt-util\1.13\batik-awt-util-1.13.jar;C:\Users\MY PC\.m2\repository\org\apache\xmlgraphics\xmlgraphics-commons\2.4\xmlgraphics-commons-2.4.jar;C:\Users\MY PC\.m2\repository\org\apache\xmlgraphics\batik-bridge\1.13\batik-bridge-1.13.jar;C:\Users\MY PC\.m2\repository\org\apache\xmlgraphics\batik-codec\1.13\batik-codec-1.13.jar;C:\Users\MY PC\.m2\repository\org\apache\xmlgraphics\batik-constants\1.13\batik-constants-1.13.jar;C:\Users\MY PC\.m2\repository\org\apache\xmlgraphics\batik-css\1.13\batik-css-1.13.jar;C:\Users\MY PC\.m2\repository\org\apache\xmlgraphics\batik-dom\1.13\batik-dom-1.13.jar;C:\Users\MY PC\.m2\repository\xalan\xalan\2.7.2\xalan-2.7.2.jar;C:\Users\MY PC\.m2\repository\xalan\serializer\2.7.2\serializer-2.7.2.jar;C:\Users\MY PC\.m2\repository\xml-apis\xml-apis\1.4.01\xml-apis-1.4.01.jar;C:\Users\MY PC\.m2\repository\org\apache\xmlgraphics\batik-ext\1.13\batik-ext-1.13.jar;C:\Users\MY PC\.m2\repository\org\apache\xmlgraphics\batik-extension\1.13\batik-extension-1.13.jar;C:\Users\MY PC\.m2\repository\org\apache\xmlgraphics\batik-gui-util\1.13\batik-gui-util-1.13.jar;C:\Users\MY PC\.m2\repository\org\apache\xmlgraphics\batik-gvt\1.13\batik-gvt-1.13.jar;C:\Users\MY PC\.m2\repository\org\apache\xmlgraphics\batik-i18n\1.13\batik-i18n-1.13.jar;C:\Users\MY PC\.m2\repository\org\apache\xmlgraphics\batik-parser\1.13\batik-parser-1.13.jar;C:\Users\MY PC\.m2\repository\org\apache\xmlgraphics\batik-rasterizer-ext\1.13\batik-rasterizer-ext-1.13.jar;C:\Users\MY PC\.m2\repository\org\apache\xmlgraphics\batik-rasterizer\1.13\batik-rasterizer-1.13.jar;C:\Users\MY PC\.m2\repository\org\apache\xmlgraphics\batik-script\1.13\batik-script-1.13.jar;C:\Users\MY PC\.m2\repository\org\apache\xmlgraphics\batik-slideshow\1.13\batik-slideshow-1.13.jar;C:\Users\MY PC\.m2\repository\org\apache\xmlgraphics\batik-squiggle-ext\1.13\batik-squiggle-ext-1.13.jar;C:\Users\MY PC\.m2\repository\org\apache\xmlgraphics\batik-squiggle\1.13\batik-squiggle-1.13.jar;C:\Users\MY PC\.m2\repository\org\apache\xmlgraphics\batik-svg-dom\1.13\batik-svg-dom-1.13.jar;C:\Users\MY PC\.m2\repository\org\apache\xmlgraphics\batik-svgbrowser\1.13\batik-svgbrowser-1.13.jar;C:\Users\MY PC\.m2\repository\org\apache\xmlgraphics\batik-svggen\1.13\batik-svggen-1.13.jar;C:\Users\MY PC\.m2\repository\org\apache\xmlgraphics\batik-svgpp\1.13\batik-svgpp-1.13.jar;C:\Users\MY PC\.m2\repository\org\apache\xmlgraphics\batik-svgrasterizer\1.13\batik-svgrasterizer-1.13.jar;C:\Users\MY PC\.m2\repository\org\apache\xmlgraphics\batik-swing\1.13\batik-swing-1.13.jar;C:\Users\MY PC\.m2\repository\org\apache\xmlgraphics\batik-transcoder\1.13\batik-transcoder-1.13.jar;C:\Users\MY PC\.m2\repository\org\apache\xmlgraphics\batik-util\1.13\batik-util-1.13.jar;C:\Users\MY PC\.m2\repository\org\apache\xmlgraphics\batik-ttf2svg\1.13\batik-ttf2svg-1.13.jar;C:\Users\MY PC\.m2\repository\org\apache\xmlgraphics\batik-xml\1.13\batik-xml-1.13.jar;C:\Users\MY PC\.m2\repository\de\rototor\pdfbox\graphics2d\0.30\graphics2d-0.30.jar;C:\Users\MY PC\.m2\repository\org\apache\pdfbox\pdfbox\2.0.22\pdfbox-2.0.22.jar;C:\Users\MY PC\.m2\repository\org\apache\pdfbox\fontbox\2.0.22\fontbox-2.0.22.jar;C:\Users\MY PC\.m2\repository\org\apache\poi\poi\5.0.0\poi-5.0.0.jar;C:\Users\MY PC\.m2\repository\org\slf4j\jcl-over-slf4j\1.7.30\jcl-over-slf4j-1.7.30.jar;C:\Users\MY PC\.m2\repository\commons-codec\commons-codec\1.15\commons-codec-1.15.jar;C:\Users\MY PC\.m2\repository\org\apache\commons\commons-collections4\4.4\commons-collections4-4.4.jar;C:\Users\MY PC\.m2\repository\org\apache\commons\commons-math3\3.6.1\commons-math3-3.6.1.jar;C:\Users\MY PC\.m2\repository\com\zaxxer\SparseBitSet\1.2\SparseBitSet-1.2.jar;C:\Users\MY PC\.m2\repository\org\assertj\assertj-core\3.24.2\assertj-core-3.24.2.jar;C:\Users\MY PC\.m2\repository\ru\yandex\qatools\ashot\ashot\1.5.4\ashot-1.5.4.jar;C:\Users\MY PC\.m2\repository\org\hamcrest\hamcrest-core\1.3\hamcrest-core-1.3.jar;C:\Users\MY PC\.m2\repository\mysql\mysql-connector-java\8.0.23\mysql-connector-java-8.0.23.jar;C:\Users\MY PC\.m2\repository\com\google\protobuf\protobuf-java\3.11.4\protobuf-java-3.11.4.jar;C:\Users\MY PC\.m2\repository\com\googlecode\json-simple\json-simple\1.1.1\json-simple-1.1.1.jar;C:\Users\MY PC\.m2\repository\junit\junit\4.10\junit-4.10.jar;C:\Users\MY PC\.m2\repository\org\slf4j\slf4j-api\1.7.32\slf4j-api-1.7.32.jar;C:\Users\MY PC\.m2\repository\log4j\log4j\1.2.17\log4j-1.2.17.jar;C:\Users\MY PC\.m2\repository\org\jetbrains\annotations\21.0.1\annotations-21.0.1.jar;"/>
    <property name="java.vm.vendor" value="Oracle Corporation"/>
    <property name="sun.arch.data.model" value="64"/>
    <property name="user.variant" value=""/>
    <property name="java.vendor.url" value="https://java.oracle.com/"/>
    <property name="user.timezone" value="Asia/Calcutta"/>
    <property name="os.name" value="Windows 10"/>
    <property name="java.vm.specification.version" value="15"/>
    <property name="sun.java.launcher" value="SUN_STANDARD"/>
    <property name="user.country" value="IN"/>
    <property name="sun.boot.library.path" value="C:\Program Files\Java\jdk-15.0.2\bin"/>
    <property name="sun.java.command" value="C:\Users\MY PC\AppData\Local\Temp\surefire5799442599932226573\surefirebooter-20230416152638028_3.jar C:\Users\MY PC\AppData\Local\Temp\surefire5799442599932226573 2023-04-16T15-26-37_501-jvmRun1 surefire-20230416152638028_1tmp surefire_0-20230416152638028_2tmp"/>
    <property name="jdk.debug" value="release"/>
    <property name="surefire.test.class.path" value="E:\IntelljWorkspaces\target\test-classes;E:\IntelljWorkspaces\target\classes;C:\Users\MY PC\.m2\repository\org\seleniumhq\selenium\selenium-java\3.141.59\selenium-java-3.141.59.jar;C:\Users\MY PC\.m2\repository\org\seleniumhq\selenium\selenium-api\3.141.59\selenium-api-3.141.59.jar;C:\Users\MY PC\.m2\repository\org\seleniumhq\selenium\selenium-chrome-driver\3.141.59\selenium-chrome-driver-3.141.59.jar;C:\Users\MY PC\.m2\repository\org\seleniumhq\selenium\selenium-edge-driver\3.141.59\selenium-edge-driver-3.141.59.jar;C:\Users\MY PC\.m2\repository\org\seleniumhq\selenium\selenium-firefox-driver\3.141.59\selenium-firefox-driver-3.141.59.jar;C:\Users\MY PC\.m2\repository\org\seleniumhq\selenium\selenium-ie-driver\3.141.59\selenium-ie-driver-3.141.59.jar;C:\Users\MY PC\.m2\repository\org\seleniumhq\selenium\selenium-opera-driver\3.141.59\selenium-opera-driver-3.141.59.jar;C:\Users\MY PC\.m2\repository\org\seleniumhq\selenium\selenium-remote-driver\3.141.59\selenium-remote-driver-3.141.59.jar;C:\Users\MY PC\.m2\repository\org\seleniumhq\selenium\selenium-safari-driver\3.141.59\selenium-safari-driver-3.141.59.jar;C:\Users\MY PC\.m2\repository\org\seleniumhq\selenium\selenium-support\3.141.59\selenium-support-3.141.59.jar;C:\Users\MY PC\.m2\repository\net\bytebuddy\byte-buddy\1.8.15\byte-buddy-1.8.15.jar;C:\Users\MY PC\.m2\repository\org\apache\commons\commons-exec\1.3\commons-exec-1.3.jar;C:\Users\MY PC\.m2\repository\com\google\guava\guava\25.0-jre\guava-25.0-jre.jar;C:\Users\MY PC\.m2\repository\com\google\code\findbugs\jsr305\1.3.9\jsr305-1.3.9.jar;C:\Users\MY PC\.m2\repository\org\checkerframework\checker-compat-qual\2.0.0\checker-compat-qual-2.0.0.jar;C:\Users\MY PC\.m2\repository\com\google\errorprone\error_prone_annotations\2.1.3\error_prone_annotations-2.1.3.jar;C:\Users\MY PC\.m2\repository\com\google\j2objc\j2objc-annotations\1.1\j2objc-annotations-1.1.jar;C:\Users\MY PC\.m2\repository\org\codehaus\mojo\animal-sniffer-annotations\1.14\animal-sniffer-annotations-1.14.jar;C:\Users\MY PC\.m2\repository\com\squareup\okhttp3\okhttp\3.11.0\okhttp-3.11.0.jar;C:\Users\MY PC\.m2\repository\com\squareup\okio\okio\1.14.0\okio-1.14.0.jar;C:\Users\MY PC\.m2\repository\org\testng\testng\7.4.0\testng-7.4.0.jar;C:\Users\MY PC\.m2\repository\com\beust\jcommander\1.78\jcommander-1.78.jar;C:\Users\MY PC\.m2\repository\org\webjars\jquery\3.5.1\jquery-3.5.1.jar;C:\Users\MY PC\.m2\repository\org\aspectj\aspectjweaver\1.9.7\aspectjweaver-1.9.7.jar;C:\Users\MY PC\.m2\repository\org\json\json\20210307\json-20210307.jar;C:\Users\MY PC\.m2\repository\io\github\bonigarcia\webdrivermanager\4.3.1\webdrivermanager-4.3.1.jar;C:\Users\MY PC\.m2\repository\commons-io\commons-io\2.8.0\commons-io-2.8.0.jar;C:\Users\MY PC\.m2\repository\com\google\code\gson\gson\2.8.6\gson-2.8.6.jar;C:\Users\MY PC\.m2\repository\org\apache\commons\commons-lang3\3.11\commons-lang3-3.11.jar;C:\Users\MY PC\.m2\repository\org\apache\httpcomponents\client5\httpclient5\5.0.3\httpclient5-5.0.3.jar;C:\Users\MY PC\.m2\repository\org\apache\httpcomponents\core5\httpcore5\5.0.2\httpcore5-5.0.2.jar;C:\Users\MY PC\.m2\repository\org\apache\httpcomponents\core5\httpcore5-h2\5.0.2\httpcore5-h2-5.0.2.jar;C:\Users\MY PC\.m2\repository\org\rauschig\jarchivelib\1.1.0\jarchivelib-1.1.0.jar;C:\Users\MY PC\.m2\repository\org\jsoup\jsoup\1.13.1\jsoup-1.13.1.jar;C:\Users\MY PC\.m2\repository\com\aventstack\extentreports\5.0.8\extentreports-5.0.8.jar;C:\Users\MY PC\.m2\repository\io\reactivex\rxjava3\rxjava\3.0.4\rxjava-3.0.4.jar;C:\Users\MY PC\.m2\repository\org\reactivestreams\reactive-streams\1.0.3\reactive-streams-1.0.3.jar;C:\Users\MY PC\.m2\repository\org\freemarker\freemarker\2.3.30\freemarker-2.3.30.jar;C:\Users\MY PC\.m2\repository\org\projectlombok\lombok\1.18.12\lombok-1.18.12.jar;C:\Users\MY PC\.m2\repository\org\apache\poi\poi-ooxml\5.0.0\poi-ooxml-5.0.0.jar;C:\Users\MY PC\.m2\repository\org\apache\poi\poi-ooxml-lite\5.0.0\poi-ooxml-lite-5.0.0.jar;C:\Users\MY PC\.m2\repository\org\apache\xmlbeans\xmlbeans\4.0.0\xmlbeans-4.0.0.jar;C:\Users\MY PC\.m2\repository\org\apache\commons\commons-compress\1.20\commons-compress-1.20.jar;C:\Users\MY PC\.m2\repository\com\github\virtuald\curvesapi\1.06\curvesapi-1.06.jar;C:\Users\MY PC\.m2\repository\org\bouncycastle\bcpkix-jdk15on\1.68\bcpkix-jdk15on-1.68.jar;C:\Users\MY PC\.m2\repository\org\bouncycastle\bcprov-jdk15on\1.68\bcprov-jdk15on-1.68.jar;C:\Users\MY PC\.m2\repository\org\apache\santuario\xmlsec\2.2.1\xmlsec-2.2.1.jar;C:\Users\MY PC\.m2\repository\com\fasterxml\woodstox\woodstox-core\5.2.1\woodstox-core-5.2.1.jar;C:\Users\MY PC\.m2\repository\org\codehaus\woodstox\stax2-api\4.2\stax2-api-4.2.jar;C:\Users\MY PC\.m2\repository\jakarta\xml\bind\jakarta.xml.bind-api\2.3.2\jakarta.xml.bind-api-2.3.2.jar;C:\Users\MY PC\.m2\repository\jakarta\activation\jakarta.activation-api\1.2.1\jakarta.activation-api-1.2.1.jar;C:\Users\MY PC\.m2\repository\org\apache\xmlgraphics\batik-all\1.13\batik-all-1.13.jar;C:\Users\MY PC\.m2\repository\org\apache\xmlgraphics\batik-anim\1.13\batik-anim-1.13.jar;C:\Users\MY PC\.m2\repository\org\apache\xmlgraphics\batik-shared-resources\1.13\batik-shared-resources-1.13.jar;C:\Users\MY PC\.m2\repository\xml-apis\xml-apis-ext\1.3.04\xml-apis-ext-1.3.04.jar;C:\Users\MY PC\.m2\repository\org\apache\xmlgraphics\batik-awt-util\1.13\batik-awt-util-1.13.jar;C:\Users\MY PC\.m2\repository\org\apache\xmlgraphics\xmlgraphics-commons\2.4\xmlgraphics-commons-2.4.jar;C:\Users\MY PC\.m2\repository\org\apache\xmlgraphics\batik-bridge\1.13\batik-bridge-1.13.jar;C:\Users\MY PC\.m2\repository\org\apache\xmlgraphics\batik-codec\1.13\batik-codec-1.13.jar;C:\Users\MY PC\.m2\repository\org\apache\xmlgraphics\batik-constants\1.13\batik-constants-1.13.jar;C:\Users\MY PC\.m2\repository\org\apache\xmlgraphics\batik-css\1.13\batik-css-1.13.jar;C:\Users\MY PC\.m2\repository\org\apache\xmlgraphics\batik-dom\1.13\batik-dom-1.13.jar;C:\Users\MY PC\.m2\repository\xalan\xalan\2.7.2\xalan-2.7.2.jar;C:\Users\MY PC\.m2\repository\xalan\serializer\2.7.2\serializer-2.7.2.jar;C:\Users\MY PC\.m2\repository\xml-apis\xml-apis\1.4.01\xml-apis-1.4.01.jar;C:\Users\MY PC\.m2\repository\org\apache\xmlgraphics\batik-ext\1.13\batik-ext-1.13.jar;C:\Users\MY PC\.m2\repository\org\apache\xmlgraphics\batik-extension\1.13\batik-extension-1.13.jar;C:\Users\MY PC\.m2\repository\org\apache\xmlgraphics\batik-gui-util\1.13\batik-gui-util-1.13.jar;C:\Users\MY PC\.m2\repository\org\apache\xmlgraphics\batik-gvt\1.13\batik-gvt-1.13.jar;C:\Users\MY PC\.m2\repository\org\apache\xmlgraphics\batik-i18n\1.13\batik-i18n-1.13.jar;C:\Users\MY PC\.m2\repository\org\apache\xmlgraphics\batik-parser\1.13\batik-parser-1.13.jar;C:\Users\MY PC\.m2\repository\org\apache\xmlgraphics\batik-rasterizer-ext\1.13\batik-rasterizer-ext-1.13.jar;C:\Users\MY PC\.m2\repository\org\apache\xmlgraphics\batik-rasterizer\1.13\batik-rasterizer-1.13.jar;C:\Users\MY PC\.m2\repository\org\apache\xmlgraphics\batik-script\1.13\batik-script-1.13.jar;C:\Users\MY PC\.m2\repository\org\apache\xmlgraphics\batik-slideshow\1.13\batik-slideshow-1.13.jar;C:\Users\MY PC\.m2\repository\org\apache\xmlgraphics\batik-squiggle-ext\1.13\batik-squiggle-ext-1.13.jar;C:\Users\MY PC\.m2\repository\org\apache\xmlgraphics\batik-squiggle\1.13\batik-squiggle-1.13.jar;C:\Users\MY PC\.m2\repository\org\apache\xmlgraphics\batik-svg-dom\1.13\batik-svg-dom-1.13.jar;C:\Users\MY PC\.m2\repository\org\apache\xmlgraphics\batik-svgbrowser\1.13\batik-svgbrowser-1.13.jar;C:\Users\MY PC\.m2\repository\org\apache\xmlgraphics\batik-svggen\1.13\batik-svggen-1.13.jar;C:\Users\MY PC\.m2\repository\org\apache\xmlgraphics\batik-svgpp\1.13\batik-svgpp-1.13.jar;C:\Users\MY PC\.m2\repository\org\apache\xmlgraphics\batik-svgrasterizer\1.13\batik-svgrasterizer-1.13.jar;C:\Users\MY PC\.m2\repository\org\apache\xmlgraphics\batik-swing\1.13\batik-swing-1.13.jar;C:\Users\MY PC\.m2\repository\org\apache\xmlgraphics\batik-transcoder\1.13\batik-transcoder-1.13.jar;C:\Users\MY PC\.m2\repository\org\apache\xmlgraphics\batik-util\1.13\batik-util-1.13.jar;C:\Users\MY PC\.m2\repository\org\apache\xmlgraphics\batik-ttf2svg\1.13\batik-ttf2svg-1.13.jar;C:\Users\MY PC\.m2\repository\org\apache\xmlgraphics\batik-xml\1.13\batik-xml-1.13.jar;C:\Users\MY PC\.m2\repository\de\rototor\pdfbox\graphics2d\0.30\graphics2d-0.30.jar;C:\Users\MY PC\.m2\repository\org\apache\pdfbox\pdfbox\2.0.22\pdfbox-2.0.22.jar;C:\Users\MY PC\.m2\repository\org\apache\pdfbox\fontbox\2.0.22\fontbox-2.0.22.jar;C:\Users\MY PC\.m2\repository\org\apache\poi\poi\5.0.0\poi-5.0.0.jar;C:\Users\MY PC\.m2\repository\org\slf4j\jcl-over-slf4j\1.7.30\jcl-over-slf4j-1.7.30.jar;C:\Users\MY PC\.m2\repository\commons-codec\commons-codec\1.15\commons-codec-1.15.jar;C:\Users\MY PC\.m2\repository\org\apache\commons\commons-collections4\4.4\commons-collections4-4.4.jar;C:\Users\MY PC\.m2\repository\org\apache\commons\commons-math3\3.6.1\commons-math3-3.6.1.jar;C:\Users\MY PC\.m2\repository\com\zaxxer\SparseBitSet\1.2\SparseBitSet-1.2.jar;C:\Users\MY PC\.m2\repository\org\assertj\assertj-core\3.24.2\assertj-core-3.24.2.jar;C:\Users\MY PC\.m2\repository\ru\yandex\qatools\ashot\ashot\1.5.4\ashot-1.5.4.jar;C:\Users\MY PC\.m2\repository\org\hamcrest\hamcrest-core\1.3\hamcrest-core-1.3.jar;C:\Users\MY PC\.m2\repository\mysql\mysql-connector-java\8.0.23\mysql-connector-java-8.0.23.jar;C:\Users\MY PC\.m2\repository\com\google\protobuf\protobuf-java\3.11.4\protobuf-java-3.11.4.jar;C:\Users\MY PC\.m2\repository\com\googlecode\json-simple\json-simple\1.1.1\json-simple-1.1.1.jar;C:\Users\MY PC\.m2\repository\junit\junit\4.10\junit-4.10.jar;C:\Users\MY PC\.m2\repository\org\slf4j\slf4j-api\1.7.32\slf4j-api-1.7.32.jar;C:\Users\MY PC\.m2\repository\log4j\log4j\1.2.17\log4j-1.2.17.jar;C:\Users\MY PC\.m2\repository\org\jetbrains\annotations\21.0.1\annotations-21.0.1.jar;"/>
    <property name="sun.cpu.endian" value="little"/>
    <property name="user.home" value="C:\Users\MY PC"/>
    <property name="user.language" value="en"/>
    <property name="java.specification.vendor" value="Oracle Corporation"/>
    <property name="java.version.date" value="2021-01-19"/>
    <property name="java.home" value="C:\Program Files\Java\jdk-15.0.2"/>
    <property name="file.separator" value="\"/>
    <property name="basedir" value="E:\IntelljWorkspaces"/>
    <property name="java.vm.compressedOopsMode" value="32-bit"/>
    <property name="line.separator" value="&#10;"/>
    <property name="java.vm.specification.vendor" value="Oracle Corporation"/>
    <property name="java.specification.name" value="Java Platform API Specification"/>
    <property name="surefire.real.class.path" value="C:\Users\MY PC\AppData\Local\Temp\surefire5799442599932226573\surefirebooter-20230416152638028_3.jar"/>
    <property name="user.script" value=""/>
    <property name="sun.management.compiler" value="HotSpot 64-Bit Tiered Compilers"/>
    <property name="java.runtime.version" value="15.0.2+7-27"/>
    <property name="user.name" value="MY PC"/>
    <property name="path.separator" value=";"/>
    <property name="os.version" value="10.0"/>
    <property name="java.runtime.name" value="Java(TM) SE Runtime Environment"/>
    <property name="file.encoding" value="Cp1252"/>
    <property name="java.vm.name" value="Java HotSpot(TM) 64-Bit Server VM"/>
    <property name="localRepository" value="C:\Users\MY PC\.m2\repository"/>
    <property name="java.vendor.url.bug" value="https://bugreport.java.com/bugreport/"/>
    <property name="java.io.tmpdir" value="C:\Users\MYPC~1\AppData\Local\Temp\"/>
    <property name="idea.version" value="2020.3.3"/>
    <property name="java.version" value="15.0.2"/>
    <property name="user.dir" value="E:\IntelljWorkspaces"/>
    <property name="os.arch" value="amd64"/>
    <property name="java.vm.specification.name" value="Java Virtual Machine Specification"/>
    <property name="sun.os.patch.level" value=""/>
    <property name="java.library.path" value="C:\Program Files\Java\jdk-15.0.2\bin;C:\Windows\Sun\Java\bin;C:\Windows\system32;C:\Windows;C:\Program Files (x86)\Common Files\Oracle\Java\javapath;C:\Program Files\Common Files\Oracle\Java\javapath;C:\Windows\system32;C:\Windows;C:\Windows\System32\Wbem;C:\Windows\System32\WindowsPowerShell\v1.0\;C:\Windows\System32\OpenSSH\;C:\Program Files\nodejs\;C:\allure-commandline-2.13.6\allure-2.13.6\bin;C:\apache-maven-3.6.3-bin\apache-maven-3.6.3\bin;C:\Program Files\Git\cmd;E:\Denovo_Portal_Api\.allure\allure-2.13.9\bin;C:\Program Files\Microsoft\Web Platform Installer\;C:\Program Files\dotnet\;C:\Users\MY PC\AppData\Local\Android\Sdk;C:\Users\MY PC\AppData\Local\Android\Sdk\build-tools\33.0.1;C:\Users\MY PC\AppData\Local\Android\Sdk\platform-tools;C:\Users\MY PC\AppData\Local\Android\Sdk\platforms\android-33-ext4;C:\Program Files\Docker\Docker\resources\bin;C:\Program Files\Java\jdk-11.0.17\bin;C:\Users\MY PC\AppData\Local\Microsoft\WindowsApps;C:\Users\MY PC\AppData\Roaming\npm;C:\IntelliJ IDEA Community Edition 2020.3.3\bin;;C:\Users\MY PC\AppData\Local\Programs\Microsoft VS Code\bin;."/>
    <property name="java.vm.info" value="mixed mode, sharing"/>
    <property name="java.vendor" value="Oracle Corporation"/>
    <property name="java.vm.version" value="15.0.2+7-27"/>
    <property name="sun.io.unicode.encoding" value="UnicodeLittle"/>
    <property name="java.class.version" value="59.0"/>
  </properties>
  <testcase name="TransactionPageLoadingTest[{SystemPrimaryPWD=Denovo@2021, SystemPrimaryEmail=bmurthy@denovosystem.com, Browser=Chrome}](1)" classname="com.denovo.testscripts.SystemLoginTransactionTest" time="14.816">
    <system-out><![CDATA[[{TestName=MerchantCreation_IsoLogin_PrimaryUser_WithFeeProfile, TestDescription=To Check Whether, Execute=No, Count=1}, {TestName=merchantCreation_IsoLogin_PrimaryUser_WithoutFeeProfile, TestDescription=To Check Whether, Execute=No, Count=1}, {TestName=merchantCreation_IsoLogin_AddonUser_WithFeeProfile, TestDescription=To Check Whether, Execute=No, Count=1}, {TestName=merchantCreation_IsoLogin_AddonUser_WithoutFeeProfile, TestDescription=To Check Whether, Execute=No, Count=1}, {TestName=merchantCreation_AgentLogin_PrimaryUser_WithFee, TestDescription=To Check Whether, Execute=No, Count=1}, {TestName=merchantCreation_AgentLogin_PrimaryUser_WithoutFee, TestDescription=To Check Whether, Execute=No, Count=1}, {TestName=MerchantCreation_AgentLogin_AddonUser_WithFeeProfile, TestDescription=To Check Whether, Execute=No, Count=1}, {TestName=MerchantCreation_AgentLogin_AddonUser_WithoutFeeProfile, TestDescription=To Check Whether, Execute=No, Count=1}, {TestName=storeTpnCreation_IsoLogin_PrimaryUser, TestDescription=To Check Whether, Execute=No, Count=1}, {TestName=storeTpnCreation_IsoLogin_AddonUser, TestDescription=To Check Whether, Execute=No, Count=1}, {TestName=storeTpnCreation_AgentLogin_PrimaryUser, TestDescription=To Check Whether, Execute=No, Count=1}, {TestName=storeTpnCreation_AgentLogin_AddonUser, TestDescription=To Check Whether, Execute=No, Count=1}, {TestName=tpnCreation_IsoLogin_PrimaryUser, TestDescription=To Check Whether, Execute=No, Count=1}, {TestName=tpnCreation_IsoLogin_AddonUser, TestDescription=To Check Whether, Execute=No, Count=1}, {TestName=tpnCreation_AgentLogin_PrimaryUser, TestDescription=To Check Whether, Execute=No, Count=1}, {TestName=tpnCreation_AgentLogin_AddonUser, TestDescription=To Check Whether, Execute=No, Count=1}, {TestName=customFeeTxWithQPayNow_MerchantPrimaryLogin, TestDescription=To Check Whether, Execute=No, Count=1}, {TestName=surchargeFeeTxWithQPayNow_MerchantPrimaryLogin, TestDescription=To Check Whether, Execute=No, Count=1}, {TestName=customFeeTxWithQPaySendLink_MerchantPrimaryLogin, TestDescription=To Check Whether, Execute=No, Count=1}, {TestName=systemLoginDashboard, TestDescription=To Check Whether, Execute=No, Count=1}, {TestName=TransactionPageLoadingTest, TestDescription=To Check Whether, Execute=yes, Count=1}]
[[MethodInstance method=MerchantCreation_IsoLogin_PrimaryUser_WithFeeProfile.merchantCreation_IsoLogin_PrimaryUser_WithFeeProfile(java.util.Map)[pri:1, instance:com.denovo.testscripts.MerchantCreation_IsoLogin_PrimaryUser_WithFeeProfile@5aebe890] instance=com.denovo.testscripts.MerchantCreation_IsoLogin_PrimaryUser_WithFeeProfile@5aebe890], [MethodInstance method=MerchantCreation_IsoLogin_PrimaryUser_WithoutFeeProfile.merchantCreation_IsoLogin_PrimaryUser_WithoutFeeProfile(java.util.Map)[pri:1, instance:com.denovo.testscripts.MerchantCreation_IsoLogin_PrimaryUser_WithoutFeeProfile@3098cf3b] instance=com.denovo.testscripts.MerchantCreation_IsoLogin_PrimaryUser_WithoutFeeProfile@3098cf3b], [MethodInstance method=MerchantCreation_IsoLogin_AddonUser_WithFeeProfile.merchantCreation_IsoLogin_AddonUser_WithFeeProfile(java.util.Map)[pri:1, instance:com.denovo.testscripts.MerchantCreation_IsoLogin_AddonUser_WithFeeProfile@610f7aa] instance=com.denovo.testscripts.MerchantCreation_IsoLogin_AddonUser_WithFeeProfile@610f7aa], [MethodInstance method=MerchantCreation_IsoLogin_AddonUser_WithoutFeeProfile.merchantCreation_IsoLogin_AddonUser_WithoutFeeProfile(java.util.Map)[pri:1, instance:com.denovo.testscripts.MerchantCreation_IsoLogin_AddonUser_WithoutFeeProfile@6a03bcb1] instance=com.denovo.testscripts.MerchantCreation_IsoLogin_AddonUser_WithoutFeeProfile@6a03bcb1], [MethodInstance method=MerchantCreation_AgentLogin_PrimaryUser_WithFee.merchantCreation_AgentLogin_PrimaryUser_WithFee(java.util.Map)[pri:1, instance:com.denovo.testscripts.MerchantCreation_AgentLogin_PrimaryUser_WithFee@21b2e768] instance=com.denovo.testscripts.MerchantCreation_AgentLogin_PrimaryUser_WithFee@21b2e768], [MethodInstance method=MerchantCreation_AgentLogin_PrimaryUser_WithoutFee.merchantCreation_AgentLogin_PrimaryUser_WithoutFee(java.util.Map)[pri:1, instance:com.denovo.testscripts.MerchantCreation_AgentLogin_PrimaryUser_WithoutFee@57250572] instance=com.denovo.testscripts.MerchantCreation_AgentLogin_PrimaryUser_WithoutFee@57250572], [MethodInstance method=MerchantCreation_AgentLogin_AddonUser_WithFeeProfile.merchantCreation_AgentLogin_AddonUser_WithFeeProfile(java.util.Map)[pri:1, instance:com.denovo.testscripts.MerchantCreation_AgentLogin_AddonUser_WithFeeProfile@5609159b] instance=com.denovo.testscripts.MerchantCreation_AgentLogin_AddonUser_WithFeeProfile@5609159b], [MethodInstance method=MerchantCreation_AgentLogin_AddonUser_WithoutFeeProfile.merchantCreation_AgentLogin_AddonUser_WithoutFeeProfile(java.util.Map)[pri:1, instance:com.denovo.testscripts.MerchantCreation_AgentLogin_AddonUser_WithoutFeeProfile@68567e20] instance=com.denovo.testscripts.MerchantCreation_AgentLogin_AddonUser_WithoutFeeProfile@68567e20], [MethodInstance method=StoreTpnCreation_IsoLogin_PrimaryUser.storeTpnCreation_IsoLogin_PrimaryUser(java.util.Map)[pri:1, instance:com.denovo.testscripts.StoreTpnCreation_IsoLogin_PrimaryUser@11fc564b] instance=com.denovo.testscripts.StoreTpnCreation_IsoLogin_PrimaryUser@11fc564b], [MethodInstance method=StoreTpnCreation_IsoLogin_AddonUser.storeTpnCreation_IsoLogin_AddonUser(java.util.Map)[pri:1, instance:com.denovo.testscripts.StoreTpnCreation_IsoLogin_AddonUser@394a2528] instance=com.denovo.testscripts.StoreTpnCreation_IsoLogin_AddonUser@394a2528], [MethodInstance method=StoreTpnCreation_AgentLogin_PrimaryUser.storeTpnCreation_AgentLogin_PrimaryUser(java.util.Map)[pri:1, instance:com.denovo.testscripts.StoreTpnCreation_AgentLogin_PrimaryUser@6236eb5f] instance=com.denovo.testscripts.StoreTpnCreation_AgentLogin_PrimaryUser@6236eb5f], [MethodInstance method=StoreTpnCreation_AgentLogin_AddonUser.storeTpnCreation_AgentLogin_AddonUser(java.util.Map)[pri:1, instance:com.denovo.testscripts.StoreTpnCreation_AgentLogin_AddonUser@7c1e2a9e] instance=com.denovo.testscripts.StoreTpnCreation_AgentLogin_AddonUser@7c1e2a9e], [MethodInstance method=TpnCreation_IsoLogin_PrimaryUser.tpnCreation_IsoLogin_PrimaryUser(java.util.Map)[pri:1, instance:com.denovo.testscripts.TpnCreation_IsoLogin_PrimaryUser@672872e1] instance=com.denovo.testscripts.TpnCreation_IsoLogin_PrimaryUser@672872e1], [MethodInstance method=TpnCreation_IsoLogin_AddonUser.tpnCreation_IsoLogin_AddonUser(java.util.Map)[pri:1, instance:com.denovo.testscripts.TpnCreation_IsoLogin_AddonUser@32910148] instance=com.denovo.testscripts.TpnCreation_IsoLogin_AddonUser@32910148], [MethodInstance method=TpnCreation_AgentLogin_PrimaryUser.tpnCreation_AgentLogin_PrimaryUser(java.util.Map)[pri:1, instance:com.denovo.testscripts.TpnCreation_AgentLogin_PrimaryUser@3f56875e] instance=com.denovo.testscripts.TpnCreation_AgentLogin_PrimaryUser@3f56875e], [MethodInstance method=TpnCreation_AgentLogin_AddonUser.tpnCreation_AgentLogin_AddonUser(java.util.Map)[pri:1, instance:com.denovo.testscripts.TpnCreation_AgentLogin_AddonUser@2b4bac49] instance=com.denovo.testscripts.TpnCreation_AgentLogin_AddonUser@2b4bac49], [MethodInstance method=CustomFeeTxWithQPayNow_MerchantPrimaryLogin.customFeeTxWithQPayNow_MerchantPrimaryLogin(java.util.Map)[pri:1, instance:com.denovo.testscripts.CustomFeeTxWithQPayNow_MerchantPrimaryLogin@1018bde2] instance=com.denovo.testscripts.CustomFeeTxWithQPayNow_MerchantPrimaryLogin@1018bde2], [MethodInstance method=SurchargeFeeTxWithQPayNow_MerchantPrimaryLogin.surchargeFeeTxWithQPayNow_MerchantPrimaryLogin(java.util.Map)[pri:1, instance:com.denovo.testscripts.SurchargeFeeTxWithQPayNow_MerchantPrimaryLogin@f2ff811] instance=com.denovo.testscripts.SurchargeFeeTxWithQPayNow_MerchantPrimaryLogin@f2ff811], [MethodInstance method=CustomFeeTxWithQPaySendLink_MerchantPrimaryLogin.customFeeTxWithQPaySendLink_MerchantPrimaryLogin(java.util.Map)[pri:1, instance:com.denovo.testscripts.CustomFeeTxWithQPaySendLink_MerchantPrimaryLogin@186f8716] instance=com.denovo.testscripts.CustomFeeTxWithQPaySendLink_MerchantPrimaryLogin@186f8716], [MethodInstance method=SystemLoginDashboardTest.systemLoginDashboard(java.util.Map)[pri:0, instance:com.denovo.testscripts.SystemLoginDashboardTest@45ca843] instance=com.denovo.testscripts.SystemLoginDashboardTest@45ca843], [MethodInstance method=SystemLoginTransactionTest.TransactionPageLoadingTest(java.util.Map)[pri:0, instance:com.denovo.testscripts.SystemLoginTransactionTest@757acd7b] instance=com.denovo.testscripts.SystemLoginTransactionTest@757acd7b]]
merchantCreation_IsoLogin_PrimaryUser_WithFeeProfile
MerchantCreation_IsoLogin_PrimaryUser_WithFeeProfile
merchantCreation_IsoLogin_PrimaryUser_WithFeeProfile
merchantCreation_IsoLogin_PrimaryUser_WithoutFeeProfile
merchantCreation_IsoLogin_PrimaryUser_WithFeeProfile
merchantCreation_IsoLogin_AddonUser_WithFeeProfile
merchantCreation_IsoLogin_PrimaryUser_WithFeeProfile
merchantCreation_IsoLogin_AddonUser_WithoutFeeProfile
merchantCreation_IsoLogin_PrimaryUser_WithFeeProfile
merchantCreation_AgentLogin_PrimaryUser_WithFee
merchantCreation_IsoLogin_PrimaryUser_WithFeeProfile
merchantCreation_AgentLogin_PrimaryUser_WithoutFee
merchantCreation_IsoLogin_PrimaryUser_WithFeeProfile
MerchantCreation_AgentLogin_AddonUser_WithFeeProfile
merchantCreation_IsoLogin_PrimaryUser_WithFeeProfile
MerchantCreation_AgentLogin_AddonUser_WithoutFeeProfile
merchantCreation_IsoLogin_PrimaryUser_WithFeeProfile
storeTpnCreation_IsoLogin_PrimaryUser
merchantCreation_IsoLogin_PrimaryUser_WithFeeProfile
storeTpnCreation_IsoLogin_AddonUser
merchantCreation_IsoLogin_PrimaryUser_WithFeeProfile
storeTpnCreation_AgentLogin_PrimaryUser
merchantCreation_IsoLogin_PrimaryUser_WithFeeProfile
storeTpnCreation_AgentLogin_AddonUser
merchantCreation_IsoLogin_PrimaryUser_WithFeeProfile
tpnCreation_IsoLogin_PrimaryUser
merchantCreation_IsoLogin_PrimaryUser_WithFeeProfile
tpnCreation_IsoLogin_AddonUser
merchantCreation_IsoLogin_PrimaryUser_WithFeeProfile
tpnCreation_AgentLogin_PrimaryUser
merchantCreation_IsoLogin_PrimaryUser_WithFeeProfile
tpnCreation_AgentLogin_AddonUser
merchantCreation_IsoLogin_PrimaryUser_WithFeeProfile
customFeeTxWithQPayNow_MerchantPrimaryLogin
merchantCreation_IsoLogin_PrimaryUser_WithFeeProfile
surchargeFeeTxWithQPayNow_MerchantPrimaryLogin
merchantCreation_IsoLogin_PrimaryUser_WithFeeProfile
customFeeTxWithQPaySendLink_MerchantPrimaryLogin
merchantCreation_IsoLogin_PrimaryUser_WithFeeProfile
systemLoginDashboard
merchantCreation_IsoLogin_PrimaryUser_WithFeeProfile
TransactionPageLoadingTest
merchantCreation_IsoLogin_PrimaryUser_WithoutFeeProfile
MerchantCreation_IsoLogin_PrimaryUser_WithFeeProfile
merchantCreation_IsoLogin_PrimaryUser_WithoutFeeProfile
merchantCreation_IsoLogin_PrimaryUser_WithoutFeeProfile
merchantCreation_IsoLogin_PrimaryUser_WithoutFeeProfile
merchantCreation_IsoLogin_AddonUser_WithFeeProfile
merchantCreation_IsoLogin_PrimaryUser_WithoutFeeProfile
merchantCreation_IsoLogin_AddonUser_WithoutFeeProfile
merchantCreation_IsoLogin_PrimaryUser_WithoutFeeProfile
merchantCreation_AgentLogin_PrimaryUser_WithFee
merchantCreation_IsoLogin_PrimaryUser_WithoutFeeProfile
merchantCreation_AgentLogin_PrimaryUser_WithoutFee
merchantCreation_IsoLogin_PrimaryUser_WithoutFeeProfile
MerchantCreation_AgentLogin_AddonUser_WithFeeProfile
merchantCreation_IsoLogin_PrimaryUser_WithoutFeeProfile
MerchantCreation_AgentLogin_AddonUser_WithoutFeeProfile
merchantCreation_IsoLogin_PrimaryUser_WithoutFeeProfile
storeTpnCreation_IsoLogin_PrimaryUser
merchantCreation_IsoLogin_PrimaryUser_WithoutFeeProfile
storeTpnCreation_IsoLogin_AddonUser
merchantCreation_IsoLogin_PrimaryUser_WithoutFeeProfile
storeTpnCreation_AgentLogin_PrimaryUser
merchantCreation_IsoLogin_PrimaryUser_WithoutFeeProfile
storeTpnCreation_AgentLogin_AddonUser
merchantCreation_IsoLogin_PrimaryUser_WithoutFeeProfile
tpnCreation_IsoLogin_PrimaryUser
merchantCreation_IsoLogin_PrimaryUser_WithoutFeeProfile
tpnCreation_IsoLogin_AddonUser
merchantCreation_IsoLogin_PrimaryUser_WithoutFeeProfile
tpnCreation_AgentLogin_PrimaryUser
merchantCreation_IsoLogin_PrimaryUser_WithoutFeeProfile
tpnCreation_AgentLogin_AddonUser
merchantCreation_IsoLogin_PrimaryUser_WithoutFeeProfile
customFeeTxWithQPayNow_MerchantPrimaryLogin
merchantCreation_IsoLogin_PrimaryUser_WithoutFeeProfile
surchargeFeeTxWithQPayNow_MerchantPrimaryLogin
merchantCreation_IsoLogin_PrimaryUser_WithoutFeeProfile
customFeeTxWithQPaySendLink_MerchantPrimaryLogin
merchantCreation_IsoLogin_PrimaryUser_WithoutFeeProfile
systemLoginDashboard
merchantCreation_IsoLogin_PrimaryUser_WithoutFeeProfile
TransactionPageLoadingTest
merchantCreation_IsoLogin_AddonUser_WithFeeProfile
MerchantCreation_IsoLogin_PrimaryUser_WithFeeProfile
merchantCreation_IsoLogin_AddonUser_WithFeeProfile
merchantCreation_IsoLogin_PrimaryUser_WithoutFeeProfile
merchantCreation_IsoLogin_AddonUser_WithFeeProfile
merchantCreation_IsoLogin_AddonUser_WithFeeProfile
merchantCreation_IsoLogin_AddonUser_WithFeeProfile
merchantCreation_IsoLogin_AddonUser_WithoutFeeProfile
merchantCreation_IsoLogin_AddonUser_WithFeeProfile
merchantCreation_AgentLogin_PrimaryUser_WithFee
merchantCreation_IsoLogin_AddonUser_WithFeeProfile
merchantCreation_AgentLogin_PrimaryUser_WithoutFee
merchantCreation_IsoLogin_AddonUser_WithFeeProfile
MerchantCreation_AgentLogin_AddonUser_WithFeeProfile
merchantCreation_IsoLogin_AddonUser_WithFeeProfile
MerchantCreation_AgentLogin_AddonUser_WithoutFeeProfile
merchantCreation_IsoLogin_AddonUser_WithFeeProfile
storeTpnCreation_IsoLogin_PrimaryUser
merchantCreation_IsoLogin_AddonUser_WithFeeProfile
storeTpnCreation_IsoLogin_AddonUser
merchantCreation_IsoLogin_AddonUser_WithFeeProfile
storeTpnCreation_AgentLogin_PrimaryUser
merchantCreation_IsoLogin_AddonUser_WithFeeProfile
storeTpnCreation_AgentLogin_AddonUser
merchantCreation_IsoLogin_AddonUser_WithFeeProfile
tpnCreation_IsoLogin_PrimaryUser
merchantCreation_IsoLogin_AddonUser_WithFeeProfile
tpnCreation_IsoLogin_AddonUser
merchantCreation_IsoLogin_AddonUser_WithFeeProfile
tpnCreation_AgentLogin_PrimaryUser
merchantCreation_IsoLogin_AddonUser_WithFeeProfile
tpnCreation_AgentLogin_AddonUser
merchantCreation_IsoLogin_AddonUser_WithFeeProfile
customFeeTxWithQPayNow_MerchantPrimaryLogin
merchantCreation_IsoLogin_AddonUser_WithFeeProfile
surchargeFeeTxWithQPayNow_MerchantPrimaryLogin
merchantCreation_IsoLogin_AddonUser_WithFeeProfile
customFeeTxWithQPaySendLink_MerchantPrimaryLogin
merchantCreation_IsoLogin_AddonUser_WithFeeProfile
systemLoginDashboard
merchantCreation_IsoLogin_AddonUser_WithFeeProfile
TransactionPageLoadingTest
merchantCreation_IsoLogin_AddonUser_WithoutFeeProfile
MerchantCreation_IsoLogin_PrimaryUser_WithFeeProfile
merchantCreation_IsoLogin_AddonUser_WithoutFeeProfile
merchantCreation_IsoLogin_PrimaryUser_WithoutFeeProfile
merchantCreation_IsoLogin_AddonUser_WithoutFeeProfile
merchantCreation_IsoLogin_AddonUser_WithFeeProfile
merchantCreation_IsoLogin_AddonUser_WithoutFeeProfile
merchantCreation_IsoLogin_AddonUser_WithoutFeeProfile
merchantCreation_IsoLogin_AddonUser_WithoutFeeProfile
merchantCreation_AgentLogin_PrimaryUser_WithFee
merchantCreation_IsoLogin_AddonUser_WithoutFeeProfile
merchantCreation_AgentLogin_PrimaryUser_WithoutFee
merchantCreation_IsoLogin_AddonUser_WithoutFeeProfile
MerchantCreation_AgentLogin_AddonUser_WithFeeProfile
merchantCreation_IsoLogin_AddonUser_WithoutFeeProfile
MerchantCreation_AgentLogin_AddonUser_WithoutFeeProfile
merchantCreation_IsoLogin_AddonUser_WithoutFeeProfile
storeTpnCreation_IsoLogin_PrimaryUser
merchantCreation_IsoLogin_AddonUser_WithoutFeeProfile
storeTpnCreation_IsoLogin_AddonUser
merchantCreation_IsoLogin_AddonUser_WithoutFeeProfile
storeTpnCreation_AgentLogin_PrimaryUser
merchantCreation_IsoLogin_AddonUser_WithoutFeeProfile
storeTpnCreation_AgentLogin_AddonUser
merchantCreation_IsoLogin_AddonUser_WithoutFeeProfile
tpnCreation_IsoLogin_PrimaryUser
merchantCreation_IsoLogin_AddonUser_WithoutFeeProfile
tpnCreation_IsoLogin_AddonUser
merchantCreation_IsoLogin_AddonUser_WithoutFeeProfile
tpnCreation_AgentLogin_PrimaryUser
merchantCreation_IsoLogin_AddonUser_WithoutFeeProfile
tpnCreation_AgentLogin_AddonUser
merchantCreation_IsoLogin_AddonUser_WithoutFeeProfile
customFeeTxWithQPayNow_MerchantPrimaryLogin
merchantCreation_IsoLogin_AddonUser_WithoutFeeProfile
surchargeFeeTxWithQPayNow_MerchantPrimaryLogin
merchantCreation_IsoLogin_AddonUser_WithoutFeeProfile
customFeeTxWithQPaySendLink_MerchantPrimaryLogin
merchantCreation_IsoLogin_AddonUser_WithoutFeeProfile
systemLoginDashboard
merchantCreation_IsoLogin_AddonUser_WithoutFeeProfile
TransactionPageLoadingTest
merchantCreation_AgentLogin_PrimaryUser_WithFee
MerchantCreation_IsoLogin_PrimaryUser_WithFeeProfile
merchantCreation_AgentLogin_PrimaryUser_WithFee
merchantCreation_IsoLogin_PrimaryUser_WithoutFeeProfile
merchantCreation_AgentLogin_PrimaryUser_WithFee
merchantCreation_IsoLogin_AddonUser_WithFeeProfile
merchantCreation_AgentLogin_PrimaryUser_WithFee
merchantCreation_IsoLogin_AddonUser_WithoutFeeProfile
merchantCreation_AgentLogin_PrimaryUser_WithFee
merchantCreation_AgentLogin_PrimaryUser_WithFee
merchantCreation_AgentLogin_PrimaryUser_WithFee
merchantCreation_AgentLogin_PrimaryUser_WithoutFee
merchantCreation_AgentLogin_PrimaryUser_WithFee
MerchantCreation_AgentLogin_AddonUser_WithFeeProfile
merchantCreation_AgentLogin_PrimaryUser_WithFee
MerchantCreation_AgentLogin_AddonUser_WithoutFeeProfile
merchantCreation_AgentLogin_PrimaryUser_WithFee
storeTpnCreation_IsoLogin_PrimaryUser
merchantCreation_AgentLogin_PrimaryUser_WithFee
storeTpnCreation_IsoLogin_AddonUser
merchantCreation_AgentLogin_PrimaryUser_WithFee
storeTpnCreation_AgentLogin_PrimaryUser
merchantCreation_AgentLogin_PrimaryUser_WithFee
storeTpnCreation_AgentLogin_AddonUser
merchantCreation_AgentLogin_PrimaryUser_WithFee
tpnCreation_IsoLogin_PrimaryUser
merchantCreation_AgentLogin_PrimaryUser_WithFee
tpnCreation_IsoLogin_AddonUser
merchantCreation_AgentLogin_PrimaryUser_WithFee
tpnCreation_AgentLogin_PrimaryUser
merchantCreation_AgentLogin_PrimaryUser_WithFee
tpnCreation_AgentLogin_AddonUser
merchantCreation_AgentLogin_PrimaryUser_WithFee
customFeeTxWithQPayNow_MerchantPrimaryLogin
merchantCreation_AgentLogin_PrimaryUser_WithFee
surchargeFeeTxWithQPayNow_MerchantPrimaryLogin
merchantCreation_AgentLogin_PrimaryUser_WithFee
customFeeTxWithQPaySendLink_MerchantPrimaryLogin
merchantCreation_AgentLogin_PrimaryUser_WithFee
systemLoginDashboard
merchantCreation_AgentLogin_PrimaryUser_WithFee
TransactionPageLoadingTest
merchantCreation_AgentLogin_PrimaryUser_WithoutFee
MerchantCreation_IsoLogin_PrimaryUser_WithFeeProfile
merchantCreation_AgentLogin_PrimaryUser_WithoutFee
merchantCreation_IsoLogin_PrimaryUser_WithoutFeeProfile
merchantCreation_AgentLogin_PrimaryUser_WithoutFee
merchantCreation_IsoLogin_AddonUser_WithFeeProfile
merchantCreation_AgentLogin_PrimaryUser_WithoutFee
merchantCreation_IsoLogin_AddonUser_WithoutFeeProfile
merchantCreation_AgentLogin_PrimaryUser_WithoutFee
merchantCreation_AgentLogin_PrimaryUser_WithFee
merchantCreation_AgentLogin_PrimaryUser_WithoutFee
merchantCreation_AgentLogin_PrimaryUser_WithoutFee
merchantCreation_AgentLogin_PrimaryUser_WithoutFee
MerchantCreation_AgentLogin_AddonUser_WithFeeProfile
merchantCreation_AgentLogin_PrimaryUser_WithoutFee
MerchantCreation_AgentLogin_AddonUser_WithoutFeeProfile
merchantCreation_AgentLogin_PrimaryUser_WithoutFee
storeTpnCreation_IsoLogin_PrimaryUser
merchantCreation_AgentLogin_PrimaryUser_WithoutFee
storeTpnCreation_IsoLogin_AddonUser
merchantCreation_AgentLogin_PrimaryUser_WithoutFee
storeTpnCreation_AgentLogin_PrimaryUser
merchantCreation_AgentLogin_PrimaryUser_WithoutFee
storeTpnCreation_AgentLogin_AddonUser
merchantCreation_AgentLogin_PrimaryUser_WithoutFee
tpnCreation_IsoLogin_PrimaryUser
merchantCreation_AgentLogin_PrimaryUser_WithoutFee
tpnCreation_IsoLogin_AddonUser
merchantCreation_AgentLogin_PrimaryUser_WithoutFee
tpnCreation_AgentLogin_PrimaryUser
merchantCreation_AgentLogin_PrimaryUser_WithoutFee
tpnCreation_AgentLogin_AddonUser
merchantCreation_AgentLogin_PrimaryUser_WithoutFee
customFeeTxWithQPayNow_MerchantPrimaryLogin
merchantCreation_AgentLogin_PrimaryUser_WithoutFee
surchargeFeeTxWithQPayNow_MerchantPrimaryLogin
merchantCreation_AgentLogin_PrimaryUser_WithoutFee
customFeeTxWithQPaySendLink_MerchantPrimaryLogin
merchantCreation_AgentLogin_PrimaryUser_WithoutFee
systemLoginDashboard
merchantCreation_AgentLogin_PrimaryUser_WithoutFee
TransactionPageLoadingTest
merchantCreation_AgentLogin_AddonUser_WithFeeProfile
MerchantCreation_IsoLogin_PrimaryUser_WithFeeProfile
merchantCreation_AgentLogin_AddonUser_WithFeeProfile
merchantCreation_IsoLogin_PrimaryUser_WithoutFeeProfile
merchantCreation_AgentLogin_AddonUser_WithFeeProfile
merchantCreation_IsoLogin_AddonUser_WithFeeProfile
merchantCreation_AgentLogin_AddonUser_WithFeeProfile
merchantCreation_IsoLogin_AddonUser_WithoutFeeProfile
merchantCreation_AgentLogin_AddonUser_WithFeeProfile
merchantCreation_AgentLogin_PrimaryUser_WithFee
merchantCreation_AgentLogin_AddonUser_WithFeeProfile
merchantCreation_AgentLogin_PrimaryUser_WithoutFee
merchantCreation_AgentLogin_AddonUser_WithFeeProfile
MerchantCreation_AgentLogin_AddonUser_WithFeeProfile
merchantCreation_AgentLogin_AddonUser_WithFeeProfile
MerchantCreation_AgentLogin_AddonUser_WithoutFeeProfile
merchantCreation_AgentLogin_AddonUser_WithFeeProfile
storeTpnCreation_IsoLogin_PrimaryUser
merchantCreation_AgentLogin_AddonUser_WithFeeProfile
storeTpnCreation_IsoLogin_AddonUser
merchantCreation_AgentLogin_AddonUser_WithFeeProfile
storeTpnCreation_AgentLogin_PrimaryUser
merchantCreation_AgentLogin_AddonUser_WithFeeProfile
storeTpnCreation_AgentLogin_AddonUser
merchantCreation_AgentLogin_AddonUser_WithFeeProfile
tpnCreation_IsoLogin_PrimaryUser
merchantCreation_AgentLogin_AddonUser_WithFeeProfile
tpnCreation_IsoLogin_AddonUser
merchantCreation_AgentLogin_AddonUser_WithFeeProfile
tpnCreation_AgentLogin_PrimaryUser
merchantCreation_AgentLogin_AddonUser_WithFeeProfile
tpnCreation_AgentLogin_AddonUser
merchantCreation_AgentLogin_AddonUser_WithFeeProfile
customFeeTxWithQPayNow_MerchantPrimaryLogin
merchantCreation_AgentLogin_AddonUser_WithFeeProfile
surchargeFeeTxWithQPayNow_MerchantPrimaryLogin
merchantCreation_AgentLogin_AddonUser_WithFeeProfile
customFeeTxWithQPaySendLink_MerchantPrimaryLogin
merchantCreation_AgentLogin_AddonUser_WithFeeProfile
systemLoginDashboard
merchantCreation_AgentLogin_AddonUser_WithFeeProfile
TransactionPageLoadingTest
merchantCreation_AgentLogin_AddonUser_WithoutFeeProfile
MerchantCreation_IsoLogin_PrimaryUser_WithFeeProfile
merchantCreation_AgentLogin_AddonUser_WithoutFeeProfile
merchantCreation_IsoLogin_PrimaryUser_WithoutFeeProfile
merchantCreation_AgentLogin_AddonUser_WithoutFeeProfile
merchantCreation_IsoLogin_AddonUser_WithFeeProfile
merchantCreation_AgentLogin_AddonUser_WithoutFeeProfile
merchantCreation_IsoLogin_AddonUser_WithoutFeeProfile
merchantCreation_AgentLogin_AddonUser_WithoutFeeProfile
merchantCreation_AgentLogin_PrimaryUser_WithFee
merchantCreation_AgentLogin_AddonUser_WithoutFeeProfile
merchantCreation_AgentLogin_PrimaryUser_WithoutFee
merchantCreation_AgentLogin_AddonUser_WithoutFeeProfile
MerchantCreation_AgentLogin_AddonUser_WithFeeProfile
merchantCreation_AgentLogin_AddonUser_WithoutFeeProfile
MerchantCreation_AgentLogin_AddonUser_WithoutFeeProfile
merchantCreation_AgentLogin_AddonUser_WithoutFeeProfile
storeTpnCreation_IsoLogin_PrimaryUser
merchantCreation_AgentLogin_AddonUser_WithoutFeeProfile
storeTpnCreation_IsoLogin_AddonUser
merchantCreation_AgentLogin_AddonUser_WithoutFeeProfile
storeTpnCreation_AgentLogin_PrimaryUser
merchantCreation_AgentLogin_AddonUser_WithoutFeeProfile
storeTpnCreation_AgentLogin_AddonUser
merchantCreation_AgentLogin_AddonUser_WithoutFeeProfile
tpnCreation_IsoLogin_PrimaryUser
merchantCreation_AgentLogin_AddonUser_WithoutFeeProfile
tpnCreation_IsoLogin_AddonUser
merchantCreation_AgentLogin_AddonUser_WithoutFeeProfile
tpnCreation_AgentLogin_PrimaryUser
merchantCreation_AgentLogin_AddonUser_WithoutFeeProfile
tpnCreation_AgentLogin_AddonUser
merchantCreation_AgentLogin_AddonUser_WithoutFeeProfile
customFeeTxWithQPayNow_MerchantPrimaryLogin
merchantCreation_AgentLogin_AddonUser_WithoutFeeProfile
surchargeFeeTxWithQPayNow_MerchantPrimaryLogin
merchantCreation_AgentLogin_AddonUser_WithoutFeeProfile
customFeeTxWithQPaySendLink_MerchantPrimaryLogin
merchantCreation_AgentLogin_AddonUser_WithoutFeeProfile
systemLoginDashboard
merchantCreation_AgentLogin_AddonUser_WithoutFeeProfile
TransactionPageLoadingTest
storeTpnCreation_IsoLogin_PrimaryUser
MerchantCreation_IsoLogin_PrimaryUser_WithFeeProfile
storeTpnCreation_IsoLogin_PrimaryUser
merchantCreation_IsoLogin_PrimaryUser_WithoutFeeProfile
storeTpnCreation_IsoLogin_PrimaryUser
merchantCreation_IsoLogin_AddonUser_WithFeeProfile
storeTpnCreation_IsoLogin_PrimaryUser
merchantCreation_IsoLogin_AddonUser_WithoutFeeProfile
storeTpnCreation_IsoLogin_PrimaryUser
merchantCreation_AgentLogin_PrimaryUser_WithFee
storeTpnCreation_IsoLogin_PrimaryUser
merchantCreation_AgentLogin_PrimaryUser_WithoutFee
storeTpnCreation_IsoLogin_PrimaryUser
MerchantCreation_AgentLogin_AddonUser_WithFeeProfile
storeTpnCreation_IsoLogin_PrimaryUser
MerchantCreation_AgentLogin_AddonUser_WithoutFeeProfile
storeTpnCreation_IsoLogin_PrimaryUser
storeTpnCreation_IsoLogin_PrimaryUser
storeTpnCreation_IsoLogin_PrimaryUser
storeTpnCreation_IsoLogin_AddonUser
storeTpnCreation_IsoLogin_PrimaryUser
storeTpnCreation_AgentLogin_PrimaryUser
storeTpnCreation_IsoLogin_PrimaryUser
storeTpnCreation_AgentLogin_AddonUser
storeTpnCreation_IsoLogin_PrimaryUser
tpnCreation_IsoLogin_PrimaryUser
storeTpnCreation_IsoLogin_PrimaryUser
tpnCreation_IsoLogin_AddonUser
storeTpnCreation_IsoLogin_PrimaryUser
tpnCreation_AgentLogin_PrimaryUser
storeTpnCreation_IsoLogin_PrimaryUser
tpnCreation_AgentLogin_AddonUser
storeTpnCreation_IsoLogin_PrimaryUser
customFeeTxWithQPayNow_MerchantPrimaryLogin
storeTpnCreation_IsoLogin_PrimaryUser
surchargeFeeTxWithQPayNow_MerchantPrimaryLogin
storeTpnCreation_IsoLogin_PrimaryUser
customFeeTxWithQPaySendLink_MerchantPrimaryLogin
storeTpnCreation_IsoLogin_PrimaryUser
systemLoginDashboard
storeTpnCreation_IsoLogin_PrimaryUser
TransactionPageLoadingTest
storeTpnCreation_IsoLogin_AddonUser
MerchantCreation_IsoLogin_PrimaryUser_WithFeeProfile
storeTpnCreation_IsoLogin_AddonUser
merchantCreation_IsoLogin_PrimaryUser_WithoutFeeProfile
storeTpnCreation_IsoLogin_AddonUser
merchantCreation_IsoLogin_AddonUser_WithFeeProfile
storeTpnCreation_IsoLogin_AddonUser
merchantCreation_IsoLogin_AddonUser_WithoutFeeProfile
storeTpnCreation_IsoLogin_AddonUser
merchantCreation_AgentLogin_PrimaryUser_WithFee
storeTpnCreation_IsoLogin_AddonUser
merchantCreation_AgentLogin_PrimaryUser_WithoutFee
storeTpnCreation_IsoLogin_AddonUser
MerchantCreation_AgentLogin_AddonUser_WithFeeProfile
storeTpnCreation_IsoLogin_AddonUser
MerchantCreation_AgentLogin_AddonUser_WithoutFeeProfile
storeTpnCreation_IsoLogin_AddonUser
storeTpnCreation_IsoLogin_PrimaryUser
storeTpnCreation_IsoLogin_AddonUser
storeTpnCreation_IsoLogin_AddonUser
storeTpnCreation_IsoLogin_AddonUser
storeTpnCreation_AgentLogin_PrimaryUser
storeTpnCreation_IsoLogin_AddonUser
storeTpnCreation_AgentLogin_AddonUser
storeTpnCreation_IsoLogin_AddonUser
tpnCreation_IsoLogin_PrimaryUser
storeTpnCreation_IsoLogin_AddonUser
tpnCreation_IsoLogin_AddonUser
storeTpnCreation_IsoLogin_AddonUser
tpnCreation_AgentLogin_PrimaryUser
storeTpnCreation_IsoLogin_AddonUser
tpnCreation_AgentLogin_AddonUser
storeTpnCreation_IsoLogin_AddonUser
customFeeTxWithQPayNow_MerchantPrimaryLogin
storeTpnCreation_IsoLogin_AddonUser
surchargeFeeTxWithQPayNow_MerchantPrimaryLogin
storeTpnCreation_IsoLogin_AddonUser
customFeeTxWithQPaySendLink_MerchantPrimaryLogin
storeTpnCreation_IsoLogin_AddonUser
systemLoginDashboard
storeTpnCreation_IsoLogin_AddonUser
TransactionPageLoadingTest
storeTpnCreation_AgentLogin_PrimaryUser
MerchantCreation_IsoLogin_PrimaryUser_WithFeeProfile
storeTpnCreation_AgentLogin_PrimaryUser
merchantCreation_IsoLogin_PrimaryUser_WithoutFeeProfile
storeTpnCreation_AgentLogin_PrimaryUser
merchantCreation_IsoLogin_AddonUser_WithFeeProfile
storeTpnCreation_AgentLogin_PrimaryUser
merchantCreation_IsoLogin_AddonUser_WithoutFeeProfile
storeTpnCreation_AgentLogin_PrimaryUser
merchantCreation_AgentLogin_PrimaryUser_WithFee
storeTpnCreation_AgentLogin_PrimaryUser
merchantCreation_AgentLogin_PrimaryUser_WithoutFee
storeTpnCreation_AgentLogin_PrimaryUser
MerchantCreation_AgentLogin_AddonUser_WithFeeProfile
storeTpnCreation_AgentLogin_PrimaryUser
MerchantCreation_AgentLogin_AddonUser_WithoutFeeProfile
storeTpnCreation_AgentLogin_PrimaryUser
storeTpnCreation_IsoLogin_PrimaryUser
storeTpnCreation_AgentLogin_PrimaryUser
storeTpnCreation_IsoLogin_AddonUser
storeTpnCreation_AgentLogin_PrimaryUser
storeTpnCreation_AgentLogin_PrimaryUser
storeTpnCreation_AgentLogin_PrimaryUser
storeTpnCreation_AgentLogin_AddonUser
storeTpnCreation_AgentLogin_PrimaryUser
tpnCreation_IsoLogin_PrimaryUser
storeTpnCreation_AgentLogin_PrimaryUser
tpnCreation_IsoLogin_AddonUser
storeTpnCreation_AgentLogin_PrimaryUser
tpnCreation_AgentLogin_PrimaryUser
storeTpnCreation_AgentLogin_PrimaryUser
tpnCreation_AgentLogin_AddonUser
storeTpnCreation_AgentLogin_PrimaryUser
customFeeTxWithQPayNow_MerchantPrimaryLogin
storeTpnCreation_AgentLogin_PrimaryUser
surchargeFeeTxWithQPayNow_MerchantPrimaryLogin
storeTpnCreation_AgentLogin_PrimaryUser
customFeeTxWithQPaySendLink_MerchantPrimaryLogin
storeTpnCreation_AgentLogin_PrimaryUser
systemLoginDashboard
storeTpnCreation_AgentLogin_PrimaryUser
TransactionPageLoadingTest
storeTpnCreation_AgentLogin_AddonUser
MerchantCreation_IsoLogin_PrimaryUser_WithFeeProfile
storeTpnCreation_AgentLogin_AddonUser
merchantCreation_IsoLogin_PrimaryUser_WithoutFeeProfile
storeTpnCreation_AgentLogin_AddonUser
merchantCreation_IsoLogin_AddonUser_WithFeeProfile
storeTpnCreation_AgentLogin_AddonUser
merchantCreation_IsoLogin_AddonUser_WithoutFeeProfile
storeTpnCreation_AgentLogin_AddonUser
merchantCreation_AgentLogin_PrimaryUser_WithFee
storeTpnCreation_AgentLogin_AddonUser
merchantCreation_AgentLogin_PrimaryUser_WithoutFee
storeTpnCreation_AgentLogin_AddonUser
MerchantCreation_AgentLogin_AddonUser_WithFeeProfile
storeTpnCreation_AgentLogin_AddonUser
MerchantCreation_AgentLogin_AddonUser_WithoutFeeProfile
storeTpnCreation_AgentLogin_AddonUser
storeTpnCreation_IsoLogin_PrimaryUser
storeTpnCreation_AgentLogin_AddonUser
storeTpnCreation_IsoLogin_AddonUser
storeTpnCreation_AgentLogin_AddonUser
storeTpnCreation_AgentLogin_PrimaryUser
storeTpnCreation_AgentLogin_AddonUser
storeTpnCreation_AgentLogin_AddonUser
storeTpnCreation_AgentLogin_AddonUser
tpnCreation_IsoLogin_PrimaryUser
storeTpnCreation_AgentLogin_AddonUser
tpnCreation_IsoLogin_AddonUser
storeTpnCreation_AgentLogin_AddonUser
tpnCreation_AgentLogin_PrimaryUser
storeTpnCreation_AgentLogin_AddonUser
tpnCreation_AgentLogin_AddonUser
storeTpnCreation_AgentLogin_AddonUser
customFeeTxWithQPayNow_MerchantPrimaryLogin
storeTpnCreation_AgentLogin_AddonUser
surchargeFeeTxWithQPayNow_MerchantPrimaryLogin
storeTpnCreation_AgentLogin_AddonUser
customFeeTxWithQPaySendLink_MerchantPrimaryLogin
storeTpnCreation_AgentLogin_AddonUser
systemLoginDashboard
storeTpnCreation_AgentLogin_AddonUser
TransactionPageLoadingTest
tpnCreation_IsoLogin_PrimaryUser
MerchantCreation_IsoLogin_PrimaryUser_WithFeeProfile
tpnCreation_IsoLogin_PrimaryUser
merchantCreation_IsoLogin_PrimaryUser_WithoutFeeProfile
tpnCreation_IsoLogin_PrimaryUser
merchantCreation_IsoLogin_AddonUser_WithFeeProfile
tpnCreation_IsoLogin_PrimaryUser
merchantCreation_IsoLogin_AddonUser_WithoutFeeProfile
tpnCreation_IsoLogin_PrimaryUser
merchantCreation_AgentLogin_PrimaryUser_WithFee
tpnCreation_IsoLogin_PrimaryUser
merchantCreation_AgentLogin_PrimaryUser_WithoutFee
tpnCreation_IsoLogin_PrimaryUser
MerchantCreation_AgentLogin_AddonUser_WithFeeProfile
tpnCreation_IsoLogin_PrimaryUser
MerchantCreation_AgentLogin_AddonUser_WithoutFeeProfile
tpnCreation_IsoLogin_PrimaryUser
storeTpnCreation_IsoLogin_PrimaryUser
tpnCreation_IsoLogin_PrimaryUser
storeTpnCreation_IsoLogin_AddonUser
tpnCreation_IsoLogin_PrimaryUser
storeTpnCreation_AgentLogin_PrimaryUser
tpnCreation_IsoLogin_PrimaryUser
storeTpnCreation_AgentLogin_AddonUser
tpnCreation_IsoLogin_PrimaryUser
tpnCreation_IsoLogin_PrimaryUser
tpnCreation_IsoLogin_PrimaryUser
tpnCreation_IsoLogin_AddonUser
tpnCreation_IsoLogin_PrimaryUser
tpnCreation_AgentLogin_PrimaryUser
tpnCreation_IsoLogin_PrimaryUser
tpnCreation_AgentLogin_AddonUser
tpnCreation_IsoLogin_PrimaryUser
customFeeTxWithQPayNow_MerchantPrimaryLogin
tpnCreation_IsoLogin_PrimaryUser
surchargeFeeTxWithQPayNow_MerchantPrimaryLogin
tpnCreation_IsoLogin_PrimaryUser
customFeeTxWithQPaySendLink_MerchantPrimaryLogin
tpnCreation_IsoLogin_PrimaryUser
systemLoginDashboard
tpnCreation_IsoLogin_PrimaryUser
TransactionPageLoadingTest
tpnCreation_IsoLogin_AddonUser
MerchantCreation_IsoLogin_PrimaryUser_WithFeeProfile
tpnCreation_IsoLogin_AddonUser
merchantCreation_IsoLogin_PrimaryUser_WithoutFeeProfile
tpnCreation_IsoLogin_AddonUser
merchantCreation_IsoLogin_AddonUser_WithFeeProfile
tpnCreation_IsoLogin_AddonUser
merchantCreation_IsoLogin_AddonUser_WithoutFeeProfile
tpnCreation_IsoLogin_AddonUser
merchantCreation_AgentLogin_PrimaryUser_WithFee
tpnCreation_IsoLogin_AddonUser
merchantCreation_AgentLogin_PrimaryUser_WithoutFee
tpnCreation_IsoLogin_AddonUser
MerchantCreation_AgentLogin_AddonUser_WithFeeProfile
tpnCreation_IsoLogin_AddonUser
MerchantCreation_AgentLogin_AddonUser_WithoutFeeProfile
tpnCreation_IsoLogin_AddonUser
storeTpnCreation_IsoLogin_PrimaryUser
tpnCreation_IsoLogin_AddonUser
storeTpnCreation_IsoLogin_AddonUser
tpnCreation_IsoLogin_AddonUser
storeTpnCreation_AgentLogin_PrimaryUser
tpnCreation_IsoLogin_AddonUser
storeTpnCreation_AgentLogin_AddonUser
tpnCreation_IsoLogin_AddonUser
tpnCreation_IsoLogin_PrimaryUser
tpnCreation_IsoLogin_AddonUser
tpnCreation_IsoLogin_AddonUser
tpnCreation_IsoLogin_AddonUser
tpnCreation_AgentLogin_PrimaryUser
tpnCreation_IsoLogin_AddonUser
tpnCreation_AgentLogin_AddonUser
tpnCreation_IsoLogin_AddonUser
customFeeTxWithQPayNow_MerchantPrimaryLogin
tpnCreation_IsoLogin_AddonUser
surchargeFeeTxWithQPayNow_MerchantPrimaryLogin
tpnCreation_IsoLogin_AddonUser
customFeeTxWithQPaySendLink_MerchantPrimaryLogin
tpnCreation_IsoLogin_AddonUser
systemLoginDashboard
tpnCreation_IsoLogin_AddonUser
TransactionPageLoadingTest
tpnCreation_AgentLogin_PrimaryUser
MerchantCreation_IsoLogin_PrimaryUser_WithFeeProfile
tpnCreation_AgentLogin_PrimaryUser
merchantCreation_IsoLogin_PrimaryUser_WithoutFeeProfile
tpnCreation_AgentLogin_PrimaryUser
merchantCreation_IsoLogin_AddonUser_WithFeeProfile
tpnCreation_AgentLogin_PrimaryUser
merchantCreation_IsoLogin_AddonUser_WithoutFeeProfile
tpnCreation_AgentLogin_PrimaryUser
merchantCreation_AgentLogin_PrimaryUser_WithFee
tpnCreation_AgentLogin_PrimaryUser
merchantCreation_AgentLogin_PrimaryUser_WithoutFee
tpnCreation_AgentLogin_PrimaryUser
MerchantCreation_AgentLogin_AddonUser_WithFeeProfile
tpnCreation_AgentLogin_PrimaryUser
MerchantCreation_AgentLogin_AddonUser_WithoutFeeProfile
tpnCreation_AgentLogin_PrimaryUser
storeTpnCreation_IsoLogin_PrimaryUser
tpnCreation_AgentLogin_PrimaryUser
storeTpnCreation_IsoLogin_AddonUser
tpnCreation_AgentLogin_PrimaryUser
storeTpnCreation_AgentLogin_PrimaryUser
tpnCreation_AgentLogin_PrimaryUser
storeTpnCreation_AgentLogin_AddonUser
tpnCreation_AgentLogin_PrimaryUser
tpnCreation_IsoLogin_PrimaryUser
tpnCreation_AgentLogin_PrimaryUser
tpnCreation_IsoLogin_AddonUser
tpnCreation_AgentLogin_PrimaryUser
tpnCreation_AgentLogin_PrimaryUser
tpnCreation_AgentLogin_PrimaryUser
tpnCreation_AgentLogin_AddonUser
tpnCreation_AgentLogin_PrimaryUser
customFeeTxWithQPayNow_MerchantPrimaryLogin
tpnCreation_AgentLogin_PrimaryUser
surchargeFeeTxWithQPayNow_MerchantPrimaryLogin
tpnCreation_AgentLogin_PrimaryUser
customFeeTxWithQPaySendLink_MerchantPrimaryLogin
tpnCreation_AgentLogin_PrimaryUser
systemLoginDashboard
tpnCreation_AgentLogin_PrimaryUser
TransactionPageLoadingTest
tpnCreation_AgentLogin_AddonUser
MerchantCreation_IsoLogin_PrimaryUser_WithFeeProfile
tpnCreation_AgentLogin_AddonUser
merchantCreation_IsoLogin_PrimaryUser_WithoutFeeProfile
tpnCreation_AgentLogin_AddonUser
merchantCreation_IsoLogin_AddonUser_WithFeeProfile
tpnCreation_AgentLogin_AddonUser
merchantCreation_IsoLogin_AddonUser_WithoutFeeProfile
tpnCreation_AgentLogin_AddonUser
merchantCreation_AgentLogin_PrimaryUser_WithFee
tpnCreation_AgentLogin_AddonUser
merchantCreation_AgentLogin_PrimaryUser_WithoutFee
tpnCreation_AgentLogin_AddonUser
MerchantCreation_AgentLogin_AddonUser_WithFeeProfile
tpnCreation_AgentLogin_AddonUser
MerchantCreation_AgentLogin_AddonUser_WithoutFeeProfile
tpnCreation_AgentLogin_AddonUser
storeTpnCreation_IsoLogin_PrimaryUser
tpnCreation_AgentLogin_AddonUser
storeTpnCreation_IsoLogin_AddonUser
tpnCreation_AgentLogin_AddonUser
storeTpnCreation_AgentLogin_PrimaryUser
tpnCreation_AgentLogin_AddonUser
storeTpnCreation_AgentLogin_AddonUser
tpnCreation_AgentLogin_AddonUser
tpnCreation_IsoLogin_PrimaryUser
tpnCreation_AgentLogin_AddonUser
tpnCreation_IsoLogin_AddonUser
tpnCreation_AgentLogin_AddonUser
tpnCreation_AgentLogin_PrimaryUser
tpnCreation_AgentLogin_AddonUser
tpnCreation_AgentLogin_AddonUser
tpnCreation_AgentLogin_AddonUser
customFeeTxWithQPayNow_MerchantPrimaryLogin
tpnCreation_AgentLogin_AddonUser
surchargeFeeTxWithQPayNow_MerchantPrimaryLogin
tpnCreation_AgentLogin_AddonUser
customFeeTxWithQPaySendLink_MerchantPrimaryLogin
tpnCreation_AgentLogin_AddonUser
systemLoginDashboard
tpnCreation_AgentLogin_AddonUser
TransactionPageLoadingTest
customFeeTxWithQPayNow_MerchantPrimaryLogin
MerchantCreation_IsoLogin_PrimaryUser_WithFeeProfile
customFeeTxWithQPayNow_MerchantPrimaryLogin
merchantCreation_IsoLogin_PrimaryUser_WithoutFeeProfile
customFeeTxWithQPayNow_MerchantPrimaryLogin
merchantCreation_IsoLogin_AddonUser_WithFeeProfile
customFeeTxWithQPayNow_MerchantPrimaryLogin
merchantCreation_IsoLogin_AddonUser_WithoutFeeProfile
customFeeTxWithQPayNow_MerchantPrimaryLogin
merchantCreation_AgentLogin_PrimaryUser_WithFee
customFeeTxWithQPayNow_MerchantPrimaryLogin
merchantCreation_AgentLogin_PrimaryUser_WithoutFee
customFeeTxWithQPayNow_MerchantPrimaryLogin
MerchantCreation_AgentLogin_AddonUser_WithFeeProfile
customFeeTxWithQPayNow_MerchantPrimaryLogin
MerchantCreation_AgentLogin_AddonUser_WithoutFeeProfile
customFeeTxWithQPayNow_MerchantPrimaryLogin
storeTpnCreation_IsoLogin_PrimaryUser
customFeeTxWithQPayNow_MerchantPrimaryLogin
storeTpnCreation_IsoLogin_AddonUser
customFeeTxWithQPayNow_MerchantPrimaryLogin
storeTpnCreation_AgentLogin_PrimaryUser
customFeeTxWithQPayNow_MerchantPrimaryLogin
storeTpnCreation_AgentLogin_AddonUser
customFeeTxWithQPayNow_MerchantPrimaryLogin
tpnCreation_IsoLogin_PrimaryUser
customFeeTxWithQPayNow_MerchantPrimaryLogin
tpnCreation_IsoLogin_AddonUser
customFeeTxWithQPayNow_MerchantPrimaryLogin
tpnCreation_AgentLogin_PrimaryUser
customFeeTxWithQPayNow_MerchantPrimaryLogin
tpnCreation_AgentLogin_AddonUser
customFeeTxWithQPayNow_MerchantPrimaryLogin
customFeeTxWithQPayNow_MerchantPrimaryLogin
customFeeTxWithQPayNow_MerchantPrimaryLogin
surchargeFeeTxWithQPayNow_MerchantPrimaryLogin
customFeeTxWithQPayNow_MerchantPrimaryLogin
customFeeTxWithQPaySendLink_MerchantPrimaryLogin
customFeeTxWithQPayNow_MerchantPrimaryLogin
systemLoginDashboard
customFeeTxWithQPayNow_MerchantPrimaryLogin
TransactionPageLoadingTest
surchargeFeeTxWithQPayNow_MerchantPrimaryLogin
MerchantCreation_IsoLogin_PrimaryUser_WithFeeProfile
surchargeFeeTxWithQPayNow_MerchantPrimaryLogin
merchantCreation_IsoLogin_PrimaryUser_WithoutFeeProfile
surchargeFeeTxWithQPayNow_MerchantPrimaryLogin
merchantCreation_IsoLogin_AddonUser_WithFeeProfile
surchargeFeeTxWithQPayNow_MerchantPrimaryLogin
merchantCreation_IsoLogin_AddonUser_WithoutFeeProfile
surchargeFeeTxWithQPayNow_MerchantPrimaryLogin
merchantCreation_AgentLogin_PrimaryUser_WithFee
surchargeFeeTxWithQPayNow_MerchantPrimaryLogin
merchantCreation_AgentLogin_PrimaryUser_WithoutFee
surchargeFeeTxWithQPayNow_MerchantPrimaryLogin
MerchantCreation_AgentLogin_AddonUser_WithFeeProfile
surchargeFeeTxWithQPayNow_MerchantPrimaryLogin
MerchantCreation_AgentLogin_AddonUser_WithoutFeeProfile
surchargeFeeTxWithQPayNow_MerchantPrimaryLogin
storeTpnCreation_IsoLogin_PrimaryUser
surchargeFeeTxWithQPayNow_MerchantPrimaryLogin
storeTpnCreation_IsoLogin_AddonUser
surchargeFeeTxWithQPayNow_MerchantPrimaryLogin
storeTpnCreation_AgentLogin_PrimaryUser
surchargeFeeTxWithQPayNow_MerchantPrimaryLogin
storeTpnCreation_AgentLogin_AddonUser
surchargeFeeTxWithQPayNow_MerchantPrimaryLogin
tpnCreation_IsoLogin_PrimaryUser
surchargeFeeTxWithQPayNow_MerchantPrimaryLogin
tpnCreation_IsoLogin_AddonUser
surchargeFeeTxWithQPayNow_MerchantPrimaryLogin
tpnCreation_AgentLogin_PrimaryUser
surchargeFeeTxWithQPayNow_MerchantPrimaryLogin
tpnCreation_AgentLogin_AddonUser
surchargeFeeTxWithQPayNow_MerchantPrimaryLogin
customFeeTxWithQPayNow_MerchantPrimaryLogin
surchargeFeeTxWithQPayNow_MerchantPrimaryLogin
surchargeFeeTxWithQPayNow_MerchantPrimaryLogin
surchargeFeeTxWithQPayNow_MerchantPrimaryLogin
customFeeTxWithQPaySendLink_MerchantPrimaryLogin
surchargeFeeTxWithQPayNow_MerchantPrimaryLogin
systemLoginDashboard
surchargeFeeTxWithQPayNow_MerchantPrimaryLogin
TransactionPageLoadingTest
customFeeTxWithQPaySendLink_MerchantPrimaryLogin
MerchantCreation_IsoLogin_PrimaryUser_WithFeeProfile
customFeeTxWithQPaySendLink_MerchantPrimaryLogin
merchantCreation_IsoLogin_PrimaryUser_WithoutFeeProfile
customFeeTxWithQPaySendLink_MerchantPrimaryLogin
merchantCreation_IsoLogin_AddonUser_WithFeeProfile
customFeeTxWithQPaySendLink_MerchantPrimaryLogin
merchantCreation_IsoLogin_AddonUser_WithoutFeeProfile
customFeeTxWithQPaySendLink_MerchantPrimaryLogin
merchantCreation_AgentLogin_PrimaryUser_WithFee
customFeeTxWithQPaySendLink_MerchantPrimaryLogin
merchantCreation_AgentLogin_PrimaryUser_WithoutFee
customFeeTxWithQPaySendLink_MerchantPrimaryLogin
MerchantCreation_AgentLogin_AddonUser_WithFeeProfile
customFeeTxWithQPaySendLink_MerchantPrimaryLogin
MerchantCreation_AgentLogin_AddonUser_WithoutFeeProfile
customFeeTxWithQPaySendLink_MerchantPrimaryLogin
storeTpnCreation_IsoLogin_PrimaryUser
customFeeTxWithQPaySendLink_MerchantPrimaryLogin
storeTpnCreation_IsoLogin_AddonUser
customFeeTxWithQPaySendLink_MerchantPrimaryLogin
storeTpnCreation_AgentLogin_PrimaryUser
customFeeTxWithQPaySendLink_MerchantPrimaryLogin
storeTpnCreation_AgentLogin_AddonUser
customFeeTxWithQPaySendLink_MerchantPrimaryLogin
tpnCreation_IsoLogin_PrimaryUser
customFeeTxWithQPaySendLink_MerchantPrimaryLogin
tpnCreation_IsoLogin_AddonUser
customFeeTxWithQPaySendLink_MerchantPrimaryLogin
tpnCreation_AgentLogin_PrimaryUser
customFeeTxWithQPaySendLink_MerchantPrimaryLogin
tpnCreation_AgentLogin_AddonUser
customFeeTxWithQPaySendLink_MerchantPrimaryLogin
customFeeTxWithQPayNow_MerchantPrimaryLogin
customFeeTxWithQPaySendLink_MerchantPrimaryLogin
surchargeFeeTxWithQPayNow_MerchantPrimaryLogin
customFeeTxWithQPaySendLink_MerchantPrimaryLogin
customFeeTxWithQPaySendLink_MerchantPrimaryLogin
customFeeTxWithQPaySendLink_MerchantPrimaryLogin
systemLoginDashboard
customFeeTxWithQPaySendLink_MerchantPrimaryLogin
TransactionPageLoadingTest
systemLoginDashboard
MerchantCreation_IsoLogin_PrimaryUser_WithFeeProfile
systemLoginDashboard
merchantCreation_IsoLogin_PrimaryUser_WithoutFeeProfile
systemLoginDashboard
merchantCreation_IsoLogin_AddonUser_WithFeeProfile
systemLoginDashboard
merchantCreation_IsoLogin_AddonUser_WithoutFeeProfile
systemLoginDashboard
merchantCreation_AgentLogin_PrimaryUser_WithFee
systemLoginDashboard
merchantCreation_AgentLogin_PrimaryUser_WithoutFee
systemLoginDashboard
MerchantCreation_AgentLogin_AddonUser_WithFeeProfile
systemLoginDashboard
MerchantCreation_AgentLogin_AddonUser_WithoutFeeProfile
systemLoginDashboard
storeTpnCreation_IsoLogin_PrimaryUser
systemLoginDashboard
storeTpnCreation_IsoLogin_AddonUser
systemLoginDashboard
storeTpnCreation_AgentLogin_PrimaryUser
systemLoginDashboard
storeTpnCreation_AgentLogin_AddonUser
systemLoginDashboard
tpnCreation_IsoLogin_PrimaryUser
systemLoginDashboard
tpnCreation_IsoLogin_AddonUser
systemLoginDashboard
tpnCreation_AgentLogin_PrimaryUser
systemLoginDashboard
tpnCreation_AgentLogin_AddonUser
systemLoginDashboard
customFeeTxWithQPayNow_MerchantPrimaryLogin
systemLoginDashboard
surchargeFeeTxWithQPayNow_MerchantPrimaryLogin
systemLoginDashboard
customFeeTxWithQPaySendLink_MerchantPrimaryLogin
systemLoginDashboard
systemLoginDashboard
systemLoginDashboard
TransactionPageLoadingTest
TransactionPageLoadingTest
MerchantCreation_IsoLogin_PrimaryUser_WithFeeProfile
TransactionPageLoadingTest
merchantCreation_IsoLogin_PrimaryUser_WithoutFeeProfile
TransactionPageLoadingTest
merchantCreation_IsoLogin_AddonUser_WithFeeProfile
TransactionPageLoadingTest
merchantCreation_IsoLogin_AddonUser_WithoutFeeProfile
TransactionPageLoadingTest
merchantCreation_AgentLogin_PrimaryUser_WithFee
TransactionPageLoadingTest
merchantCreation_AgentLogin_PrimaryUser_WithoutFee
TransactionPageLoadingTest
MerchantCreation_AgentLogin_AddonUser_WithFeeProfile
TransactionPageLoadingTest
MerchantCreation_AgentLogin_AddonUser_WithoutFeeProfile
TransactionPageLoadingTest
storeTpnCreation_IsoLogin_PrimaryUser
TransactionPageLoadingTest
storeTpnCreation_IsoLogin_AddonUser
TransactionPageLoadingTest
storeTpnCreation_AgentLogin_PrimaryUser
TransactionPageLoadingTest
storeTpnCreation_AgentLogin_AddonUser
TransactionPageLoadingTest
tpnCreation_IsoLogin_PrimaryUser
TransactionPageLoadingTest
tpnCreation_IsoLogin_AddonUser
TransactionPageLoadingTest
tpnCreation_AgentLogin_PrimaryUser
TransactionPageLoadingTest
tpnCreation_AgentLogin_AddonUser
TransactionPageLoadingTest
customFeeTxWithQPayNow_MerchantPrimaryLogin
TransactionPageLoadingTest
surchargeFeeTxWithQPayNow_MerchantPrimaryLogin
TransactionPageLoadingTest
customFeeTxWithQPaySendLink_MerchantPrimaryLogin
TransactionPageLoadingTest
systemLoginDashboard
TransactionPageLoadingTest
TransactionPageLoadingTest
{SystemPrimaryPWD=Denovo@2021, SystemPrimaryEmail=bmurthy@denovosystem.com, Browser=Chrome}
]]></system-out>
    <system-err><![CDATA[SLF4J: Failed to load class "org.slf4j.impl.StaticLoggerBinder".
SLF4J: Defaulting to no-operation (NOP) logger implementation
SLF4J: See http://www.slf4j.org/codes.html#StaticLoggerBinder for further details.
Starting ChromeDriver 112.0.5615.49 (bd2a7bcb881c11e8cfe3078709382934e3916914-refs/branch-heads/5615@{#936}) on port 18503
Only local connections are allowed.
Please see https://chromedriver.chromium.org/security-considerations for suggestions on keeping ChromeDriver safe.
ChromeDriver was started successfully.
Apr 16, 2023 3:26:43 PM org.openqa.selenium.remote.ProtocolHandshake createSession
INFO: Detected dialect: W3C
]]></system-err>
  </testcase>
</testsuite>