<?xml version="1.0" encoding="UTF-8"?>
<!-- Generated by org.testng.reporters.JUnitReportReporter -->
<testsuite hostname="DESKTOP-2K98EE4" failures="0" tests="1" name="com.denovo.testscripts.QPayWithSendLinkCustomFeeTest" time="95.485" errors="0" timestamp="2023-04-04T15:41:21 IST" skipped="0">
  <testcase classname="com.denovo.testscripts.QPayWithSendLinkCustomFeeTest" name="ValidateCustomFeeAmtOnQPaySendLink" time="95.485"/>
  <system-out/>
</testsuite> <!-- com.denovo.testscripts.QPayWithSendLinkCustomFeeTest -->
