<?xml version="1.0" encoding="UTF-8"?>
<!-- Generated by org.testng.reporters.JUnitReportReporter -->
<testsuite hostname="DESKTOP-2K98EE4" failures="0" tests="1" name="com.denovo.testscripts.SystemLoginTransactionTest" time="31.301" errors="0" timestamp="2023-04-16T18:08:16 IST" skipped="0">
  <testcase classname="com.denovo.testscripts.SystemLoginTransactionTest" name="TransactionPageLoadingTest" time="31.301"/>
  <system-out/>
</testsuite> <!-- com.denovo.testscripts.SystemLoginTransactionTest -->
