<?xml version="1.0" encoding="UTF-8"?>
<!-- Generated by org.testng.reporters.JUnitReportReporter -->
<testsuite hostname="DESKTOP-2K98EE4" failures="0" tests="10" name="com.denovo.testscripts.LoginPageTest" time="3.524" errors="0" timestamp="2021-04-26T12:55:10 IST" skipped="0">
  <testcase classname="com.denovo.testscripts.LoginPageTest" name="validateloginpageTitle" time="0.159"/>
  <testcase classname="com.denovo.testscripts.LoginPageTest" name="validatedenovologo" time="0.155"/>
  <testcase classname="com.denovo.testscripts.LoginPageTest" name="validateRememberme" time="0.119"/>
  <testcase classname="com.denovo.testscripts.LoginPageTest" name="validateForgotlink" time="0.093"/>
  <testcase classname="com.denovo.testscripts.LoginPageTest" name="validateloginTest" time="0.381"/>
  <testcase classname="com.denovo.testscripts.LoginPageTest" name="validateloginTest" time="0.567"/>
  <testcase classname="com.denovo.testscripts.LoginPageTest" name="validateloginTest" time="0.354"/>
  <testcase classname="com.denovo.testscripts.LoginPageTest" name="validateloginTest" time="0.395"/>
  <testcase classname="com.denovo.testscripts.LoginPageTest" name="validateclickprofile" time="1.158"/>
  <testcase classname="com.denovo.testscripts.LoginPageTest" name="validatelogout" time="0.143"/>
</testsuite> <!-- com.denovo.testscripts.LoginPageTest -->
