<?xml version="1.0" encoding="UTF-8"?>
<!-- Generated by org.testng.reporters.JUnitReportReporter -->
<testsuite hostname="DESKTOP-2K98EE4" failures="0" tests="5" name="com.denovo.testscripts.LoginPageTest" time="0.259" errors="0" timestamp="2021-04-15T11:10:43 IST" skipped="0">
  <testcase classname="com.denovo.testscripts.LoginPageTest" name="validateloginpageTitle" time="0.052"/>
  <testcase classname="com.denovo.testscripts.LoginPageTest" name="validatedenovologo" time="0.048"/>
  <testcase classname="com.denovo.testscripts.LoginPageTest" name="validateRememberme" time="0.057"/>
  <testcase classname="com.denovo.testscripts.LoginPageTest" name="validateForgotlink" time="0.043"/>
  <testcase classname="com.denovo.testscripts.LoginPageTest" name="validateloginCorrectCredentialsTest" time="0.059"/>
</testsuite> <!-- com.denovo.testscripts.LoginPageTest -->
