<?xml version="1.0" encoding="UTF-8"?>
<!-- Generated by org.testng.reporters.JUnitReportReporter -->
<testsuite hostname="DESKTOP-2K98EE4" failures="0" tests="1" name="com.denovo.testscripts.SystemLoginDashboardTest" time="17.300" errors="0" timestamp="2023-04-18T19:47:29 IST" skipped="0">
  <testcase classname="com.denovo.testscripts.SystemLoginDashboardTest" name="systemLoginDashboard" time="17.300"/>
  <system-out/>
</testsuite> <!-- com.denovo.testscripts.SystemLoginDashboardTest -->
