<?xml version="1.0" encoding="UTF-8"?>
<!-- Generated by org.testng.reporters.JUnitReportReporter -->
<testsuite hostname="DESKTOP-2K98EE4" failures="0" tests="1" name="com.denovo.testscripts.SystemLoginTransactionTest" time="19.459" errors="0" timestamp="2023-04-18T20:53:56 IST" skipped="0">
  <testcase classname="com.denovo.testscripts.SystemLoginTransactionTest" name="TransactionPageLoadingTest" time="19.459"/>
  <system-out/>
</testsuite> <!-- com.denovo.testscripts.SystemLoginTransactionTest -->
