<?xml version="1.0" encoding="UTF-8"?>
<!-- Generated by org.testng.reporters.JUnitReportReporter -->
<testsuite hostname="DESKTOP-2K98EE4" failures="0" tests="3" name="com.denovo.testscripts.HomePageTest" time="0.133" errors="0" timestamp="2021-04-15T11:10:43 IST" skipped="0">
  <testcase classname="com.denovo.testscripts.HomePageTest" name="validatehomepageTitle" time="0.011"/>
  <testcase classname="com.denovo.testscripts.HomePageTest" name="validatehomepagelogo" time="0.039"/>
  <testcase classname="com.denovo.testscripts.HomePageTest" name="validateusermanagelink" time="0.083"/>
</testsuite> <!-- com.denovo.testscripts.HomePageTest -->
